{
    "meta": {
        "format": 3,
        "version": "7.10.2",
        "timestamp": "2025-09-28T22:44:16.705345",
        "branch_coverage": true,
        "show_contexts": true
    },
    "files": {
        "src/digitalmodel/__init__.py": {
            "executed_lines": [
                1,
                7
            ],
            "summary": {
                "covered_lines": 1,
                "num_statements": 1,
                "percent_covered": 100.0,
                "percent_covered_display": "100.00",
                "missing_lines": 0,
                "excluded_lines": 0,
                "num_branches": 0,
                "num_partial_branches": 0,
                "covered_branches": 0,
                "missing_branches": 0
            },
            "missing_lines": [],
            "excluded_lines": [],
            "contexts": {
                "1": [
                    "test"
                ],
                "7": [
                    "test"
                ]
            },
            "executed_branches": [],
            "missing_branches": [],
            "functions": {
                "": {
                    "executed_lines": [
                        1,
                        7
                    ],
                    "summary": {
                        "covered_lines": 1,
                        "num_statements": 1,
                        "percent_covered": 100.0,
                        "percent_covered_display": "100.00",
                        "missing_lines": 0,
                        "excluded_lines": 0,
                        "num_branches": 0,
                        "num_partial_branches": 0,
                        "covered_branches": 0,
                        "missing_branches": 0
                    },
                    "missing_lines": [],
                    "excluded_lines": [],
                    "contexts": {
                        "1": [
                            "test"
                        ],
                        "7": [
                            "test"
                        ]
                    },
                    "executed_branches": [],
                    "missing_branches": []
                }
            },
            "classes": {
                "": {
                    "executed_lines": [
                        1,
                        7
                    ],
                    "summary": {
                        "covered_lines": 1,
                        "num_statements": 1,
                        "percent_covered": 100.0,
                        "percent_covered_display": "100.00",
                        "missing_lines": 0,
                        "excluded_lines": 0,
                        "num_branches": 0,
                        "num_partial_branches": 0,
                        "covered_branches": 0,
                        "missing_branches": 0
                    },
                    "missing_lines": [],
                    "excluded_lines": [],
                    "contexts": {
                        "1": [
                            "test"
                        ],
                        "7": [
                            "test"
                        ]
                    },
                    "executed_branches": [],
                    "missing_branches": []
                }
            }
        },
        "src/digitalmodel/__main__.py": {
            "executed_lines": [],
            "summary": {
                "covered_lines": 0,
                "num_statements": 2,
                "percent_covered": 0.0,
                "percent_covered_display": "0.00",
                "missing_lines": 2,
                "excluded_lines": 0,
                "num_branches": 0,
                "num_partial_branches": 0,
                "covered_branches": 0,
                "missing_branches": 0
            },
            "missing_lines": [
                23,
                25
            ],
            "excluded_lines": [],
            "contexts": {},
            "executed_branches": [],
            "missing_branches": [],
            "functions": {
                "": {
                    "executed_lines": [],
                    "summary": {
                        "covered_lines": 0,
                        "num_statements": 2,
                        "percent_covered": 0.0,
                        "percent_covered_display": "0.00",
                        "missing_lines": 2,
                        "excluded_lines": 0,
                        "num_branches": 0,
                        "num_partial_branches": 0,
                        "covered_branches": 0,
                        "missing_branches": 0
                    },
                    "missing_lines": [
                        23,
                        25
                    ],
                    "excluded_lines": [],
                    "contexts": {},
                    "executed_branches": [],
                    "missing_branches": []
                }
            },
            "classes": {
                "": {
                    "executed_lines": [],
                    "summary": {
                        "covered_lines": 0,
                        "num_statements": 2,
                        "percent_covered": 0.0,
                        "percent_covered_display": "0.00",
                        "missing_lines": 2,
                        "excluded_lines": 0,
                        "num_branches": 0,
                        "num_partial_branches": 0,
                        "covered_branches": 0,
                        "missing_branches": 0
                    },
                    "missing_lines": [
                        23,
                        25
                    ],
                    "excluded_lines": [],
                    "contexts": {},
                    "executed_branches": [],
                    "missing_branches": []
                }
            }
        },
        "src/digitalmodel/analysis/__init__.py": {
            "executed_lines": [
                2,
                8,
                9,
                12,
                13,
                18,
                23,
                30,
                31,
                33,
                34,
                36,
                39,
                40
            ],
            "summary": {
                "covered_lines": 13,
                "num_statements": 18,
                "percent_covered": 70.0,
                "percent_covered_display": "70.00",
                "missing_lines": 5,
                "excluded_lines": 0,
                "num_branches": 2,
                "num_partial_branches": 1,
                "covered_branches": 1,
                "missing_branches": 1
            },
            "missing_lines": [
                24,
                25,
                26,
                27,
                32
            ],
            "excluded_lines": [],
            "contexts": {
                "2": [
                    "test"
                ],
                "8": [
                    "test"
                ],
                "9": [
                    "test"
                ],
                "12": [
                    "test"
                ],
                "13": [
                    "test"
                ],
                "18": [
                    "test"
                ],
                "23": [
                    "test"
                ],
                "30": [
                    "test"
                ],
                "31": [
                    "test"
                ],
                "33": [
                    "test"
                ],
                "34": [
                    "test"
                ],
                "36": [
                    "test"
                ],
                "39": [
                    "test"
                ],
                "40": [
                    "test"
                ]
            },
            "executed_branches": [
                [
                    39,
                    40
                ]
            ],
            "missing_branches": [
                [
                    39,
                    -1
                ]
            ],
            "functions": {
                "": {
                    "executed_lines": [
                        2,
                        8,
                        9,
                        12,
                        13,
                        18,
                        23,
                        30,
                        31,
                        33,
                        34,
                        36,
                        39,
                        40
                    ],
                    "summary": {
                        "covered_lines": 13,
                        "num_statements": 18,
                        "percent_covered": 70.0,
                        "percent_covered_display": "70.00",
                        "missing_lines": 5,
                        "excluded_lines": 0,
                        "num_branches": 2,
                        "num_partial_branches": 1,
                        "covered_branches": 1,
                        "missing_branches": 1
                    },
                    "missing_lines": [
                        24,
                        25,
                        26,
                        27,
                        32
                    ],
                    "excluded_lines": [],
                    "contexts": {
                        "2": [
                            "test"
                        ],
                        "8": [
                            "test"
                        ],
                        "9": [
                            "test"
                        ],
                        "12": [
                            "test"
                        ],
                        "13": [
                            "test"
                        ],
                        "18": [
                            "test"
                        ],
                        "23": [
                            "test"
                        ],
                        "30": [
                            "test"
                        ],
                        "31": [
                            "test"
                        ],
                        "33": [
                            "test"
                        ],
                        "34": [
                            "test"
                        ],
                        "36": [
                            "test"
                        ],
                        "39": [
                            "test"
                        ],
                        "40": [
                            "test"
                        ]
                    },
                    "executed_branches": [
                        [
                            39,
                            40
                        ]
                    ],
                    "missing_branches": [
                        [
                            39,
                            -1
                        ]
                    ]
                }
            },
            "classes": {
                "": {
                    "executed_lines": [
                        2,
                        8,
                        9,
                        12,
                        13,
                        18,
                        23,
                        30,
                        31,
                        33,
                        34,
                        36,
                        39,
                        40
                    ],
                    "summary": {
                        "covered_lines": 13,
                        "num_statements": 18,
                        "percent_covered": 70.0,
                        "percent_covered_display": "70.00",
                        "missing_lines": 5,
                        "excluded_lines": 0,
                        "num_branches": 2,
                        "num_partial_branches": 1,
                        "covered_branches": 1,
                        "missing_branches": 1
                    },
                    "missing_lines": [
                        24,
                        25,
                        26,
                        27,
                        32
                    ],
                    "excluded_lines": [],
                    "contexts": {
                        "2": [
                            "test"
                        ],
                        "8": [
                            "test"
                        ],
                        "9": [
                            "test"
                        ],
                        "12": [
                            "test"
                        ],
                        "13": [
                            "test"
                        ],
                        "18": [
                            "test"
                        ],
                        "23": [
                            "test"
                        ],
                        "30": [
                            "test"
                        ],
                        "31": [
                            "test"
                        ],
                        "33": [
                            "test"
                        ],
                        "34": [
                            "test"
                        ],
                        "36": [
                            "test"
                        ],
                        "39": [
                            "test"
                        ],
                        "40": [
                            "test"
                        ]
                    },
                    "executed_branches": [
                        [
                            39,
                            40
                        ]
                    ],
                    "missing_branches": [
                        [
                            39,
                            -1
                        ]
                    ]
                }
            }
        },
        "src/digitalmodel/analysis/multi_plate_analyzer.py": {
            "executed_lines": [
                1,
                13,
                14,
                15,
                16,
                17,
                18,
                20,
                25,
                28,
                29,
                30,
                32,
                33,
                34,
                35,
                36,
                37,
                40,
                41,
                42,
                44,
                45,
                46,
                47,
                50,
                51,
                58,
                65,
                78,
                106,
                124,
                128,
                199,
                206,
                250,
                313,
                370,
                437,
                534
            ],
            "summary": {
                "covered_lines": 35,
                "num_statements": 167,
                "percent_covered": 18.32460732984293,
                "percent_covered_display": "18.32",
                "missing_lines": 132,
                "excluded_lines": 31,
                "num_branches": 24,
                "num_partial_branches": 0,
                "covered_branches": 0,
                "missing_branches": 24
            },
            "missing_lines": [
                60,
                61,
                72,
                75,
                88,
                89,
                91,
                99,
                102,
                104,
                116,
                117,
                119,
                122,
                126,
                135,
                136,
                140,
                141,
                142,
                145,
                146,
                147,
                154,
                155,
                158,
                164,
                165,
                168,
                169,
                173,
                176,
                179,
                180,
                192,
                194,
                197,
                201,
                202,
                204,
                216,
                217,
                219,
                221,
                222,
                223,
                229,
                230,
                231,
                232,
                238,
                240,
                242,
                245,
                246,
                248,
                257,
                258,
                260,
                262,
                263,
                266,
                274,
                277,
                278,
                279,
                280,
                282,
                289,
                309,
                320,
                321,
                323,
                325,
                326,
                327,
                330,
                331,
                332,
                335,
                336,
                337,
                338,
                339,
                340,
                341,
                342,
                345,
                346,
                347,
                348,
                349,
                350,
                356,
                358,
                361,
                362,
                363,
                364,
                365,
                366,
                377,
                379,
                380,
                381,
                383,
                385,
                386,
                387,
                389,
                392,
                393,
                406,
                407,
                414,
                415,
                420,
                428,
                432,
                434,
                444,
                449,
                464,
                479,
                494,
                509,
                524,
                525,
                526,
                527,
                528,
                530
            ],
            "excluded_lines": [
                63,
                73,
                76,
                100,
                103,
                118,
                121,
                138,
                171,
                174,
                195,
                311,
                368,
                388,
                430,
                433,
                534,
                536,
                539,
                542,
                545,
                546,
                547,
                548,
                550,
                551,
                554,
                555,
                556,
                557,
                558
            ],
            "contexts": {
                "50": [
                    "test"
                ],
                "40": [
                    "test"
                ],
                "28": [
                    "test"
                ],
                "1": [
                    "test"
                ],
                "13": [
                    "test"
                ],
                "14": [
                    "test"
                ],
                "15": [
                    "test"
                ],
                "16": [
                    "test"
                ],
                "17": [
                    "test"
                ],
                "18": [
                    "test"
                ],
                "20": [
                    "test"
                ],
                "25": [
                    "test"
                ],
                "29": [
                    "test"
                ],
                "30": [
                    "test"
                ],
                "32": [
                    "test"
                ],
                "33": [
                    "test"
                ],
                "34": [
                    "test"
                ],
                "35": [
                    "test"
                ],
                "36": [
                    "test"
                ],
                "37": [
                    "test"
                ],
                "41": [
                    "test"
                ],
                "42": [
                    "test"
                ],
                "44": [
                    "test"
                ],
                "45": [
                    "test"
                ],
                "46": [
                    "test"
                ],
                "47": [
                    "test"
                ],
                "51": [
                    "test"
                ],
                "437": [
                    "test"
                ],
                "58": [
                    "test"
                ],
                "65": [
                    "test"
                ],
                "79": [
                    "test"
                ],
                "78": [
                    "test"
                ],
                "106": [
                    "test"
                ],
                "124": [
                    "test"
                ],
                "128": [
                    "test"
                ],
                "199": [
                    "test"
                ],
                "206": [
                    "test"
                ],
                "250": [
                    "test"
                ],
                "313": [
                    "test"
                ],
                "370": [
                    "test"
                ],
                "534": [
                    "test"
                ]
            },
            "executed_branches": [],
            "missing_branches": [
                [
                    145,
                    146
                ],
                [
                    145,
                    179
                ],
                [
                    179,
                    180
                ],
                [
                    179,
                    194
                ],
                [
                    201,
                    202
                ],
                [
                    201,
                    204
                ],
                [
                    216,
                    217
                ],
                [
                    216,
                    219
                ],
                [
                    221,
                    222
                ],
                [
                    221,
                    245
                ],
                [
                    222,
                    223
                ],
                [
                    222,
                    229
                ],
                [
                    229,
                    230
                ],
                [
                    229,
                    231
                ],
                [
                    231,
                    232
                ],
                [
                    231,
                    240
                ],
                [
                    257,
                    258
                ],
                [
                    257,
                    260
                ],
                [
                    320,
                    321
                ],
                [
                    320,
                    323
                ],
                [
                    345,
                    346
                ],
                [
                    345,
                    361
                ],
                [
                    348,
                    349
                ],
                [
                    348,
                    358
                ]
            ],
            "functions": {
                "MultiPlateAnalyzer.__init__": {
                    "executed_lines": [],
                    "summary": {
                        "covered_lines": 0,
                        "num_statements": 2,
                        "percent_covered": 0.0,
                        "percent_covered_display": "0.00",
                        "missing_lines": 2,
                        "excluded_lines": 1,
                        "num_branches": 0,
                        "num_partial_branches": 0,
                        "covered_branches": 0,
                        "missing_branches": 0
                    },
                    "missing_lines": [
                        60,
                        61
                    ],
                    "excluded_lines": [
                        63
                    ],
                    "contexts": {
                        "50": [
                            "test"
                        ],
                        "40": [
                            "test"
                        ],
                        "28": [
                            "test"
                        ],
                        "1": [
                            "test"
                        ],
                        "13": [
                            "test"
                        ],
                        "14": [
                            "test"
                        ],
                        "15": [
                            "test"
                        ],
                        "16": [
                            "test"
                        ],
                        "17": [
                            "test"
                        ],
                        "18": [
                            "test"
                        ],
                        "20": [
                            "test"
                        ],
                        "25": [
                            "test"
                        ],
                        "29": [
                            "test"
                        ],
                        "30": [
                            "test"
                        ],
                        "32": [
                            "test"
                        ],
                        "33": [
                            "test"
                        ],
                        "34": [
                            "test"
                        ],
                        "35": [
                            "test"
                        ],
                        "36": [
                            "test"
                        ],
                        "37": [
                            "test"
                        ],
                        "41": [
                            "test"
                        ],
                        "42": [
                            "test"
                        ],
                        "44": [
                            "test"
                        ],
                        "45": [
                            "test"
                        ],
                        "46": [
                            "test"
                        ],
                        "47": [
                            "test"
                        ],
                        "51": [
                            "test"
                        ],
                        "437": [
                            "test"
                        ],
                        "58": [
                            "test"
                        ],
                        "65": [
                            "test"
                        ],
                        "79": [
                            "test"
                        ],
                        "78": [
                            "test"
                        ],
                        "106": [
                            "test"
                        ],
                        "124": [
                            "test"
                        ],
                        "128": [
                            "test"
                        ],
                        "199": [
                            "test"
                        ],
                        "206": [
                            "test"
                        ],
                        "250": [
                            "test"
                        ],
                        "313": [
                            "test"
                        ],
                        "370": [
                            "test"
                        ],
                        "534": [
                            "test"
                        ]
                    },
                    "executed_branches": [],
                    "missing_branches": []
                },
                "MultiPlateAnalyzer.add_plate": {
                    "executed_lines": [],
                    "summary": {
                        "covered_lines": 0,
                        "num_statements": 2,
                        "percent_covered": 0.0,
                        "percent_covered_display": "0.00",
                        "missing_lines": 2,
                        "excluded_lines": 2,
                        "num_branches": 0,
                        "num_partial_branches": 0,
                        "covered_branches": 0,
                        "missing_branches": 0
                    },
                    "missing_lines": [
                        72,
                        75
                    ],
                    "excluded_lines": [
                        73,
                        76
                    ],
                    "contexts": {
                        "50": [
                            "test"
                        ],
                        "40": [
                            "test"
                        ],
                        "28": [
                            "test"
                        ],
                        "1": [
                            "test"
                        ],
                        "13": [
                            "test"
                        ],
                        "14": [
                            "test"
                        ],
                        "15": [
                            "test"
                        ],
                        "16": [
                            "test"
                        ],
                        "17": [
                            "test"
                        ],
                        "18": [
                            "test"
                        ],
                        "20": [
                            "test"
                        ],
                        "25": [
                            "test"
                        ],
                        "29": [
                            "test"
                        ],
                        "30": [
                            "test"
                        ],
                        "32": [
                            "test"
                        ],
                        "33": [
                            "test"
                        ],
                        "34": [
                            "test"
                        ],
                        "35": [
                            "test"
                        ],
                        "36": [
                            "test"
                        ],
                        "37": [
                            "test"
                        ],
                        "41": [
                            "test"
                        ],
                        "42": [
                            "test"
                        ],
                        "44": [
                            "test"
                        ],
                        "45": [
                            "test"
                        ],
                        "46": [
                            "test"
                        ],
                        "47": [
                            "test"
                        ],
                        "51": [
                            "test"
                        ],
                        "437": [
                            "test"
                        ],
                        "58": [
                            "test"
                        ],
                        "65": [
                            "test"
                        ],
                        "79": [
                            "test"
                        ],
                        "78": [
                            "test"
                        ],
                        "106": [
                            "test"
                        ],
                        "124": [
                            "test"
                        ],
                        "128": [
                            "test"
                        ],
                        "199": [
                            "test"
                        ],
                        "206": [
                            "test"
                        ],
                        "250": [
                            "test"
                        ],
                        "313": [
                            "test"
                        ],
                        "370": [
                            "test"
                        ],
                        "534": [
                            "test"
                        ]
                    },
                    "executed_branches": [],
                    "missing_branches": []
                },
                "MultiPlateAnalyzer.add_plate_from_legacy_data": {
                    "executed_lines": [],
                    "summary": {
                        "covered_lines": 0,
                        "num_statements": 6,
                        "percent_covered": 0.0,
                        "percent_covered_display": "0.00",
                        "missing_lines": 6,
                        "excluded_lines": 2,
                        "num_branches": 0,
                        "num_partial_branches": 0,
                        "covered_branches": 0,
                        "missing_branches": 0
                    },
                    "missing_lines": [
                        88,
                        89,
                        91,
                        99,
                        102,
                        104
                    ],
                    "excluded_lines": [
                        100,
                        103
                    ],
                    "contexts": {
                        "50": [
                            "test"
                        ],
                        "40": [
                            "test"
                        ],
                        "28": [
                            "test"
                        ],
                        "1": [
                            "test"
                        ],
                        "13": [
                            "test"
                        ],
                        "14": [
                            "test"
                        ],
                        "15": [
                            "test"
                        ],
                        "16": [
                            "test"
                        ],
                        "17": [
                            "test"
                        ],
                        "18": [
                            "test"
                        ],
                        "20": [
                            "test"
                        ],
                        "25": [
                            "test"
                        ],
                        "29": [
                            "test"
                        ],
                        "30": [
                            "test"
                        ],
                        "32": [
                            "test"
                        ],
                        "33": [
                            "test"
                        ],
                        "34": [
                            "test"
                        ],
                        "35": [
                            "test"
                        ],
                        "36": [
                            "test"
                        ],
                        "37": [
                            "test"
                        ],
                        "41": [
                            "test"
                        ],
                        "42": [
                            "test"
                        ],
                        "44": [
                            "test"
                        ],
                        "45": [
                            "test"
                        ],
                        "46": [
                            "test"
                        ],
                        "47": [
                            "test"
                        ],
                        "51": [
                            "test"
                        ],
                        "437": [
                            "test"
                        ],
                        "58": [
                            "test"
                        ],
                        "65": [
                            "test"
                        ],
                        "79": [
                            "test"
                        ],
                        "78": [
                            "test"
                        ],
                        "106": [
                            "test"
                        ],
                        "124": [
                            "test"
                        ],
                        "128": [
                            "test"
                        ],
                        "199": [
                            "test"
                        ],
                        "206": [
                            "test"
                        ],
                        "250": [
                            "test"
                        ],
                        "313": [
                            "test"
                        ],
                        "370": [
                            "test"
                        ],
                        "534": [
                            "test"
                        ]
                    },
                    "executed_branches": [],
                    "missing_branches": []
                },
                "MultiPlateAnalyzer.remove_plate": {
                    "executed_lines": [],
                    "summary": {
                        "covered_lines": 0,
                        "num_statements": 4,
                        "percent_covered": 0.0,
                        "percent_covered_display": "0.00",
                        "missing_lines": 4,
                        "excluded_lines": 2,
                        "num_branches": 0,
                        "num_partial_branches": 0,
                        "covered_branches": 0,
                        "missing_branches": 0
                    },
                    "missing_lines": [
                        116,
                        117,
                        119,
                        122
                    ],
                    "excluded_lines": [
                        118,
                        121
                    ],
                    "contexts": {
                        "50": [
                            "test"
                        ],
                        "40": [
                            "test"
                        ],
                        "28": [
                            "test"
                        ],
                        "1": [
                            "test"
                        ],
                        "13": [
                            "test"
                        ],
                        "14": [
                            "test"
                        ],
                        "15": [
                            "test"
                        ],
                        "16": [
                            "test"
                        ],
                        "17": [
                            "test"
                        ],
                        "18": [
                            "test"
                        ],
                        "20": [
                            "test"
                        ],
                        "25": [
                            "test"
                        ],
                        "29": [
                            "test"
                        ],
                        "30": [
                            "test"
                        ],
                        "32": [
                            "test"
                        ],
                        "33": [
                            "test"
                        ],
                        "34": [
                            "test"
                        ],
                        "35": [
                            "test"
                        ],
                        "36": [
                            "test"
                        ],
                        "37": [
                            "test"
                        ],
                        "41": [
                            "test"
                        ],
                        "42": [
                            "test"
                        ],
                        "44": [
                            "test"
                        ],
                        "45": [
                            "test"
                        ],
                        "46": [
                            "test"
                        ],
                        "47": [
                            "test"
                        ],
                        "51": [
                            "test"
                        ],
                        "437": [
                            "test"
                        ],
                        "58": [
                            "test"
                        ],
                        "65": [
                            "test"
                        ],
                        "79": [
                            "test"
                        ],
                        "78": [
                            "test"
                        ],
                        "106": [
                            "test"
                        ],
                        "124": [
                            "test"
                        ],
                        "128": [
                            "test"
                        ],
                        "199": [
                            "test"
                        ],
                        "206": [
                            "test"
                        ],
                        "250": [
                            "test"
                        ],
                        "313": [
                            "test"
                        ],
                        "370": [
                            "test"
                        ],
                        "534": [
                            "test"
                        ]
                    },
                    "executed_branches": [],
                    "missing_branches": []
                },
                "MultiPlateAnalyzer.get_plate_count": {
                    "executed_lines": [],
                    "summary": {
                        "covered_lines": 0,
                        "num_statements": 1,
                        "percent_covered": 0.0,
                        "percent_covered_display": "0.00",
                        "missing_lines": 1,
                        "excluded_lines": 0,
                        "num_branches": 0,
                        "num_partial_branches": 0,
                        "covered_branches": 0,
                        "missing_branches": 0
                    },
                    "missing_lines": [
                        126
                    ],
                    "excluded_lines": [],
                    "contexts": {
                        "50": [
                            "test"
                        ],
                        "40": [
                            "test"
                        ],
                        "28": [
                            "test"
                        ],
                        "1": [
                            "test"
                        ],
                        "13": [
                            "test"
                        ],
                        "14": [
                            "test"
                        ],
                        "15": [
                            "test"
                        ],
                        "16": [
                            "test"
                        ],
                        "17": [
                            "test"
                        ],
                        "18": [
                            "test"
                        ],
                        "20": [
                            "test"
                        ],
                        "25": [
                            "test"
                        ],
                        "29": [
                            "test"
                        ],
                        "30": [
                            "test"
                        ],
                        "32": [
                            "test"
                        ],
                        "33": [
                            "test"
                        ],
                        "34": [
                            "test"
                        ],
                        "35": [
                            "test"
                        ],
                        "36": [
                            "test"
                        ],
                        "37": [
                            "test"
                        ],
                        "41": [
                            "test"
                        ],
                        "42": [
                            "test"
                        ],
                        "44": [
                            "test"
                        ],
                        "45": [
                            "test"
                        ],
                        "46": [
                            "test"
                        ],
                        "47": [
                            "test"
                        ],
                        "51": [
                            "test"
                        ],
                        "437": [
                            "test"
                        ],
                        "58": [
                            "test"
                        ],
                        "65": [
                            "test"
                        ],
                        "79": [
                            "test"
                        ],
                        "78": [
                            "test"
                        ],
                        "106": [
                            "test"
                        ],
                        "124": [
                            "test"
                        ],
                        "128": [
                            "test"
                        ],
                        "199": [
                            "test"
                        ],
                        "206": [
                            "test"
                        ],
                        "250": [
                            "test"
                        ],
                        "313": [
                            "test"
                        ],
                        "370": [
                            "test"
                        ],
                        "534": [
                            "test"
                        ]
                    },
                    "executed_branches": [],
                    "missing_branches": []
                },
                "MultiPlateAnalyzer.analyze_all_plates": {
                    "executed_lines": [],
                    "summary": {
                        "covered_lines": 0,
                        "num_statements": 22,
                        "percent_covered": 0.0,
                        "percent_covered_display": "0.00",
                        "missing_lines": 22,
                        "excluded_lines": 4,
                        "num_branches": 4,
                        "num_partial_branches": 0,
                        "covered_branches": 0,
                        "missing_branches": 4
                    },
                    "missing_lines": [
                        135,
                        136,
                        140,
                        141,
                        142,
                        145,
                        146,
                        147,
                        154,
                        155,
                        158,
                        164,
                        165,
                        168,
                        169,
                        173,
                        176,
                        179,
                        180,
                        192,
                        194,
                        197
                    ],
                    "excluded_lines": [
                        138,
                        171,
                        174,
                        195
                    ],
                    "contexts": {
                        "50": [
                            "test"
                        ],
                        "40": [
                            "test"
                        ],
                        "28": [
                            "test"
                        ],
                        "1": [
                            "test"
                        ],
                        "13": [
                            "test"
                        ],
                        "14": [
                            "test"
                        ],
                        "15": [
                            "test"
                        ],
                        "16": [
                            "test"
                        ],
                        "17": [
                            "test"
                        ],
                        "18": [
                            "test"
                        ],
                        "20": [
                            "test"
                        ],
                        "25": [
                            "test"
                        ],
                        "29": [
                            "test"
                        ],
                        "30": [
                            "test"
                        ],
                        "32": [
                            "test"
                        ],
                        "33": [
                            "test"
                        ],
                        "34": [
                            "test"
                        ],
                        "35": [
                            "test"
                        ],
                        "36": [
                            "test"
                        ],
                        "37": [
                            "test"
                        ],
                        "41": [
                            "test"
                        ],
                        "42": [
                            "test"
                        ],
                        "44": [
                            "test"
                        ],
                        "45": [
                            "test"
                        ],
                        "46": [
                            "test"
                        ],
                        "47": [
                            "test"
                        ],
                        "51": [
                            "test"
                        ],
                        "437": [
                            "test"
                        ],
                        "58": [
                            "test"
                        ],
                        "65": [
                            "test"
                        ],
                        "79": [
                            "test"
                        ],
                        "78": [
                            "test"
                        ],
                        "106": [
                            "test"
                        ],
                        "124": [
                            "test"
                        ],
                        "128": [
                            "test"
                        ],
                        "199": [
                            "test"
                        ],
                        "206": [
                            "test"
                        ],
                        "250": [
                            "test"
                        ],
                        "313": [
                            "test"
                        ],
                        "370": [
                            "test"
                        ],
                        "534": [
                            "test"
                        ]
                    },
                    "executed_branches": [],
                    "missing_branches": [
                        [
                            145,
                            146
                        ],
                        [
                            145,
                            179
                        ],
                        [
                            179,
                            180
                        ],
                        [
                            179,
                            194
                        ]
                    ]
                },
                "MultiPlateAnalyzer.get_critical_plates": {
                    "executed_lines": [],
                    "summary": {
                        "covered_lines": 0,
                        "num_statements": 3,
                        "percent_covered": 0.0,
                        "percent_covered_display": "0.00",
                        "missing_lines": 3,
                        "excluded_lines": 0,
                        "num_branches": 2,
                        "num_partial_branches": 0,
                        "covered_branches": 0,
                        "missing_branches": 2
                    },
                    "missing_lines": [
                        201,
                        202,
                        204
                    ],
                    "excluded_lines": [],
                    "contexts": {
                        "50": [
                            "test"
                        ],
                        "40": [
                            "test"
                        ],
                        "28": [
                            "test"
                        ],
                        "1": [
                            "test"
                        ],
                        "13": [
                            "test"
                        ],
                        "14": [
                            "test"
                        ],
                        "15": [
                            "test"
                        ],
                        "16": [
                            "test"
                        ],
                        "17": [
                            "test"
                        ],
                        "18": [
                            "test"
                        ],
                        "20": [
                            "test"
                        ],
                        "25": [
                            "test"
                        ],
                        "29": [
                            "test"
                        ],
                        "30": [
                            "test"
                        ],
                        "32": [
                            "test"
                        ],
                        "33": [
                            "test"
                        ],
                        "34": [
                            "test"
                        ],
                        "35": [
                            "test"
                        ],
                        "36": [
                            "test"
                        ],
                        "37": [
                            "test"
                        ],
                        "41": [
                            "test"
                        ],
                        "42": [
                            "test"
                        ],
                        "44": [
                            "test"
                        ],
                        "45": [
                            "test"
                        ],
                        "46": [
                            "test"
                        ],
                        "47": [
                            "test"
                        ],
                        "51": [
                            "test"
                        ],
                        "437": [
                            "test"
                        ],
                        "58": [
                            "test"
                        ],
                        "65": [
                            "test"
                        ],
                        "79": [
                            "test"
                        ],
                        "78": [
                            "test"
                        ],
                        "106": [
                            "test"
                        ],
                        "124": [
                            "test"
                        ],
                        "128": [
                            "test"
                        ],
                        "199": [
                            "test"
                        ],
                        "206": [
                            "test"
                        ],
                        "250": [
                            "test"
                        ],
                        "313": [
                            "test"
                        ],
                        "370": [
                            "test"
                        ],
                        "534": [
                            "test"
                        ]
                    },
                    "executed_branches": [],
                    "missing_branches": [
                        [
                            201,
                            202
                        ],
                        [
                            201,
                            204
                        ]
                    ]
                },
                "MultiPlateAnalyzer.get_plate_ranking": {
                    "executed_lines": [],
                    "summary": {
                        "covered_lines": 0,
                        "num_statements": 16,
                        "percent_covered": 0.0,
                        "percent_covered_display": "0.00",
                        "missing_lines": 16,
                        "excluded_lines": 0,
                        "num_branches": 10,
                        "num_partial_branches": 0,
                        "covered_branches": 0,
                        "missing_branches": 10
                    },
                    "missing_lines": [
                        216,
                        217,
                        219,
                        221,
                        222,
                        223,
                        229,
                        230,
                        231,
                        232,
                        238,
                        240,
                        242,
                        245,
                        246,
                        248
                    ],
                    "excluded_lines": [],
                    "contexts": {
                        "50": [
                            "test"
                        ],
                        "40": [
                            "test"
                        ],
                        "28": [
                            "test"
                        ],
                        "1": [
                            "test"
                        ],
                        "13": [
                            "test"
                        ],
                        "14": [
                            "test"
                        ],
                        "15": [
                            "test"
                        ],
                        "16": [
                            "test"
                        ],
                        "17": [
                            "test"
                        ],
                        "18": [
                            "test"
                        ],
                        "20": [
                            "test"
                        ],
                        "25": [
                            "test"
                        ],
                        "29": [
                            "test"
                        ],
                        "30": [
                            "test"
                        ],
                        "32": [
                            "test"
                        ],
                        "33": [
                            "test"
                        ],
                        "34": [
                            "test"
                        ],
                        "35": [
                            "test"
                        ],
                        "36": [
                            "test"
                        ],
                        "37": [
                            "test"
                        ],
                        "41": [
                            "test"
                        ],
                        "42": [
                            "test"
                        ],
                        "44": [
                            "test"
                        ],
                        "45": [
                            "test"
                        ],
                        "46": [
                            "test"
                        ],
                        "47": [
                            "test"
                        ],
                        "51": [
                            "test"
                        ],
                        "437": [
                            "test"
                        ],
                        "58": [
                            "test"
                        ],
                        "65": [
                            "test"
                        ],
                        "79": [
                            "test"
                        ],
                        "78": [
                            "test"
                        ],
                        "106": [
                            "test"
                        ],
                        "124": [
                            "test"
                        ],
                        "128": [
                            "test"
                        ],
                        "199": [
                            "test"
                        ],
                        "206": [
                            "test"
                        ],
                        "250": [
                            "test"
                        ],
                        "313": [
                            "test"
                        ],
                        "370": [
                            "test"
                        ],
                        "534": [
                            "test"
                        ]
                    },
                    "executed_branches": [],
                    "missing_branches": [
                        [
                            216,
                            217
                        ],
                        [
                            216,
                            219
                        ],
                        [
                            221,
                            222
                        ],
                        [
                            221,
                            245
                        ],
                        [
                            222,
                            223
                        ],
                        [
                            222,
                            229
                        ],
                        [
                            229,
                            230
                        ],
                        [
                            229,
                            231
                        ],
                        [
                            231,
                            232
                        ],
                        [
                            231,
                            240
                        ]
                    ]
                },
                "MultiPlateAnalyzer.export_results_to_csv": {
                    "executed_lines": [],
                    "summary": {
                        "covered_lines": 0,
                        "num_statements": 14,
                        "percent_covered": 0.0,
                        "percent_covered_display": "0.00",
                        "missing_lines": 14,
                        "excluded_lines": 1,
                        "num_branches": 2,
                        "num_partial_branches": 0,
                        "covered_branches": 0,
                        "missing_branches": 2
                    },
                    "missing_lines": [
                        257,
                        258,
                        260,
                        262,
                        263,
                        266,
                        274,
                        277,
                        278,
                        279,
                        280,
                        282,
                        289,
                        309
                    ],
                    "excluded_lines": [
                        311
                    ],
                    "contexts": {
                        "50": [
                            "test"
                        ],
                        "40": [
                            "test"
                        ],
                        "28": [
                            "test"
                        ],
                        "1": [
                            "test"
                        ],
                        "13": [
                            "test"
                        ],
                        "14": [
                            "test"
                        ],
                        "15": [
                            "test"
                        ],
                        "16": [
                            "test"
                        ],
                        "17": [
                            "test"
                        ],
                        "18": [
                            "test"
                        ],
                        "20": [
                            "test"
                        ],
                        "25": [
                            "test"
                        ],
                        "29": [
                            "test"
                        ],
                        "30": [
                            "test"
                        ],
                        "32": [
                            "test"
                        ],
                        "33": [
                            "test"
                        ],
                        "34": [
                            "test"
                        ],
                        "35": [
                            "test"
                        ],
                        "36": [
                            "test"
                        ],
                        "37": [
                            "test"
                        ],
                        "41": [
                            "test"
                        ],
                        "42": [
                            "test"
                        ],
                        "44": [
                            "test"
                        ],
                        "45": [
                            "test"
                        ],
                        "46": [
                            "test"
                        ],
                        "47": [
                            "test"
                        ],
                        "51": [
                            "test"
                        ],
                        "437": [
                            "test"
                        ],
                        "58": [
                            "test"
                        ],
                        "65": [
                            "test"
                        ],
                        "79": [
                            "test"
                        ],
                        "78": [
                            "test"
                        ],
                        "106": [
                            "test"
                        ],
                        "124": [
                            "test"
                        ],
                        "128": [
                            "test"
                        ],
                        "199": [
                            "test"
                        ],
                        "206": [
                            "test"
                        ],
                        "250": [
                            "test"
                        ],
                        "313": [
                            "test"
                        ],
                        "370": [
                            "test"
                        ],
                        "534": [
                            "test"
                        ]
                    },
                    "executed_branches": [],
                    "missing_branches": [
                        [
                            257,
                            258
                        ],
                        [
                            257,
                            260
                        ]
                    ]
                },
                "MultiPlateAnalyzer.export_summary_report": {
                    "executed_lines": [],
                    "summary": {
                        "covered_lines": 0,
                        "num_statements": 31,
                        "percent_covered": 0.0,
                        "percent_covered_display": "0.00",
                        "missing_lines": 31,
                        "excluded_lines": 1,
                        "num_branches": 6,
                        "num_partial_branches": 0,
                        "covered_branches": 0,
                        "missing_branches": 6
                    },
                    "missing_lines": [
                        320,
                        321,
                        323,
                        325,
                        326,
                        327,
                        330,
                        331,
                        332,
                        335,
                        336,
                        337,
                        338,
                        339,
                        340,
                        341,
                        342,
                        345,
                        346,
                        347,
                        348,
                        349,
                        350,
                        356,
                        358,
                        361,
                        362,
                        363,
                        364,
                        365,
                        366
                    ],
                    "excluded_lines": [
                        368
                    ],
                    "contexts": {
                        "50": [
                            "test"
                        ],
                        "40": [
                            "test"
                        ],
                        "28": [
                            "test"
                        ],
                        "1": [
                            "test"
                        ],
                        "13": [
                            "test"
                        ],
                        "14": [
                            "test"
                        ],
                        "15": [
                            "test"
                        ],
                        "16": [
                            "test"
                        ],
                        "17": [
                            "test"
                        ],
                        "18": [
                            "test"
                        ],
                        "20": [
                            "test"
                        ],
                        "25": [
                            "test"
                        ],
                        "29": [
                            "test"
                        ],
                        "30": [
                            "test"
                        ],
                        "32": [
                            "test"
                        ],
                        "33": [
                            "test"
                        ],
                        "34": [
                            "test"
                        ],
                        "35": [
                            "test"
                        ],
                        "36": [
                            "test"
                        ],
                        "37": [
                            "test"
                        ],
                        "41": [
                            "test"
                        ],
                        "42": [
                            "test"
                        ],
                        "44": [
                            "test"
                        ],
                        "45": [
                            "test"
                        ],
                        "46": [
                            "test"
                        ],
                        "47": [
                            "test"
                        ],
                        "51": [
                            "test"
                        ],
                        "437": [
                            "test"
                        ],
                        "58": [
                            "test"
                        ],
                        "65": [
                            "test"
                        ],
                        "79": [
                            "test"
                        ],
                        "78": [
                            "test"
                        ],
                        "106": [
                            "test"
                        ],
                        "124": [
                            "test"
                        ],
                        "128": [
                            "test"
                        ],
                        "199": [
                            "test"
                        ],
                        "206": [
                            "test"
                        ],
                        "250": [
                            "test"
                        ],
                        "313": [
                            "test"
                        ],
                        "370": [
                            "test"
                        ],
                        "534": [
                            "test"
                        ]
                    },
                    "executed_branches": [],
                    "missing_branches": [
                        [
                            320,
                            321
                        ],
                        [
                            320,
                            323
                        ],
                        [
                            345,
                            346
                        ],
                        [
                            345,
                            361
                        ],
                        [
                            348,
                            349
                        ],
                        [
                            348,
                            358
                        ]
                    ]
                },
                "MultiPlateAnalyzer.load_plates_from_json": {
                    "executed_lines": [],
                    "summary": {
                        "covered_lines": 0,
                        "num_statements": 19,
                        "percent_covered": 0.0,
                        "percent_covered_display": "0.00",
                        "missing_lines": 19,
                        "excluded_lines": 3,
                        "num_branches": 0,
                        "num_partial_branches": 0,
                        "covered_branches": 0,
                        "missing_branches": 0
                    },
                    "missing_lines": [
                        377,
                        379,
                        380,
                        381,
                        383,
                        385,
                        386,
                        387,
                        389,
                        392,
                        393,
                        406,
                        407,
                        414,
                        415,
                        420,
                        428,
                        432,
                        434
                    ],
                    "excluded_lines": [
                        388,
                        430,
                        433
                    ],
                    "contexts": {
                        "50": [
                            "test"
                        ],
                        "40": [
                            "test"
                        ],
                        "28": [
                            "test"
                        ],
                        "1": [
[...]
                        ],
                        [
                            111,
                            112
                        ],
                        [
                            111,
                            114
                        ],
                        [
                            114,
                            115
                        ],
                        [
                            114,
                            117
                        ],
                        [
                            117,
                            118
                        ],
                        [
                            117,
                            122
                        ],
                        [
                            122,
                            123
                        ],
                        [
                            122,
                            128
                        ],
                        [
                            123,
                            124
                        ],
                        [
                            123,
                            125
                        ],
                        [
                            125,
                            126
                        ],
                        [
                            125,
                            127
                        ],
                        [
                            128,
                            129
                        ],
                        [
                            128,
                            131
                        ],
                        [
                            131,
                            132
                        ],
                        [
                            131,
                            135
                        ],
                        [
                            135,
                            136
                        ],
                        [
                            135,
                            138
                        ],
                        [
                            138,
                            139
                        ],
                        [
                            138,
                            141
                        ],
                        [
                            141,
                            142
                        ],
                        [
                            141,
                            144
                        ],
                        [
                            144,
                            145
                        ],
                        [
                            144,
                            147
                        ],
                        [
                            147,
                            148
                        ],
                        [
                            147,
                            150
                        ],
                        [
                            150,
                            151
                        ],
                        [
                            150,
                            153
                        ],
                        [
                            153,
                            154
                        ],
                        [
                            153,
                            156
                        ],
                        [
                            156,
                            157
                        ],
                        [
                            156,
                            159
                        ],
                        [
                            159,
                            160
                        ],
                        [
                            159,
                            162
                        ],
                        [
                            162,
                            163
                        ],
                        [
                            162,
                            166
                        ],
                        [
                            166,
                            167
                        ],
                        [
                            166,
                            170
                        ],
                        [
                            170,
                            171
                        ],
                        [
                            170,
                            174
                        ]
                    ]
                },
                "": {
                    "executed_lines": [],
                    "summary": {
                        "covered_lines": 0,
                        "num_statements": 31,
                        "percent_covered": 0.0,
                        "percent_covered_display": "0.00",
                        "missing_lines": 31,
                        "excluded_lines": 0,
                        "num_branches": 0,
                        "num_partial_branches": 0,
                        "covered_branches": 0,
                        "missing_branches": 0
                    },
                    "missing_lines": [
                        1,
                        2,
                        3,
                        4,
                        5,
                        8,
                        9,
                        10,
                        13,
                        16,
                        17,
                        18,
                        19,
                        20,
                        23,
                        24,
                        25,
                        28,
                        29,
                        30,
                        31,
                        32,
                        33,
                        34,
                        35,
                        36,
                        37,
                        39,
                        40,
                        41,
                        44
                    ],
                    "excluded_lines": [],
                    "contexts": {},
                    "executed_branches": [],
                    "missing_branches": []
                }
            },
            "classes": {
                "": {
                    "executed_lines": [],
                    "summary": {
                        "covered_lines": 0,
                        "num_statements": 144,
                        "percent_covered": 0.0,
                        "percent_covered_display": "0.00",
                        "missing_lines": 144,
                        "excluded_lines": 3,
                        "num_branches": 68,
                        "num_partial_branches": 0,
                        "covered_branches": 0,
                        "missing_branches": 68
                    },
                    "missing_lines": [
                        1,
                        2,
                        3,
                        4,
                        5,
                        8,
                        9,
                        10,
                        13,
                        16,
                        17,
                        18,
                        19,
                        20,
                        23,
                        24,
                        25,
                        28,
                        29,
                        30,
                        31,
                        32,
                        33,
                        34,
                        35,
                        36,
                        37,
                        39,
                        40,
                        41,
                        44,
                        45,
                        46,
                        47,
                        48,
                        49,
                        51,
                        52,
                        53,
                        54,
                        56,
                        57,
                        59,
                        60,
                        61,
                        62,
                        64,
                        66,
                        67,
                        68,
                        70,
                        71,
                        72,
                        73,
                        74,
                        75,
                        79,
                        82,
                        83,
                        84,
                        85,
                        86,
                        87,
                        88,
                        92,
                        93,
                        95,
                        96,
                        97,
                        98,
                        99,
                        100,
                        101,
                        102,
                        103,
                        104,
                        105,
                        106,
                        107,
                        108,
                        109,
                        110,
                        111,
                        112,
                        113,
                        114,
                        115,
                        116,
                        117,
                        118,
                        120,
                        121,
                        122,
                        123,
                        124,
                        125,
                        126,
                        127,
                        128,
                        129,
                        130,
                        131,
                        132,
                        133,
                        134,
                        135,
                        136,
                        137,
                        138,
                        139,
                        140,
                        141,
                        142,
                        143,
                        144,
                        145,
                        146,
                        147,
                        148,
                        149,
                        150,
                        151,
                        152,
                        153,
                        154,
                        155,
                        156,
                        157,
                        158,
                        159,
                        160,
                        161,
                        162,
                        163,
                        164,
                        166,
                        167,
                        168,
                        170,
                        171,
                        172,
                        174,
                        177,
                        179
                    ],
                    "excluded_lines": [
                        55,
                        90,
                        176
                    ],
                    "contexts": {},
                    "executed_branches": [],
                    "missing_branches": [
                        [
                            46,
                            47
                        ],
                        [
                            46,
                            59
                        ],
                        [
                            56,
                            57
                        ],
                        [
                            56,
                            59
                        ],
                        [
                            59,
                            60
                        ],
                        [
                            59,
                            61
                        ],
                        [
                            61,
                            62
                        ],
                        [
                            61,
                            64
                        ],
                        [
                            66,
                            67
                        ],
                        [
                            66,
                            79
                        ],
                        [
                            70,
                            71
                        ],
                        [
                            70,
                            72
                        ],
                        [
                            72,
                            73
                        ],
                        [
                            72,
                            74
                        ],
                        [
                            83,
                            84
                        ],
                        [
                            83,
                            86
                        ],
                        [
                            92,
                            93
                        ],
                        [
                            92,
                            97
                        ],
                        [
                            97,
                            98
                        ],
                        [
                            97,
                            99
                        ],
                        [
                            99,
                            100
                        ],
                        [
                            99,
                            102
                        ],
                        [
                            102,
                            103
                        ],
                        [
                            102,
                            105
                        ],
                        [
                            105,
                            106
                        ],
                        [
                            105,
                            108
                        ],
                        [
                            108,
                            109
                        ],
                        [
                            108,
                            111
                        ],
                        [
                            111,
                            112
                        ],
                        [
                            111,
                            114
                        ],
                        [
                            114,
                            115
                        ],
                        [
                            114,
                            117
                        ],
                        [
                            117,
                            118
                        ],
                        [
                            117,
                            122
                        ],
                        [
                            122,
                            123
                        ],
                        [
                            122,
                            128
                        ],
                        [
                            123,
                            124
                        ],
                        [
                            123,
                            125
                        ],
                        [
                            125,
                            126
                        ],
                        [
                            125,
                            127
                        ],
                        [
                            128,
                            129
                        ],
                        [
                            128,
                            131
                        ],
                        [
                            131,
                            132
                        ],
                        [
                            131,
                            135
                        ],
                        [
                            135,
                            136
                        ],
                        [
                            135,
                            138
                        ],
                        [
                            138,
                            139
                        ],
                        [
                            138,
                            141
                        ],
                        [
                            141,
                            142
                        ],
                        [
                            141,
                            144
                        ],
                        [
                            144,
                            145
                        ],
                        [
                            144,
                            147
                        ],
                        [
                            147,
                            148
                        ],
                        [
                            147,
                            150
                        ],
                        [
                            150,
                            151
                        ],
                        [
                            150,
                            153
                        ],
                        [
                            153,
                            154
                        ],
                        [
                            153,
                            156
                        ],
                        [
                            156,
                            157
                        ],
                        [
                            156,
                            159
                        ],
                        [
                            159,
                            160
                        ],
                        [
                            159,
                            162
                        ],
                        [
                            162,
                            163
                        ],
                        [
                            162,
                            166
                        ],
                        [
                            166,
                            167
                        ],
                        [
                            166,
                            170
                        ],
                        [
                            170,
                            171
                        ],
                        [
                            170,
                            174
                        ]
                    ]
                }
            }
        }
    },
    "totals": {
        "covered_lines": 205,
        "num_statements": 959,
        "percent_covered": 17.671345995045417,
        "percent_covered_display": "17.67",
        "missing_lines": 754,
        "excluded_lines": 94,
        "num_branches": 252,
        "num_partial_branches": 9,
        "covered_branches": 9,
        "missing_branches": 243
    }
}