SF:src\digitalmodel\__init__.py
DA:7,1
LF:1
LH:1
end_of_record
SF:src\digitalmodel\__main__.py
DA:23,0
DA:25,0
LF:2
LH:0
end_of_record
SF:src\digitalmodel\aqwa.py
DA:2,1
DA:5,1
DA:6,1
DA:7,1
DA:9,1
DA:10,1
DA:11,1
DA:14,1
DA:15,1
DA:16,0
DA:18,1
DA:20,0
DA:22,0
DA:23,0
DA:25,0
DA:27,0
DA:29,0
DA:30,0
DA:31,0
DA:32,0
DA:34,0
DA:35,0
DA:37,0
DA:39,1
DA:40,0
DA:41,0
DA:42,0
DA:44,0
DA:45,0
DA:46,0
DA:49,0
DA:51,0
DA:52,0
DA:53,0
DA:55,0
DA:57,0
DA:58,0
DA:59,0
DA:60,0
DA:64,0
LF:40
LH:11
FN:15,16,Aqwa.__init__
FNDA:0,Aqwa.__init__
FN:18,37,Aqwa.router
FNDA:0,Aqwa.router
FN:39,64,Aqwa.get_cfg_with_master_data
FNDA:0,Aqwa.get_cfg_with_master_data
FNF:3
FNH:0
BRDA:22,0,jump to line 23,-
BRDA:22,0,jump to line 25,-
BRDA:25,0,jump to line 27,-
BRDA:25,0,jump to line 31,-
BRDA:31,0,jump to line 32,-
BRDA:31,0,jump to line 34,-
BRDA:34,0,jump to line 35,-
BRDA:34,0,jump to line 37,-
BRDA:40,0,jump to line 41,-
BRDA:40,0,jump to line 51,-
BRDA:44,0,jump to line 45,-
BRDA:44,0,jump to line 51,-
BRDA:51,0,jump to line 52,-
BRDA:51,0,jump to line 64,-
BRDA:57,0,jump to line 58,-
BRDA:57,0,jump to line 64,-
BRF:16
BRH:0
end_of_record
SF:src\digitalmodel\catenary_riser_summary.py
DA:5,0
DA:17,0
DA:18,0
DA:20,0
DA:22,0
DA:23,0
DA:24,0
DA:27,0
DA:28,0
DA:31,0
DA:32,0
DA:35,0
DA:36,0
DA:39,0
DA:40,0
DA:41,0
DA:43,0
DA:45,0
DA:47,0
DA:50,0
DA:52,0
DA:54,0
DA:55,0
DA:56,0
DA:57,0
DA:58,0
DA:60,0
DA:68,0
DA:69,0
DA:70,0
DA:71,0
DA:73,0
DA:79,0
DA:80,0
DA:81,0
DA:82,0
DA:84,0
DA:92,0
DA:93,0
DA:94,0
DA:95,0
DA:96,0
DA:103,0
DA:112,0
DA:113,0
DA:114,0
DA:115,0
DA:116,0
DA:117,0
LF:49
LH:0
BRDA:35,0,jump to line 36,-
BRDA:35,0,jump to line 39,-
BRDA:40,0,jump to line 41,-
BRDA:40,0,jump to line 43,-
BRDA:54,0,jump to line 55,-
BRDA:54,0,jump to line 92,-
BRDA:57,0,jump to line 58,-
BRDA:57,0,jump to line 60,-
BRDA:70,0,jump to line 71,-
BRDA:70,0,jump to line 73,-
BRDA:81,0,jump to line 82,-
BRDA:81,0,jump to line 84,-
BRDA:92,0,jump to line 93,-
BRDA:92,0,jump to line 112,-
BRDA:95,0,jump to line 96,-
BRDA:95,0,jump to line 103,-
BRF:16
BRH:0
end_of_record
SF:src\digitalmodel\common\ETL_components.py
DA:1,1
DA:2,1
DA:3,0
DA:5,1
DA:6,0
DA:8,0
DA:9,0
DA:10,0
DA:12,0
DA:13,0
DA:15,0
DA:18,0
DA:21,0
DA:24,0
DA:27,0
DA:31,0
DA:33,0
DA:34,0
DA:35,0
DA:36,0
DA:42,0
DA:51,0
DA:53,0
DA:55,0
DA:63,0
DA:72,1
DA:73,0
DA:74,0
DA:75,0
DA:76,0
DA:79,0
DA:81,1
DA:82,0
DA:84,0
DA:86,0
DA:87,0
DA:89,0
DA:90,0
DA:91,0
DA:95,0
DA:98,0
DA:103,0
DA:104,0
DA:105,0
DA:106,0
DA:107,0
DA:108,0
DA:111,0
DA:112,0
DA:113,0
DA:114,0
DA:115,0
DA:119,0
DA:123,0
DA:124,0
DA:125,0
DA:126,0
DA:127,0
DA:130,0
DA:136,0
DA:139,0
DA:145,1
DA:148,0
DA:149,0
DA:152,0
DA:153,0
DA:154,0
DA:155,0
DA:156,0
DA:157,0
DA:158,0
DA:160,0
DA:167,0
DA:168,0
DA:169,0
DA:172,0
DA:175,0
DA:176,0
DA:177,0
DA:180,0
DA:183,0
DA:186,0
DA:187,0
DA:188,0
DA:191,0
DA:194,0
DA:197,0
DA:203,0
DA:205,1
DA:206,0
DA:207,0
DA:208,0
DA:209,0
DA:210,0
DA:212,1
DA:213,0
DA:215,0
DA:216,0
DA:217,0
DA:218,0
DA:219,0
DA:220,0
DA:221,0
DA:222,0
DA:223,0
DA:224,0
DA:225,0
DA:226,0
DA:227,0
DA:228,0
DA:229,0
DA:230,0
DA:231,0
DA:232,0
DA:235,0
DA:236,0
DA:237,0
DA:238,0
DA:239,0
DA:240,0
DA:242,0
DA:243,0
DA:244,0
DA:246,0
DA:250,0
DA:251,0
DA:253,1
DA:254,0
DA:259,0
DA:260,0
DA:262,0
DA:264,1
DA:265,0
DA:266,0
DA:267,0
DA:269,0
DA:271,1
DA:272,0
DA:273,0
DA:274,0
DA:276,0
DA:278,1
DA:279,0
DA:280,0
DA:281,0
DA:283,0
DA:285,1
DA:286,0
DA:287,0
DA:288,0
DA:289,0
DA:290,0
DA:291,0
DA:292,0
DA:293,0
DA:294,0
DA:295,0
DA:296,0
DA:297,0
DA:299,0
DA:301,1
DA:302,0
DA:304,0
DA:305,0
DA:309,0
DA:311,1
DA:312,0
DA:314,0
DA:315,0
DA:316,0
DA:317,0
DA:318,0
DA:323,0
DA:326,0
DA:329,0
DA:330,0
DA:331,0
DA:334,0
DA:335,0
DA:337,0
DA:338,0
DA:343,0
DA:346,0
DA:347,0
DA:351,0
DA:358,0
DA:363,0
DA:366,0
DA:370,0
DA:373,0
DA:376,0
DA:378,0
DA:382,1
DA:383,0
DA:385,0
DA:386,0
DA:389,0
DA:393,1
DA:394,0
DA:396,0
DA:397,0
DA:398,0
DA:401,0
DA:404,0
DA:407,0
DA:410,0
DA:413,0
DA:416,0
DA:419,0
DA:422,0
DA:427,0
DA:428,0
DA:429,0
DA:430,0
DA:431,0
DA:432,0
DA:433,0
DA:434,0
DA:435,0
DA:436,0
DA:438,0
DA:445,0
DA:449,0
DA:452,0
DA:455,0
DA:459,0
DA:462,0
DA:465,0
DA:470,0
DA:472,1
DA:473,0
DA:474,0
DA:475,0
DA:477,0
DA:478,0
DA:480,0
DA:482,0
DA:483,0
DA:484,0
DA:485,0
DA:486,0
DA:487,0
DA:490,0
DA:491,0
DA:492,0
DA:493,0
DA:496,0
DA:501,0
DA:502,0
DA:505,0
DA:510,0
DA:513,0
DA:516,0
DA:518,0
DA:520,1
DA:521,0
DA:522,0
DA:525,0
DA:527,1
DA:528,0
DA:529,0
DA:530,0
DA:531,0
DA:534,0
DA:537,0
DA:538,0
DA:542,0
DA:545,0
DA:548,0
DA:555,0
DA:557,1
DA:558,0
DA:559,0
DA:560,0
DA:563,1
DA:564,0
DA:565,0
DA:566,0
DA:567,0
DA:568,0
DA:574,0
DA:575,0
DA:576,0
DA:580,0
DA:581,0
DA:582,0
DA:585,0
DA:590,0
DA:591,0
DA:592,0
DA:593,0
DA:598,0
DA:599,0
DA:601,0
DA:603,0
DA:605,1
DA:606,0
DA:609,0
DA:611,1
DA:612,0
DA:614,0
DA:616,0
DA:618,0
DA:622,0
DA:623,0
DA:624,0
DA:626,0
DA:627,0
DA:629,0
DA:630,0
DA:631,0
DA:633,0
DA:635,0
DA:637,1
DA:638,0
DA:640,0
DA:641,0
DA:642,0
DA:643,0
DA:644,0
DA:645,0
DA:646,0
DA:647,0
DA:648,0
DA:649,0
DA:650,0
DA:651,0
DA:652,0
DA:653,0
DA:654,0
DA:655,0
DA:658,0
DA:659,0
DA:660,0
DA:661,0
DA:662,0
DA:663,0
DA:664,0
DA:665,0
DA:668,0
DA:671,0
DA:675,0
DA:676,0
DA:677,0
DA:680,0
DA:681,0
DA:683,0
DA:685,0
DA:686,0
DA:688,1
DA:689,0
DA:691,0
DA:692,0
DA:693,0
DA:695,0
DA:697,1
DA:698,0
DA:699,0
DA:703,0
DA:704,0
DA:705,0
DA:707,0
DA:708,0
DA:710,0
DA:712,0
DA:714,1
DA:715,0
DA:717,0
DA:718,0
DA:719,0
DA:720,0
DA:721,0
DA:722,0
DA:725,0
DA:728,0
DA:730,1
DA:731,0
DA:733,0
DA:745,0
DA:746,0
DA:747,0
DA:751,0
DA:755,0
DA:756,0
DA:757,0
DA:758,0
DA:759,0
DA:762,0
DA:765,0
DA:768,0
DA:769,0
DA:775,0
DA:783,0
DA:786,0
DA:789,0
DA:790,0
DA:793,0
DA:806,0
DA:808,1
DA:809,0
DA:811,0
DA:812,0
DA:821,0
LF:403
LH:30
FN:2,3,ETL_components.__init__
FNDA:0,ETL_components.__init__
FN:5,70,ETL_components.from_xlsx_to_yaml_file
FNDA:0,ETL_components.from_xlsx_to_yaml_file
FN:72,79,ETL_components.write_repeat_pattern_files
FNDA:0,ETL_components.write_repeat_pattern_files
FN:81,143,ETL_components.write_repeat_pattern_file
FNDA:0,ETL_components.write_repeat_pattern_file
FN:145,203,ETL_components.get_repeat_pattern_block_file_contents
FNDA:0,ETL_components.get_repeat_pattern_block_file_contents
FN:205,210,ETL_components.convert_text_list_to_combined_text
FNDA:0,ETL_components.convert_text_list_to_combined_text
FN:212,251,ETL_components.get_all_line_field_data
FNDA:0,ETL_components.get_all_line_field_data
FN:253,262,ETL_components.check_line_field_count
FNDA:0,ETL_components.check_line_field_count
FN:264,269,ETL_components.if_line_field_pass
FNDA:0,ETL_components.if_line_field_pass
FN:271,276,ETL_components.get_header
FNDA:0,ETL_components.get_header
FN:278,283,ETL_components.get_footer
FNDA:0,ETL_components.get_footer
FN:285,299,ETL_components.get_content_array
FNDA:0,ETL_components.get_content_array
FN:301,309,ETL_components.get_content_array_from_file
FNDA:0,ETL_components.get_content_array_from_file
FN:311,380,ETL_components.write_replace_files
FNDA:0,ETL_components.write_replace_files
FN:382,391,ETL_components.write_replace_file
FNDA:0,ETL_components.write_replace_file
FN:393,470,ETL_components.transform_shear7_data
FNDA:0,ETL_components.transform_shear7_data
FN:472,518,ETL_components.implement_current_shielding_effects
FNDA:0,ETL_components.implement_current_shielding_effects
FN:520,525,ETL_components.replace_file_contents
FNDA:0,ETL_components.replace_file_contents
FN:527,555,ETL_components.get_line_numbers_to_replace
FNDA:0,ETL_components.get_line_numbers_to_replace
FN:557,561,ETL_components.get_array_index_containing_key_text
FNDA:0,ETL_components.get_array_index_containing_key_text
FN:563,603,ETL_components.replace_lines
FNDA:0,ETL_components.replace_lines
FN:605,609,ETL_components.get_ascii_file_content_as_array
FNDA:0,ETL_components.get_ascii_file_content_as_array
FN:611,635,ETL_components.get_model_state_information
FNDA:0,ETL_components.get_model_state_information
FN:637,686,ETL_components.generic_get_all_line_field_data
FNDA:0,ETL_components.generic_get_all_line_field_data
FN:688,695,ETL_components.get_sum_df_from_df_array
FNDA:0,ETL_components.get_sum_df_from_df_array
FN:697,712,ETL_components.get_sum_df_from_df_array_test
FNDA:0,ETL_components.get_sum_df_from_df_array_test
FN:714,728,ETL_components.extract_data
FNDA:0,ETL_components.extract_data
FN:730,806,ETL_components.transform_viv_current_reformat_1
FNDA:0,ETL_components.transform_viv_current_reformat_1
FN:808,821,ETL_components.save
FNDA:0,ETL_components.save
FNF:29
FNH:0
BRDA:12,0,jump to line 13,-
BRDA:12,0,return from function 'from_xlsx_to_yaml_file',-
BRDA:15,0,jump to line 18,-
BRDA:15,0,jump to line 31,-
BRDA:34,0,jump to line 35,-
BRDA:34,0,jump to line 55,-
BRDA:74,0,jump to line 75,-
BRDA:74,0,return from function 'write_repeat_pattern_files',-
BRDA:76,0,jump to line 74,-
BRDA:76,0,jump to line 79,-
BRDA:95,0,jump to line 98,-
BRDA:95,0,jump to line 123,-
BRDA:106,0,jump to line 107,-
BRDA:106,0,jump to line 108,-
BRDA:112,0,jump to line 113,-
BRDA:112,0,jump to line 114,-
BRDA:114,0,jump to line 95,-
BRDA:114,0,jump to line 115,-
BRDA:124,0,jump to line 125,-
BRDA:124,0,jump to line 126,-
BRDA:126,0,jump to line 127,-
BRDA:126,0,return from function 'write_repeat_pattern_file',-
BRDA:152,0,jump to line 153,-
BRDA:152,0,jump to line 203,-
BRDA:154,0,jump to line 155,-
BRDA:154,0,jump to line 156,-
BRDA:157,0,jump to line 158,-
BRDA:157,0,jump to line 160,-
BRDA:167,0,jump to line 168,-
BRDA:167,0,jump to line 175,-
BRDA:175,0,jump to line 176,-
BRDA:175,0,jump to line 186,-
BRDA:186,0,jump to line 152,-
BRDA:186,0,jump to line 187,-
BRDA:207,0,jump to line 208,-
BRDA:207,0,jump to line 209,-
BRDA:219,0,jump to line 220,-
BRDA:219,0,jump to line 251,-
BRDA:223,0,jump to line 224,-
BRDA:223,0,jump to line 250,-
BRDA:225,0,jump to line 226,-
BRDA:225,0,jump to line 250,-
BRDA:227,0,jump to line 228,-
BRDA:227,0,jump to line 237,-
BRDA:232,0,jump to line 235,-
BRDA:232,0,jump to line 242,-
BRDA:237,0,jump to line 238,-
BRDA:237,0,jump to line 242,-
BRDA:243,0,jump to line 244,-
BRDA:243,0,jump to line 246,-
BRDA:259,0,jump to line 260,-
BRDA:259,0,jump to line 262,-
BRDA:266,0,jump to line 267,-
BRDA:266,0,jump to line 269,-
BRDA:272,0,jump to line 273,-
BRDA:272,0,return from function 'get_header',-
BRDA:279,0,jump to line 280,-
BRDA:279,0,return from function 'get_footer',-
BRDA:287,0,jump to line 288,-
BRDA:287,0,jump to line 299,-
BRDA:288,0,jump to line 289,-
BRDA:288,0,jump to line 294,-
BRDA:290,0,jump to line 291,-
BRDA:290,0,jump to line 292,-
BRDA:292,0,jump to line 293,-
BRDA:292,0,jump to line 294,-
BRDA:294,0,jump to line 287,-
BRDA:294,0,jump to line 295,-
BRDA:317,0,jump to line 318,-
BRDA:317,0,return from function 'write_replace_files',-
BRDA:329,0,jump to line 330,-
BRDA:329,0,return from function 'write_replace_files',-
BRDA:330,0,jump to line 331,-
BRDA:330,0,return from function 'write_replace_files',-
BRDA:334,0,jump to line 335,-
BRDA:334,0,jump to line 343,-
BRDA:346,0,jump to line 347,-
BRDA:346,0,jump to line 351,-
BRDA:396,0,jump to line 397,-
BRDA:396,0,jump to line 470,-
BRDA:397,0,jump to line 396,-
BRDA:397,0,jump to line 398,-
BRDA:398,0,jump to line 396,-
BRDA:398,0,jump to line 401,-
BRDA:401,0,jump to line 404,-
BRDA:401,0,jump to line 459,-
BRDA:404,0,jump to line 407,-
BRDA:404,0,jump to line 459,-
BRDA:407,0,jump to line 410,-
BRDA:407,0,jump to line 459,-
BRDA:429,0,jump to line 430,-
BRDA:429,0,jump to line 433,-
BRDA:430,0,jump to line 429,-
BRDA:430,0,jump to line 431,-
BRDA:459,0,jump to line 398,-
BRDA:459,0,jump to line 462,-
BRDA:462,0,jump to line 398,-
BRDA:462,0,jump to line 465,-
BRDA:473,0,jump to line 474,-
BRDA:473,0,jump to line 518,-
BRDA:475,0,jump to line 477,-
BRDA:475,0,jump to line 518,-
BRDA:477,0,jump to line 478,-
BRDA:477,0,jump to line 480,-
BRDA:482,0,jump to line 475,-
BRDA:482,0,jump to line 483,-
BRDA:484,0,jump to line 482,-
BRDA:484,0,jump to line 485,-
BRDA:487,0,jump to line 482,-
BRDA:487,0,jump to line 490,-
BRDA:490,0,jump to line 491,-
BRDA:490,0,jump to line 501,-
BRDA:501,0,jump to line 482,-
BRDA:501,0,jump to line 502,-
BRDA:530,0,jump to line 531,-
BRDA:530,0,jump to line 555,-
BRDA:538,0,jump to line 542,-
BRDA:538,0,jump to line 548,-
BRDA:558,0,jump to line 559,-
BRDA:558,0,return from function 'get_array_index_containing_key_text',-
BRDA:559,0,jump to line 558,-
BRDA:559,0,jump to line 560,-
BRDA:567,0,jump to line 568,-
BRDA:567,0,jump to line 603,-
BRDA:568,0,jump to line 574,-
BRDA:568,0,jump to line 601,-
BRDA:575,0,jump to line 576,-
BRDA:575,0,jump to line 580,-
BRDA:580,0,jump to line 581,-
BRDA:580,0,jump to line 598,-
BRDA:581,0,jump to line 582,-
BRDA:581,0,jump to line 590,-
BRDA:590,0,jump to line 580,-
BRDA:590,0,jump to line 591,-
BRDA:598,0,jump to line 567,-
BRDA:598,0,jump to line 599,-
BRDA:623,0,jump to line 624,-
BRDA:623,0,jump to line 626,-
BRDA:630,0,jump to line 631,-
BRDA:630,0,jump to line 633,-
BRDA:644,0,jump to line 645,-
BRDA:644,0,jump to line 686,-
BRDA:647,0,jump to line 648,-
BRDA:647,0,jump to line 685,-
BRDA:648,0,jump to line 649,-
BRDA:648,0,jump to line 685,-
BRDA:650,0,jump to line 651,-
BRDA:650,0,jump to line 660,-
BRDA:655,0,jump to line 658,-
BRDA:655,0,jump to line 683,-
BRDA:660,0,jump to line 661,-
BRDA:660,0,jump to line 664,-
BRDA:664,0,jump to line 665,-
BRDA:664,0,jump to line 683,-
BRDA:668,0,jump to line 671,-
BRDA:668,0,jump to line 675,-
BRDA:692,0,jump to line 693,-
BRDA:692,0,jump to line 695,-
BRDA:720,0,jump to line 721,-
BRDA:720,0,return from function 'extract_data',-
BRDA:721,0,jump to line 720,-
BRDA:721,0,jump to line 722,-
BRDA:722,0,jump to line 720,-
BRDA:722,0,jump to line 725,-
BRDA:746,0,jump to line 747,-
BRDA:746,0,return from function 'transform_viv_current_reformat_1',-
BRDA:757,0,jump to line 758,-
BRDA:757,0,jump to line 806,-
BRDA:758,0,jump to line 757,-
BRDA:758,0,jump to line 759,-
BRF:170
BRH:0
end_of_record
SF:src\digitalmodel\common\cathodic_protection.py
DA:1,1
DA:2,1
DA:3,0
DA:5,1
DA:6,0
DA:7,0
DA:8,0
DA:9,0
DA:11,0
DA:17,0
DA:19,1
DA:23,0
DA:26,0
DA:27,0
DA:28,0
DA:30,0
DA:31,0
DA:33,0
DA:35,0
DA:42,1
DA:46,0
DA:48,0
DA:49,0
DA:50,0
DA:52,0
DA:53,0
DA:59,0
DA:61,1
DA:66,0
DA:67,0
DA:68,0
DA:69,0
DA:70,0
DA:72,0
DA:74,0
DA:75,0
DA:76,0
DA:78,0
DA:79,0
DA:81,0
DA:82,0
DA:84,0
DA:86,0
DA:88,1
DA:89,0
DA:91,1
DA:95,0
DA:97,1
DA:101,0
DA:103,1
DA:107,0
DA:109,1
DA:113,0
DA:115,1
DA:120,0
LF:55
LH:12
FN:2,3,CathodicProtection.__init__
FNDA:0,CathodicProtection.__init__
FN:5,17,CathodicProtection.router
FNDA:0,CathodicProtection.router
FN:19,40,CathodicProtection.ABS_gn_ships_2018
FNDA:0,CathodicProtection.ABS_gn_ships_2018
FN:42,59,CathodicProtection.DNV_RP_F103_2010
FNDA:0,CathodicProtection.DNV_RP_F103_2010
FN:61,86,CathodicProtection.get_anode_current_capacity
FNDA:0,CathodicProtection.get_anode_current_capacity
FN:88,89,CathodicProtection.get_seawater_resistivity
FNDA:0,CathodicProtection.get_seawater_resistivity
FN:91,95,CathodicProtection.get_design_current_density
FNDA:0,CathodicProtection.get_design_current_density
FN:97,101,CathodicProtection.get_required_current_density
FNDA:0,CathodicProtection.get_required_current_density
FN:103,107,CathodicProtection.get_anodes_required
FNDA:0,CathodicProtection.get_anodes_required
FN:109,113,CathodicProtection.anode_initial_check
FNDA:0,CathodicProtection.anode_initial_check
FN:115,120,CathodicProtection.anode_final_check
FNDA:0,CathodicProtection.anode_final_check
FNF:11
FNH:0
BRDA:6,0,jump to line 7,-
BRDA:6,0,jump to line 8,-
BRDA:8,0,jump to line 9,-
BRDA:8,0,jump to line 11,-
BRDA:26,0,jump to line 27,-
BRDA:26,0,jump to line 30,-
BRDA:67,0,jump to line 68,-
BRDA:67,0,jump to line 69,-
BRDA:69,0,jump to line 70,-
BRDA:69,0,jump to line 72,-
BRDA:74,0,jump to line 75,-
BRDA:74,0,jump to line 76,-
BRDA:76,0,jump to line 78,-
BRDA:76,0,jump to line 84,-
BRDA:78,0,jump to line 79,-
BRDA:78,0,jump to line 81,-
BRF:16
BRH:0
end_of_record
SF:src\digitalmodel\common\code_dnvrph103_hydrodynamics_circular.py
DA:1,1
DA:2,1
DA:3,1
DA:4,1
DA:6,1
DA:8,1
DA:12,1
DA:13,1
DA:16,1
DA:17,1
DA:18,0
DA:20,1
DA:21,0
DA:22,0
DA:23,0
DA:25,0
DA:27,1
DA:28,0
DA:29,0
DA:30,0
DA:31,0
DA:32,0
DA:34,0
DA:41,0
DA:43,1
DA:44,0
DA:45,0
DA:46,0
DA:47,0
DA:48,0
DA:49,0
DA:51,1
DA:52,0
DA:53,0
DA:54,0
DA:56,1
DA:58,0
DA:59,0
DA:60,0
DA:62,0
DA:64,0
DA:70,1
DA:71,0
DA:73,0
DA:74,0
DA:76,0
DA:78,0
DA:79,0
DA:80,0
DA:82,0
DA:84,0
DA:86,0
DA:88,0
DA:90,0
DA:91,0
DA:93,0
DA:95,1
DA:96,0
DA:101,0
DA:103,0
DA:108,0
DA:110,0
DA:115,0
DA:117,0
DA:122,0
DA:124,1
DA:125,0
DA:130,0
DA:132,1
DA:133,0
DA:135,0
DA:140,0
DA:142,0
DA:143,0
DA:144,0
DA:146,0
DA:151,0
DA:153,0
DA:158,0
DA:160,0
DA:165,0
DA:167,0
DA:172,0
DA:174,1
DA:176,0
DA:177,0
DA:178,0
DA:180,0
DA:198,0
DA:200,1
DA:202,0
DA:203,0
DA:205,0
DA:207,1
DA:208,0
DA:209,0
DA:211,0
DA:213,1
DA:214,0
DA:215,0
DA:217,0
DA:219,1
DA:220,0
DA:222,0
DA:223,0
DA:227,0
DA:229,1
DA:230,0
DA:232,0
DA:233,0
DA:237,0
DA:239,1
DA:240,0
DA:242,0
DA:243,0
DA:247,0
DA:249,1
DA:250,0
DA:252,0
DA:253,0
DA:254,0
DA:256,0
DA:257,0
DA:259,0
DA:260,0
DA:262,0
DA:263,0
DA:273,0
DA:276,0
DA:285,0
DA:286,0
DA:288,0
DA:291,0
DA:293,0
DA:295,1
DA:297,0
DA:298,0
DA:300,0
DA:302,1
DA:304,0
DA:305,0
DA:307,0
DA:309,1
DA:311,0
DA:312,0
DA:314,0
DA:316,1
DA:318,0
DA:319,0
DA:321,0
DA:323,0
DA:324,0
DA:326,0
DA:327,0
DA:331,0
DA:333,0
DA:335,0
DA:336,0
DA:338,0
DA:339,0
DA:341,0
DA:342,0
DA:344,0
DA:346,0
DA:348,1
DA:349,0
DA:350,0
DA:351,0
DA:352,0
DA:356,0
DA:358,0
DA:360,1
DA:361,0
DA:362,0
DA:363,0
DA:364,0
DA:368,0
DA:370,0
DA:372,1
DA:373,0
DA:374,0
DA:375,0
DA:379,0
DA:381,0
DA:383,1
DA:384,0
DA:385,0
DA:386,0
DA:388,0
DA:389,0
DA:390,0
DA:391,0
DA:392,0
DA:393,0
DA:394,0
DA:395,0
DA:396,0
DA:398,0
DA:400,1
DA:401,0
DA:402,0
DA:403,0
DA:405,0
DA:407,1
DA:409,0
DA:410,0
DA:412,0
DA:414,0
DA:416,1
DA:417,0
DA:418,0
DA:419,0
DA:420,0
DA:424,0
DA:426,0
DA:428,0
DA:430,1
DA:431,0
DA:432,0
DA:433,0
DA:434,0
DA:436,0
DA:437,0
DA:438,0
DA:440,0
DA:441,0
DA:442,0
DA:444,0
DA:445,0
DA:446,0
DA:448,0
DA:450,0
DA:452,1
DA:453,0
DA:454,0
DA:455,0
DA:456,0
DA:458,0
DA:460,0
DA:462,1
DA:463,0
DA:466,0
DA:470,0
DA:472,0
DA:474,1
DA:475,0
DA:477,0
DA:479,1
DA:480,0
DA:481,0
DA:482,0
DA:484,0
DA:485,0
DA:487,0
DA:488,0
DA:489,0
DA:491,0
DA:493,0
DA:495,1
DA:497,0
DA:498,0
DA:499,0
DA:501,0
DA:506,0
DA:508,0
DA:510,0
DA:512,1
DA:513,0
DA:514,0
DA:515,0
DA:517,0
DA:518,0
DA:519,0
DA:521,0
DA:523,0
DA:525,1
DA:526,0
DA:527,0
DA:528,0
DA:529,0
DA:531,0
DA:532,0
DA:534,1
DA:535,0
DA:536,0
DA:537,0
DA:538,0
DA:540,0
DA:541,0
DA:543,1
DA:544,0
DA:545,0
DA:546,0
DA:547,0
DA:549,0
DA:550,0
DA:552,1
DA:553,0
DA:554,0
DA:555,0
DA:556,0
DA:557,0
DA:559,0
DA:560,0
DA:561,0
DA:562,0
DA:564,0
DA:565,0
LF:308
LH:49
FN:17,18,DNVRPH103_hydrodynamics_circular.__init__
FNDA:0,DNVRPH103_hydrodynamics_circular.__init__
FN:20,25,DNVRPH103_hydrodynamics_circular.get_orcaflex_6dbuoy
FNDA:0,DNVRPH103_hydrodynamics_circular.get_orcaflex_6dbuoy
FN:27,41,DNVRPH103_hydrodynamics_circular.get_properties
FNDA:0,DNVRPH103_hydrodynamics_circular.get_properties
FN:43,49,DNVRPH103_hydrodynamics_circular.save_6d_buoy_models
FNDA:0,DNVRPH103_hydrodynamics_circular.save_6d_buoy_models
FN:51,54,DNVRPH103_hydrodynamics_circular.save_6d_buoy_by_zone
FNDA:0,DNVRPH103_hydrodynamics_circular.save_6d_buoy_by_zone
FN:56,68,DNVRPH103_hydrodynamics_circular.save_model
FNDA:0,DNVRPH103_hydrodynamics_circular.save_model
FN:70,93,DNVRPH103_hydrodynamics_circular.update_6d_buoy
FNDA:0,DNVRPH103_hydrodynamics_circular.update_6d_buoy
FN:95,122,DNVRPH103_hydrodynamics_circular.update_6d_buoy_rotational
FNDA:0,DNVRPH103_hydrodynamics_circular.update_6d_buoy_rotational
FN:124,130,DNVRPH103_hydrodynamics_circular.update_6d_buoy_inertia
FNDA:0,DNVRPH103_hydrodynamics_circular.update_6d_buoy_inertia
FN:132,172,DNVRPH103_hydrodynamics_circular.update_6d_buoy_translational
FNDA:0,DNVRPH103_hydrodynamics_circular.update_6d_buoy_translational
FN:174,198,DNVRPH103_hydrodynamics_circular.get_translational_properties
FNDA:0,DNVRPH103_hydrodynamics_circular.get_translational_properties
FN:200,205,DNVRPH103_hydrodynamics_circular.get_translational_x
FNDA:0,DNVRPH103_hydrodynamics_circular.get_translational_x
FN:207,211,DNVRPH103_hydrodynamics_circular.get_translational_y
FNDA:0,DNVRPH103_hydrodynamics_circular.get_translational_y
FN:213,217,DNVRPH103_hydrodynamics_circular.get_translational_z
FNDA:0,DNVRPH103_hydrodynamics_circular.get_translational_z
FN:219,227,DNVRPH103_hydrodynamics_circular.get_translational_x_ca
FNDA:0,DNVRPH103_hydrodynamics_circular.get_translational_x_ca
FN:229,237,DNVRPH103_hydrodynamics_circular.get_translational_y_ca
FNDA:0,DNVRPH103_hydrodynamics_circular.get_translational_y_ca
FN:239,247,DNVRPH103_hydrodynamics_circular.get_translational_z_ca
FNDA:0,DNVRPH103_hydrodynamics_circular.get_translational_z_ca
FN:249,293,DNVRPH103_hydrodynamics_circular.get_translational_ca
FNDA:0,DNVRPH103_hydrodynamics_circular.get_translational_ca
FN:295,300,DNVRPH103_hydrodynamics_circular.get_translational_x_cd
FNDA:0,DNVRPH103_hydrodynamics_circular.get_translational_x_cd
FN:302,307,DNVRPH103_hydrodynamics_circular.get_translational_y_cd
FNDA:0,DNVRPH103_hydrodynamics_circular.get_translational_y_cd
FN:309,314,DNVRPH103_hydrodynamics_circular.get_translational_z_cd
FNDA:0,DNVRPH103_hydrodynamics_circular.get_translational_z_cd
FN:316,346,DNVRPH103_hydrodynamics_circular.get_translational_cd
FNDA:0,DNVRPH103_hydrodynamics_circular.get_translational_cd
FN:348,358,DNVRPH103_hydrodynamics_circular.get_x_dimensions
FNDA:0,DNVRPH103_hydrodynamics_circular.get_x_dimensions
FN:360,370,DNVRPH103_hydrodynamics_circular.get_y_dimensions
FNDA:0,DNVRPH103_hydrodynamics_circular.get_y_dimensions
FN:372,381,DNVRPH103_hydrodynamics_circular.get_z_dimensions
FNDA:0,DNVRPH103_hydrodynamics_circular.get_z_dimensions
FN:383,398,DNVRPH103_hydrodynamics_circular.get_shape_coordinates
FNDA:0,DNVRPH103_hydrodynamics_circular.get_shape_coordinates
FN:400,405,DNVRPH103_hydrodynamics_circular.get_splash_from_deep_drag
FNDA:0,DNVRPH103_hydrodynamics_circular.get_splash_from_deep_drag
FN:407,414,DNVRPH103_hydrodynamics_circular.get_translational_circular
FNDA:0,DNVRPH103_hydrodynamics_circular.get_translational_circular
FN:416,428,DNVRPH103_hydrodynamics_circular.get_mass_added_with_perforation
FNDA:0,DNVRPH103_hydrodynamics_circular.get_mass_added_with_perforation
FN:430,450,DNVRPH103_hydrodynamics_circular.get_mass_moment_of_inertia
FNDA:0,DNVRPH103_hydrodynamics_circular.get_mass_moment_of_inertia
FN:452,460,DNVRPH103_hydrodynamics_circular.get_rotational_properties
FNDA:0,DNVRPH103_hydrodynamics_circular.get_rotational_properties
FN:462,472,DNVRPH103_hydrodynamics_circular.get_area_moment_of_intertia
FNDA:0,DNVRPH103_hydrodynamics_circular.get_area_moment_of_intertia
FN:474,477,DNVRPH103_hydrodynamics_circular.get_moment_coefficient
FNDA:0,DNVRPH103_hydrodynamics_circular.get_moment_coefficient
FN:479,493,DNVRPH103_hydrodynamics_circular.get_hydrodynamic_intertia
FNDA:0,DNVRPH103_hydrodynamics_circular.get_hydrodynamic_intertia
FN:495,510,DNVRPH103_hydrodynamics_circular.get_area_moment_of_inertia_by_type
FNDA:0,DNVRPH103_hydrodynamics_circular.get_area_moment_of_inertia_by_type
FN:512,523,DNVRPH103_hydrodynamics_circular.get_added_inertia_coefficient
FNDA:0,DNVRPH103_hydrodynamics_circular.get_added_inertia_coefficient
FN:525,532,DNVRPH103_hydrodynamics_circular.get_ca_intertial_x
FNDA:0,DNVRPH103_hydrodynamics_circular.get_ca_intertial_x
FN:534,541,DNVRPH103_hydrodynamics_circular.get_ca_intertial_y
FNDA:0,DNVRPH103_hydrodynamics_circular.get_ca_intertial_y
FN:543,550,DNVRPH103_hydrodynamics_circular.get_ca_intertial_z
FNDA:0,DNVRPH103_hydrodynamics_circular.get_ca_intertial_z
FN:552,565,DNVRPH103_hydrodynamics_circular.get_newman_ca
FNDA:0,DNVRPH103_hydrodynamics_circular.get_newman_ca
FNF:40
FNH:0
BRDA:45,0,jump to line 46,-
BRDA:45,0,jump to line 47,-
BRDA:48,0,jump to line 49,-
BRDA:48,0,return from function 'save_6d_buoy_models',-
BRDA:59,0,jump to line 60,-
BRDA:59,0,jump to line 62,-
BRDA:73,0,jump to line 74,-
BRDA:73,0,jump to line 76,-
BRDA:252,0,jump to line 253,-
BRDA:252,0,jump to line 256,-
BRDA:262,0,jump to line 263,-
BRDA:262,0,jump to line 273,-
BRDA:318,0,jump to line 319,-
BRDA:318,0,jump to line 331,-
BRDA:402,0,jump to line 403,-
BRDA:402,0,jump to line 405,-
BRDA:417,0,jump to line 418,-
BRDA:417,0,jump to line 419,-
BRDA:419,0,jump to line 420,-
BRDA:419,0,jump to line 424,-
BRDA:553,0,jump to line 554,-
BRDA:553,0,jump to line 559,-
BRF:22
BRH:0
end_of_record
SF:src\digitalmodel\common\code_dnvrph103_hydrodynamics_rectangular.py
DA:1,1
DA:2,1
DA:3,1
DA:4,1
DA:5,1
DA:6,1
DA:10,1
DA:11,1
DA:14,1
DA:15,1
DA:16,0
DA:18,1
DA:19,0
DA:20,0
DA:21,0
DA:23,0
DA:25,1
DA:26,0
DA:27,0
DA:28,0
DA:29,0
DA:30,0
DA:32,0
DA:39,0
DA:41,1
DA:42,0
DA:43,0
DA:44,0
DA:45,0
DA:46,0
DA:47,0
DA:49,1
DA:50,0
DA:51,0
DA:52,0
DA:54,1
DA:56,0
DA:57,0
DA:58,0
DA:60,0
DA:62,0
DA:68,1
DA:69,0
DA:70,0
DA:71,0
DA:73,0
DA:75,0
DA:76,0
DA:77,0
DA:79,0
DA:81,0
DA:83,0
DA:85,0
DA:87,0
DA:88,0
DA:90,0
DA:92,1
DA:93,0
DA:98,0
DA:100,0
DA:105,0
DA:107,0
DA:112,0
DA:114,0
DA:119,0
DA:121,1
DA:122,0
DA:127,0
DA:129,1
DA:130,0
DA:132,0
DA:137,0
DA:139,0
DA:140,0
DA:141,0
DA:143,0
DA:148,0
DA:150,0
DA:155,0
DA:157,0
DA:162,0
DA:164,0
DA:169,0
DA:171,1
DA:173,0
DA:174,0
DA:175,0
DA:177,0
DA:195,0
DA:197,1
DA:199,0
DA:200,0
DA:202,0
DA:204,1
DA:205,0
DA:206,0
DA:208,0
DA:210,1
DA:211,0
DA:212,0
DA:214,0
DA:216,1
DA:217,0
DA:219,0
DA:220,0
DA:222,0
DA:224,1
DA:225,0
DA:227,0
DA:228,0
DA:230,0
DA:232,1
DA:233,0
DA:235,0
DA:236,0
DA:238,0
DA:240,1
DA:241,0
DA:242,0
DA:243,0
DA:245,0
DA:246,0
DA:247,0
DA:251,0
DA:259,0
DA:262,0
DA:264,0
DA:267,0
DA:269,0
DA:271,1
DA:273,0
DA:274,0
DA:276,0
DA:278,1
DA:280,0
DA:281,0
DA:283,0
DA:285,1
DA:287,0
DA:288,0
DA:290,0
DA:292,1
DA:293,0
DA:294,0
DA:296,0
DA:297,0
DA:298,0
DA:299,0
DA:301,0
DA:302,0
DA:304,0
DA:305,0
DA:307,0
DA:308,0
DA:310,0
DA:311,0
DA:313,0
DA:315,0
DA:317,1
DA:318,0
DA:319,0
DA:320,0
DA:321,0
DA:325,0
DA:327,0
DA:329,1
DA:330,0
DA:331,0
DA:332,0
DA:333,0
DA:337,0
DA:339,0
DA:341,1
DA:342,0
DA:343,0
DA:344,0
DA:345,0
DA:349,0
DA:351,0
DA:353,1
DA:354,0
DA:355,0
DA:356,0
DA:358,0
DA:359,0
DA:360,0
DA:361,0
DA:362,0
DA:363,0
DA:364,0
DA:365,0
DA:366,0
DA:368,0
DA:370,1
DA:371,0
DA:372,0
DA:373,0
DA:375,0
DA:377,1
DA:379,0
DA:380,0
DA:382,0
DA:384,0
DA:386,1
DA:387,0
DA:388,0
DA:389,0
DA:390,0
DA:394,0
DA:396,0
DA:398,0
DA:400,1
DA:401,0
DA:402,0
DA:403,0
DA:404,0
DA:405,0
DA:407,0
DA:408,0
DA:409,0
DA:411,0
DA:412,0
DA:413,0
DA:415,0
DA:416,0
DA:417,0
DA:419,0
DA:421,0
DA:423,1
DA:424,0
DA:425,0
DA:426,0
DA:427,0
DA:429,0
DA:431,0
DA:433,1
DA:434,0
DA:437,0
DA:441,0
DA:443,0
DA:445,1
DA:446,0
DA:448,0
DA:450,1
DA:451,0
DA:452,0
DA:453,0
DA:454,0
DA:455,0
DA:456,0
DA:458,0
DA:459,0
DA:460,0
DA:462,0
DA:464,0
DA:466,1
DA:468,0
DA:469,0
DA:470,0
DA:471,0
DA:472,0
DA:477,0
DA:482,0
DA:487,0
DA:489,0
DA:491,1
DA:492,0
DA:493,0
DA:494,0
DA:495,0
DA:497,0
DA:498,0
DA:499,0
DA:501,0
DA:503,0
DA:505,1
DA:506,0
DA:507,0
DA:508,0
DA:509,0
DA:511,0
DA:512,0
DA:514,1
DA:515,0
DA:516,0
DA:517,0
DA:518,0
DA:520,0
DA:521,0
DA:523,1
DA:524,0
DA:525,0
DA:526,0
DA:527,0
DA:529,0
DA:530,0
DA:532,1
DA:533,0
DA:534,0
DA:535,0
DA:536,0
DA:537,0
DA:539,0
DA:540,0
DA:541,0
DA:542,0
DA:544,0
DA:545,0
LF:308
LH:49
FN:15,16,DNVRPH103_hydrodynamics_rectangular.__init__
FNDA:0,DNVRPH103_hydrodynamics_rectangular.__init__
FN:18,23,DNVRPH103_hydrodynamics_rectangular.get_orcaflex_6dbuoy
FNDA:0,DNVRPH103_hydrodynamics_rectangular.get_orcaflex_6dbuoy
FN:25,39,DNVRPH103_hydrodynamics_rectangular.get_properties
FNDA:0,DNVRPH103_hydrodynamics_rectangular.get_properties
FN:41,47,DNVRPH103_hydrodynamics_rectangular.save_6d_buoy_models
FNDA:0,DNVRPH103_hydrodynamics_rectangular.save_6d_buoy_models
FN:49,52,DNVRPH103_hydrodynamics_rectangular.save_6d_buoy_by_zone
FNDA:0,DNVRPH103_hydrodynamics_rectangular.save_6d_buoy_by_zone
FN:54,66,DNVRPH103_hydrodynamics_rectangular.save_model
FNDA:0,DNVRPH103_hydrodynamics_rectangular.save_model
FN:68,90,DNVRPH103_hydrodynamics_rectangular.update_6d_buoy
FNDA:0,DNVRPH103_hydrodynamics_rectangular.update_6d_buoy
FN:92,119,DNVRPH103_hydrodynamics_rectangular.update_6d_buoy_rotational
FNDA:0,DNVRPH103_hydrodynamics_rectangular.update_6d_buoy_rotational
FN:121,127,DNVRPH103_hydrodynamics_rectangular.update_6d_buoy_inertia
FNDA:0,DNVRPH103_hydrodynamics_rectangular.update_6d_buoy_inertia
FN:129,169,DNVRPH103_hydrodynamics_rectangular.update_6d_buoy_translational
FNDA:0,DNVRPH103_hydrodynamics_rectangular.update_6d_buoy_translational
FN:171,195,DNVRPH103_hydrodynamics_rectangular.get_translational_properties
FNDA:0,DNVRPH103_hydrodynamics_rectangular.get_translational_properties
FN:197,202,DNVRPH103_hydrodynamics_rectangular.get_translational_x
FNDA:0,DNVRPH103_hydrodynamics_rectangular.get_translational_x
FN:204,208,DNVRPH103_hydrodynamics_rectangular.get_translational_y
FNDA:0,DNVRPH103_hydrodynamics_rectangular.get_translational_y
FN:210,214,DNVRPH103_hydrodynamics_rectangular.get_translational_z
FNDA:0,DNVRPH103_hydrodynamics_rectangular.get_translational_z
FN:216,222,DNVRPH103_hydrodynamics_rectangular.get_translational_x_ca
FNDA:0,DNVRPH103_hydrodynamics_rectangular.get_translational_x_ca
FN:224,230,DNVRPH103_hydrodynamics_rectangular.get_translational_y_ca
FNDA:0,DNVRPH103_hydrodynamics_rectangular.get_translational_y_ca
FN:232,238,DNVRPH103_hydrodynamics_rectangular.get_translational_z_ca
FNDA:0,DNVRPH103_hydrodynamics_rectangular.get_translational_z_ca
FN:240,269,DNVRPH103_hydrodynamics_rectangular.get_translational_ca
FNDA:0,DNVRPH103_hydrodynamics_rectangular.get_translational_ca
FN:271,276,DNVRPH103_hydrodynamics_rectangular.get_translational_x_cd
FNDA:0,DNVRPH103_hydrodynamics_rectangular.get_translational_x_cd
FN:278,283,DNVRPH103_hydrodynamics_rectangular.get_translational_y_cd
FNDA:0,DNVRPH103_hydrodynamics_rectangular.get_translational_y_cd
FN:285,290,DNVRPH103_hydrodynamics_rectangular.get_translational_z_cd
FNDA:0,DNVRPH103_hydrodynamics_rectangular.get_translational_z_cd
FN:292,315,DNVRPH103_hydrodynamics_rectangular.get_translational_cd
FNDA:0,DNVRPH103_hydrodynamics_rectangular.get_translational_cd
FN:317,327,DNVRPH103_hydrodynamics_rectangular.get_x_dimensions
FNDA:0,DNVRPH103_hydrodynamics_rectangular.get_x_dimensions
FN:329,339,DNVRPH103_hydrodynamics_rectangular.get_y_dimensions
FNDA:0,DNVRPH103_hydrodynamics_rectangular.get_y_dimensions
FN:341,351,DNVRPH103_hydrodynamics_rectangular.get_z_dimensions
FNDA:0,DNVRPH103_hydrodynamics_rectangular.get_z_dimensions
FN:353,368,DNVRPH103_hydrodynamics_rectangular.get_shape_coordinates
FNDA:0,DNVRPH103_hydrodynamics_rectangular.get_shape_coordinates
FN:370,375,DNVRPH103_hydrodynamics_rectangular.get_splash_from_deep_drag
FNDA:0,DNVRPH103_hydrodynamics_rectangular.get_splash_from_deep_drag
FN:377,384,DNVRPH103_hydrodynamics_rectangular.get_translational_circular
FNDA:0,DNVRPH103_hydrodynamics_rectangular.get_translational_circular
FN:386,398,DNVRPH103_hydrodynamics_rectangular.get_mass_added_with_perforation
FNDA:0,DNVRPH103_hydrodynamics_rectangular.get_mass_added_with_perforation
FN:400,421,DNVRPH103_hydrodynamics_rectangular.get_mass_moment_of_inertia
FNDA:0,DNVRPH103_hydrodynamics_rectangular.get_mass_moment_of_inertia
FN:423,431,DNVRPH103_hydrodynamics_rectangular.get_rotational_properties
FNDA:0,DNVRPH103_hydrodynamics_rectangular.get_rotational_properties
FN:433,443,DNVRPH103_hydrodynamics_rectangular.get_area_moment_of_intertia
FNDA:0,DNVRPH103_hydrodynamics_rectangular.get_area_moment_of_intertia
FN:445,448,DNVRPH103_hydrodynamics_rectangular.get_moment_coefficient
FNDA:0,DNVRPH103_hydrodynamics_rectangular.get_moment_coefficient
FN:450,464,DNVRPH103_hydrodynamics_rectangular.get_hydrodynamic_intertia
FNDA:0,DNVRPH103_hydrodynamics_rectangular.get_hydrodynamic_intertia
FN:466,489,DNVRPH103_hydrodynamics_rectangular.get_area_moment_of_inertia_by_type
FNDA:0,DNVRPH103_hydrodynamics_rectangular.get_area_moment_of_inertia_by_type
FN:491,503,DNVRPH103_hydrodynamics_rectangular.get_added_inertia_coefficient
FNDA:0,DNVRPH103_hydrodynamics_rectangular.get_added_inertia_coefficient
FN:505,512,DNVRPH103_hydrodynamics_rectangular.get_ca_intertial_x
FNDA:0,DNVRPH103_hydrodynamics_rectangular.get_ca_intertial_x
FN:514,521,DNVRPH103_hydrodynamics_rectangular.get_ca_intertial_y
FNDA:0,DNVRPH103_hydrodynamics_rectangular.get_ca_intertial_y
FN:523,530,DNVRPH103_hydrodynamics_rectangular.get_ca_intertial_z
FNDA:0,DNVRPH103_hydrodynamics_rectangular.get_ca_intertial_z
FN:532,545,DNVRPH103_hydrodynamics_rectangular.get_newman_ca
FNDA:0,DNVRPH103_hydrodynamics_rectangular.get_newman_ca
FNF:40
FNH:0
BRDA:43,0,jump to line 44,-
BRDA:43,0,jump to line 45,-
BRDA:46,0,jump to line 47,-
BRDA:46,0,return from function 'save_6d_buoy_models',-
BRDA:57,0,jump to line 58,-
BRDA:57,0,jump to line 60,-
BRDA:70,0,jump to line 71,-
BRDA:70,0,jump to line 73,-
BRDA:296,0,jump to line 297,-
BRDA:296,0,jump to line 304,-
BRDA:372,0,jump to line 373,-
BRDA:372,0,jump to line 375,-
BRDA:387,0,jump to line 388,-
BRDA:387,0,jump to line 389,-
BRDA:389,0,jump to line 390,-
BRDA:389,0,jump to line 394,-
BRDA:533,0,jump to line 534,-
BRDA:533,0,jump to line 539,-
BRF:18
BRH:0
end_of_record
SF:src\digitalmodel\common\fatigue_analysis.py
DA:2,1
DA:3,1
DA:6,1
DA:8,1
DA:9,1
DA:12,1
DA:13,1
DA:14,1
DA:16,1
DA:17,0
DA:18,0
DA:20,0
DA:22,0
DA:23,0
DA:24,0
DA:25,0
DA:26,0
DA:28,0
DA:30,0
DA:32,1
DA:33,0
DA:34,0
DA:35,0
DA:36,0
DA:37,0
DA:38,0
DA:39,0
DA:41,0
DA:43,0
DA:45,1
DA:46,0
DA:47,0
DA:48,0
DA:49,0
DA:50,0
DA:52,0
DA:54,0
DA:56,1
DA:57,0
DA:58,0
DA:59,0
DA:60,0
DA:61,0
DA:62,0
DA:63,0
DA:64,0
DA:66,0
DA:69,0
DA:70,0
DA:79,0
DA:81,0
DA:90,0
DA:92,1
DA:93,0
DA:94,0
DA:96,1
DA:97,0
DA:98,0
DA:101,0
DA:103,0
DA:105,1
DA:107,0
DA:108,0
DA:110,0
DA:111,0
DA:113,0
DA:114,0
DA:116,0
DA:118,1
DA:119,0
DA:133,0
DA:135,1
DA:136,0
DA:163,0
DA:165,1
DA:166,0
DA:168,0
LF:77
LH:18
FN:13,14,FatigueAnalysis.__init__
FNDA:1,FatigueAnalysis.__init__
FN:16,30,FatigueAnalysis.router
FNDA:0,FatigueAnalysis.router
FN:32,43,FatigueAnalysis.damage_from_sn_data
FNDA:0,FatigueAnalysis.damage_from_sn_data
FN:45,54,FatigueAnalysis.damage_from_rainflow_cycles
FNDA:0,FatigueAnalysis.damage_from_rainflow_cycles
FN:56,90,FatigueAnalysis.damage_from_timetrace
FNDA:0,FatigueAnalysis.damage_from_timetrace
FN:92,94,FatigueAnalysis.get_cycles_to_failure
FNDA:0,FatigueAnalysis.get_cycles_to_failure
FN:96,103,FatigueAnalysis.get_fatigue_curve
FNDA:0,FatigueAnalysis.get_fatigue_curve
FN:105,116,FatigueAnalysis.get_fatigue_curve_data
FNDA:0,FatigueAnalysis.get_fatigue_curve_data
FN:118,133,FatigueAnalysis.get_default_sn_cfg
FNDA:0,FatigueAnalysis.get_default_sn_cfg
FN:135,163,FatigueAnalysis.get_default_timetrace_cfg
FNDA:0,FatigueAnalysis.get_default_timetrace_cfg
FN:165,168,FatigueAnalysis.get_rainflow_from_timetrace
FNDA:0,FatigueAnalysis.get_rainflow_from_timetrace
FNF:11
FNH:1
BRDA:17,0,jump to line 18,-
BRDA:17,0,jump to line 22,-
BRDA:22,0,jump to line 23,-
BRDA:22,0,jump to line 30,-
BRDA:23,0,jump to line 24,-
BRDA:23,0,jump to line 25,-
BRDA:25,0,jump to line 26,-
BRDA:25,0,jump to line 28,-
BRDA:35,0,jump to line 36,-
BRDA:35,0,jump to line 41,-
BRDA:47,0,jump to line 48,-
BRDA:47,0,jump to line 54,-
BRDA:60,0,jump to line 61,-
BRDA:60,0,jump to line 81,-
BRDA:107,0,jump to line 108,-
BRDA:107,0,jump to line 110,-
BRF:16
BRH:0
end_of_record
SF:src\digitalmodel\common\pipe_properties.py
DA:2,1
DA:5,1
DA:6,1
DA:8,1
DA:11,1
DA:12,1
DA:13,1
DA:15,1
DA:16,0
DA:17,0
DA:18,0
DA:20,0
DA:22,0
DA:23,0
DA:25,0
DA:27,1
DA:29,0
DA:31,0
DA:37,0
DA:43,0
DA:49,0
DA:56,0
DA:67,0
DA:68,0
DA:71,0
DA:74,0
DA:77,0
DA:78,0
DA:79,0
DA:80,0
DA:84,0
DA:86,1
DA:87,0
DA:88,0
DA:89,0
DA:97,0
DA:98,0
DA:100,0
DA:101,0
DA:105,0
DA:107,0
DA:120,0
DA:122,0
DA:123,0
DA:125,0
DA:126,0
DA:128,0
DA:129,0
DA:131,0
DA:134,0
DA:136,0
DA:137,0
DA:139,0
DA:140,0
DA:142,0
DA:144,1
DA:145,0
DA:146,0
DA:148,0
DA:149,0
DA:151,0
DA:152,0
DA:153,0
DA:154,0
DA:155,0
DA:156,0
DA:158,0
DA:159,0
DA:160,0
DA:162,0
DA:163,0
DA:164,0
DA:165,0
DA:167,0
DA:183,0
DA:185,1
DA:186,0
DA:187,0
DA:188,0
DA:193,0
DA:194,0
DA:195,0
DA:196,0
DA:197,0
DA:198,0
DA:199,0
DA:202,0
DA:205,0
DA:210,0
DA:212,0
DA:214,1
DA:215,0
DA:216,0
DA:217,0
DA:218,0
DA:219,0
DA:221,0
DA:224,0
DA:228,0
DA:231,0
DA:234,0
DA:236,0
DA:238,0
DA:250,0
DA:251,0
DA:252,0
DA:254,0
DA:265,0
DA:267,1
DA:268,0
DA:269,0
DA:270,0
DA:271,0
DA:272,0
DA:273,0
DA:274,0
DA:275,0
DA:276,0
DA:277,0
DA:280,0
DA:284,0
DA:286,0
DA:288,0
DA:290,1
DA:291,0
DA:292,0
DA:293,0
DA:295,0
DA:297,0
DA:298,0
DA:302,0
DA:303,0
DA:305,0
DA:306,0
DA:308,1
DA:309,0
DA:310,0
DA:311,0
DA:312,0
DA:313,0
DA:315,0
DA:317,0
LF:142
LH:16
FN:12,13,PipeProperties.__init__
FNDA:1,PipeProperties.__init__
FN:15,25,PipeProperties.get_properties
FNDA:0,PipeProperties.get_properties
FN:27,84,PipeProperties.get_system_properties
FNDA:0,PipeProperties.get_system_properties
FN:86,142,PipeProperties.pipe_properties
FNDA:0,PipeProperties.pipe_properties
FN:144,183,PipeProperties.get_section_properties
FNDA:0,PipeProperties.get_section_properties
FN:185,212,PipeProperties.get_material_properties
FNDA:0,PipeProperties.get_material_properties
FN:214,265,PipeProperties.get_equivalent_properties
FNDA:0,PipeProperties.get_equivalent_properties
FN:267,288,PipeProperties.get_coating_properties
FNDA:0,PipeProperties.get_coating_properties
FN:290,306,PipeProperties.get_internal_fluid_properties
FNDA:0,PipeProperties.get_internal_fluid_properties
FN:308,318,PipeProperties.get_buoyancy_properties
FNDA:0,PipeProperties.get_buoyancy_properties
FNF:10
FNH:1
BRDA:17,0,jump to line 18,-
BRDA:17,0,jump to line 20,-
BRDA:87,0,jump to line 88,-
BRDA:87,0,jump to line 89,-
BRDA:97,0,jump to line 98,-
BRDA:97,0,jump to line 100,-
BRDA:100,0,jump to line 101,-
BRDA:100,0,jump to line 105,-
BRDA:196,0,jump to line 197,-
BRDA:196,0,jump to line 210,-
BRDA:271,0,jump to line 272,-
BRDA:271,0,jump to line 288,-
BRDA:276,0,jump to line 277,-
BRDA:276,0,jump to line 284,-
BRF:14
BRH:0
end_of_record
SF:src\digitalmodel\common\shear7_model_components.py
DA:1,1
DA:4,1
DA:5,1
DA:6,0
DA:8,1
DA:10,0
DA:11,0
DA:12,0
DA:14,0
DA:15,0
DA:16,0
DA:17,0
DA:18,0
DA:19,0
DA:21,1
DA:22,0
DA:24,0
DA:32,0
DA:40,0
DA:46,0
DA:47,0
DA:54,1
DA:55,0
DA:56,0
DA:58,1
DA:59,0
DA:60,0
DA:61,0
DA:62,0
DA:68,0
DA:69,0
DA:70,0
DA:83,0
DA:96,0
DA:117,0
DA:125,0
DA:128,0
DA:132,0
DA:134,1
DA:135,0
DA:136,0
DA:137,0
DA:140,0
DA:141,0
DA:142,0
DA:143,0
DA:144,0
DA:145,0
DA:150,0
DA:152,1
DA:153,0
DA:154,0
DA:157,0
DA:158,0
DA:165,0
DA:167,1
DA:168,0
DA:169,0
DA:172,0
DA:175,0
DA:178,0
DA:181,0
DA:184,0
DA:187,0
DA:191,1
DA:192,0
DA:193,0
DA:196,0
DA:199,0
DA:202,0
DA:205,0
DA:208,0
DA:211,0
DA:214,0
DA:217,0
DA:220,0
DA:223,0
DA:227,1
DA:228,0
DA:230,1
DA:231,0
DA:232,0
DA:237,0
DA:238,0
LF:84
LH:13
FN:5,6,Shear7ModelComponents.__init__
FNDA:0,Shear7ModelComponents.__init__
FN:8,19,Shear7ModelComponents.prep_shear7_model
FNDA:0,Shear7ModelComponents.prep_shear7_model
FN:21,52,Shear7ModelComponents.title
FNDA:0,Shear7ModelComponents.title
FN:54,56,Shear7ModelComponents.add_block_1
FNDA:0,Shear7ModelComponents.add_block_1
FN:58,132,Shear7ModelComponents.riser_joints_to_shear7_zones
FNDA:0,Shear7ModelComponents.riser_joints_to_shear7_zones
FN:134,150,Shear7ModelComponents.add_block_2
FNDA:0,Shear7ModelComponents.add_block_2
FN:152,165,Shear7ModelComponents.add_block_3
FNDA:0,Shear7ModelComponents.add_block_3
FN:167,189,Shear7ModelComponents.add_block_4
FNDA:0,Shear7ModelComponents.add_block_4
FN:191,225,Shear7ModelComponents.add_block_5
FNDA:0,Shear7ModelComponents.add_block_5
FN:227,228,Shear7ModelComponents.add_block_6
FNDA:0,Shear7ModelComponents.add_block_6
FN:230,238,Shear7ModelComponents.save_model
FNDA:0,Shear7ModelComponents.save_model
FNF:11
FNH:0
BRDA:61,0,jump to line 62,-
BRDA:61,0,return from function 'riser_joints_to_shear7_zones',-
BRDA:62,0,jump to line 61,-
BRDA:62,0,jump to line 68,-
BRF:4
BRH:0
end_of_record
SF:src\digitalmodel\common\ship_design.py
DA:1,1
DA:3,1
DA:6,1
DA:7,1
DA:8,0
DA:10,1
DA:11,0
LF:7
LH:5
FN:7,8,ShipDesign.__init__
FNDA:0,ShipDesign.__init__
FN:10,11,ShipDesign.router
FNDA:0,ShipDesign.router
FNF:2
FNH:0
end_of_record
SF:src\digitalmodel\common\ship_fatigue_analysis.py
DA:1,1
DA:2,1
DA:3,1
DA:4,1
DA:5,1
DA:6,1
DA:8,1
DA:9,1
DA:10,1
DA:12,1
DA:13,1
DA:16,1
DA:17,1
DA:18,1
DA:20,1
DA:21,0
DA:22,0
DA:23,0
DA:24,0
DA:25,0
DA:29,0
DA:30,0
DA:31,0
DA:32,0
DA:34,0
DA:36,1
DA:38,0
DA:39,0
DA:43,0
DA:44,0
DA:45,0
DA:57,0
DA:58,0
DA:60,0
DA:62,0
DA:64,1
DA:65,0
DA:68,0
DA:69,0
DA:70,0
DA:72,0
DA:75,0
DA:78,0
DA:82,0
DA:84,0
DA:85,0
DA:89,0
DA:90,0
DA:103,0
DA:105,0
DA:107,0
DA:109,0
DA:111,1
DA:112,0
DA:113,0
DA:117,0
DA:119,0
DA:120,0
DA:121,0
DA:124,0
DA:125,0
DA:128,0
DA:131,0
DA:135,0
DA:136,0
DA:137,0
DA:139,0
DA:151,0
DA:152,0
DA:153,0
DA:157,0
DA:159,0
DA:160,0
DA:162,0
DA:164,0
DA:166,1
DA:167,0
DA:168,0
DA:169,0
DA:170,0
DA:171,0
DA:172,0
DA:177,0
DA:178,0
DA:179,0
DA:181,0
DA:183,0
DA:185,1
DA:186,0
DA:190,0
DA:192,1
DA:193,0
DA:197,0
DA:198,0
DA:200,1
DA:201,0
DA:203,0
DA:204,0
DA:205,0
DA:206,0
DA:207,0
DA:211,0
DA:213,0
DA:214,0
DA:215,0
DA:217,0
DA:219,1
DA:220,0
DA:221,0
DA:222,0
DA:224,0
DA:226,0
DA:227,0
DA:228,0
DA:231,0
DA:233,0
DA:235,0
DA:236,0
DA:237,0
DA:239,0
DA:246,0
DA:253,0
DA:255,1
DA:256,0
DA:257,0
DA:258,0
DA:260,0
DA:262,0
DA:263,0
DA:264,0
DA:267,0
DA:269,0
DA:271,0
DA:274,0
DA:275,0
DA:276,0
DA:277,0
DA:278,0
DA:280,0
DA:282,1
DA:283,0
DA:284,0
DA:285,0
DA:287,0
DA:288,0
DA:292,0
DA:294,0
DA:296,1
DA:297,0
DA:299,0
DA:300,0
DA:302,0
DA:306,0
DA:307,0
DA:308,0
DA:309,0
DA:310,0
DA:313,0
DA:314,0
DA:317,0
DA:318,0
DA:321,0
DA:324,0
DA:326,0
DA:329,0
DA:332,0
DA:335,0
DA:338,0
DA:341,0
DA:342,0
DA:344,0
DA:361,0
DA:362,0
DA:363,0
DA:364,0
DA:365,0
DA:366,0
DA:367,0
DA:368,0
DA:369,0
DA:370,0
DA:371,0
DA:373,0
DA:389,0
DA:391,1
DA:393,0
DA:395,0
DA:397,1
DA:398,0
DA:400,0
DA:404,0
DA:405,0
DA:407,0
DA:408,0
DA:409,0
DA:410,0
DA:411,0
DA:414,0
DA:415,0
DA:418,0
DA:419,0
DA:422,0
DA:425,0
DA:428,0
DA:432,0
DA:443,0
DA:444,0
DA:445,0
DA:446,0
DA:447,0
DA:449,0
DA:459,0
DA:461,1
DA:462,0
DA:470,0
DA:472,0
DA:474,1
DA:475,0
DA:485,0
DA:487,0
DA:489,1
DA:490,0
DA:491,0
DA:492,0
DA:495,0
DA:496,0
DA:499,0
DA:500,0
DA:504,0
DA:507,0
DA:509,0
DA:510,0
DA:514,0
DA:515,0
DA:517,0
DA:518,0
DA:520,0
DA:522,1
DA:523,0
DA:524,0
DA:529,0
DA:530,0
DA:531,0
DA:532,0
DA:533,0
DA:534,0
DA:536,0
DA:537,0
DA:538,0
DA:539,0
DA:540,0
DA:541,0
DA:543,0
DA:546,0
DA:548,0
DA:549,0
DA:550,0
DA:552,0
DA:553,0
DA:555,0
DA:557,1
DA:558,0
DA:560,0
DA:565,0
DA:566,0
DA:567,0
DA:569,0
DA:570,0
DA:571,0
DA:572,0
DA:573,0
DA:574,0
DA:576,0
DA:579,0
DA:580,0
DA:581,0
DA:582,0
DA:583,0
DA:584,0
DA:586,0
DA:588,0
DA:592,0
DA:593,0
DA:595,0
DA:596,0
DA:598,0
DA:599,0
DA:600,0
DA:601,0
DA:602,0
DA:603,0
DA:604,0
DA:606,0
DA:607,0
DA:610,0
DA:611,0
DA:612,0
DA:613,0
DA:614,0
DA:615,0
DA:616,0
DA:618,0
DA:621,0
DA:622,0
DA:623,0
DA:624,0
DA:625,0
DA:626,0
DA:628,0
DA:630,0
DA:634,0
DA:635,0
DA:637,0
DA:638,0
DA:640,0
DA:642,1
DA:643,0
DA:646,0
DA:648,0
DA:656,0
DA:657,0
DA:658,0
DA:659,0
DA:660,0
DA:661,0
DA:663,0
DA:665,1
DA:670,0
DA:672,0
DA:676,0
DA:678,0
DA:680,1
DA:681,0
DA:684,0
DA:686,0
DA:688,0
DA:689,0
DA:690,0
DA:691,0
DA:696,0
DA:698,0
DA:699,0
DA:700,0
DA:701,0
DA:702,0
DA:704,0
DA:706,1
DA:707,0
DA:708,0
DA:709,0
DA:710,0
DA:714,0
DA:718,0
DA:721,0
DA:722,0
DA:723,0
DA:725,0
DA:726,0
DA:728,0
DA:730,1
DA:731,0
DA:735,0
DA:736,0
DA:737,0
DA:738,0
DA:739,0
DA:740,0
DA:742,0
DA:743,0
DA:747,0
DA:755,0
DA:756,0
DA:757,0
DA:758,0
DA:759,0
DA:760,0
DA:762,0
DA:764,0
DA:766,0
DA:768,0
DA:770,1
DA:771,0
DA:776,0
DA:777,0
DA:779,0
DA:781,0
DA:782,0
DA:783,0
DA:784,0
DA:785,0
DA:786,0
DA:788,0
DA:798,0
DA:799,0
DA:801,0
DA:802,0
DA:803,0
DA:804,0
DA:806,0
DA:807,0
DA:809,1
DA:810,0
DA:811,0
DA:812,0
DA:818,0
DA:824,0
DA:830,0
DA:836,0
DA:842,0
DA:849,0
DA:850,0
DA:851,0
DA:852,0
DA:853,0
DA:854,0
DA:855,0
DA:856,0
DA:857,0
DA:858,0
DA:860,0
DA:862,0
DA:871,0
DA:880,0
DA:888,0
DA:889,0
DA:891,0
DA:893,1
DA:894,0
DA:895,0
DA:905,0
DA:915,0
DA:925,0
DA:935,0
DA:945,0
DA:956,0
DA:957,0
DA:958,0
DA:959,0
DA:960,0
DA:961,0
DA:962,0
DA:963,0
DA:965,0
DA:967,0
DA:980,0
DA:993,0
DA:1006,0
DA:1008,1
DA:1009,0
DA:1010,0
DA:1017,0
DA:1020,0
DA:1022,0
DA:1029,0
DA:1031,0
DA:1032,0
DA:1034,1
DA:1035,0
DA:1037,0
DA:1038,0
DA:1039,0
DA:1040,0
DA:1041,0
DA:1042,0
DA:1043,0
DA:1047,0
DA:1051,0
DA:1053,0
DA:1055,1
DA:1056,0
DA:1058,0
DA:1065,0
DA:1066,0
DA:1068,0
LF:474
LH:44
FN:17,18,ShipFatigueAnalysis.__init__
FNDA:1,ShipFatigueAnalysis.__init__
FN:20,34,ShipFatigueAnalysis.router
FNDA:0,ShipFatigueAnalysis.router
FN:36,62,ShipFatigueAnalysis.get_lcf_sn_fatigue_damage
FNDA:0,ShipFatigueAnalysis.get_lcf_sn_fatigue_damage
FN:64,109,ShipFatigueAnalysis.get_lcf_timetrace_rainflow_and_fatigue_damage_P1_fast
FNDA:0,ShipFatigueAnalysis.get_lcf_timetrace_rainflow_and_fatigue_damage_P1_fast
FN:111,164,ShipFatigueAnalysis.get_lcf_timetrace_rainflow_and_fatigue_damage
FNDA:0,ShipFatigueAnalysis.get_lcf_timetrace_rainflow_and_fatigue_damage
FN:166,183,ShipFatigueAnalysis.get_abs_combined_fatigue
FNDA:0,ShipFatigueAnalysis.get_abs_combined_fatigue
FN:185,190,ShipFatigueAnalysis.save_combined_fatigue_as_csv
FNDA:0,ShipFatigueAnalysis.save_combined_fatigue_as_csv
FN:192,198,ShipFatigueAnalysis.save_combined_fatigue_summary_as_csv
FNDA:0,ShipFatigueAnalysis.save_combined_fatigue_summary_as_csv
FN:200,217,ShipFatigueAnalysis.get_fatigue_states_and_stress_timetrace
FNDA:0,ShipFatigueAnalysis.get_fatigue_states_and_stress_timetrace
FN:219,253,ShipFatigueAnalysis.get_fatigue_states_by_file_name
FNDA:0,ShipFatigueAnalysis.get_fatigue_states_by_file_name
FN:255,280,ShipFatigueAnalysis.get_state_files_by_directory
FNDA:0,ShipFatigueAnalysis.get_state_files_by_directory
FN:282,294,ShipFatigueAnalysis.save_stress_output_as_csv
FNDA:0,ShipFatigueAnalysis.save_stress_output_as_csv
FN:296,389,ShipFatigueAnalysis.get_fatigue_damage_output_df_for_timetrace
FNDA:0,ShipFatigueAnalysis.get_fatigue_damage_output_df_for_timetrace
FN:391,395,ShipFatigueAnalysis.get_stress_output_df_P1_fast
FNDA:0,ShipFatigueAnalysis.get_stress_output_df_P1_fast
FN:397,459,ShipFatigueAnalysis.get_stress_output_df
FNDA:0,ShipFatigueAnalysis.get_stress_output_df
FN:461,472,ShipFatigueAnalysis.get_stress_df_definition
FNDA:0,ShipFatigueAnalysis.get_stress_df_definition
FN:474,487,ShipFatigueAnalysis.get_fatigue_df_definition_for_timetrace
FNDA:0,ShipFatigueAnalysis.get_fatigue_df_definition_for_timetrace
FN:489,520,ShipFatigueAnalysis.get_stress_timetrace
FNDA:0,ShipFatigueAnalysis.get_stress_timetrace
FN:522,555,ShipFatigueAnalysis.get_stress_data_by_set_P1_fast
FNDA:0,ShipFatigueAnalysis.get_stress_data_by_set_P1_fast
FN:557,640,ShipFatigueAnalysis.get_stress_data_by_set
FNDA:0,ShipFatigueAnalysis.get_stress_data_by_set
FN:642,663,ShipFatigueAnalysis.get_stress_data_for_coordinate
FNDA:0,ShipFatigueAnalysis.get_stress_data_for_coordinate
FN:665,678,ShipFatigueAnalysis.get_stress_data_for_element_P1_fast
FNDA:0,ShipFatigueAnalysis.get_stress_data_for_element_P1_fast
FN:680,704,ShipFatigueAnalysis.get_stress_data_for_element
FNDA:0,ShipFatigueAnalysis.get_stress_data_for_element
FN:706,728,ShipFatigueAnalysis.read_files_and_get_data_as_df
FNDA:0,ShipFatigueAnalysis.read_files_and_get_data_as_df
FN:730,768,ShipFatigueAnalysis.transform_df_for_P1_stress_fast_process
FNDA:0,ShipFatigueAnalysis.transform_df_for_P1_stress_fast_process
FN:770,807,ShipFatigueAnalysis.transform_df_for_stress_analysis
FNDA:0,ShipFatigueAnalysis.transform_df_for_stress_analysis
FN:809,891,ShipFatigueAnalysis.get_df_with_4_nodes
FNDA:0,ShipFatigueAnalysis.get_df_with_4_nodes
FN:893,1006,ShipFatigueAnalysis.get_df_with_8_nodes
FNDA:0,ShipFatigueAnalysis.get_df_with_8_nodes
FN:1008,1032,ShipFatigueAnalysis.read_seasam_xtract
FNDA:0,ShipFatigueAnalysis.read_seasam_xtract
FN:1034,1053,ShipFatigueAnalysis.get_fatigue_states_by_directory
FNDA:0,ShipFatigueAnalysis.get_fatigue_states_by_directory
FN:1055,1068,ShipFatigueAnalysis.get_files_in_directory
FNDA:0,ShipFatigueAnalysis.get_files_in_directory
FNF:31
FNH:1
BRDA:21,0,jump to line 22,-
BRDA:21,0,jump to line 23,-
BRDA:23,0,jump to line 24,-
BRDA:23,0,jump to line 34,-
BRDA:24,0,jump to line 25,-
BRDA:24,0,jump to line 29,-
BRDA:44,0,jump to line 45,-
BRDA:44,0,jump to line 60,-
BRDA:82,0,jump to line 84,-
BRDA:82,0,jump to line 107,-
BRDA:84,0,jump to line 85,-
BRDA:84,0,jump to line 89,-
BRDA:119,0,jump to line 120,-
BRDA:119,0,jump to line 162,-
BRDA:120,0,jump to line 121,-
BRDA:120,0,jump to line 124,-
BRDA:124,0,jump to line 125,-
BRDA:124,0,jump to line 135,-
BRDA:159,0,jump to line 119,-
BRDA:159,0,jump to line 160,-
BRDA:169,0,jump to line 170,-
BRDA:169,0,jump to line 181,-
BRDA:203,0,jump to line 204,-
BRDA:203,0,jump to line 206,-
BRDA:206,0,jump to line 207,-
BRDA:206,0,jump to line 211,-
BRDA:214,0,jump to line 215,-
BRDA:214,0,jump to line 217,-
BRDA:221,0,jump to line 222,-
BRDA:221,0,jump to line 246,-
BRDA:226,0,jump to line 227,-
BRDA:226,0,jump to line 233,-
BRDA:235,0,jump to line 236,-
BRDA:235,0,jump to line 239,-
BRDA:257,0,jump to line 258,-
BRDA:257,0,jump to line 280,-
BRDA:262,0,jump to line 263,-
BRDA:262,0,jump to line 269,-
BRDA:271,0,jump to line 274,-
BRDA:271,0,jump to line 276,-
BRDA:284,0,jump to line 285,-
BRDA:284,0,jump to line 287,-
BRDA:299,0,jump to line 300,-
BRDA:299,0,jump to line 389,-
BRDA:306,0,jump to line 307,-
BRDA:306,0,jump to line 361,-
BRDA:307,0,jump to line 299,-
BRDA:307,0,jump to line 308,-
BRDA:308,0,jump to line 307,-
BRDA:308,0,jump to line 309,-
BRDA:309,0,jump to line 307,-
BRDA:309,0,jump to line 310,-
BRDA:313,0,jump to line 314,-
BRDA:313,0,jump to line 317,-
BRDA:317,0,jump to line 318,-
BRDA:317,0,jump to line 321,-
BRDA:404,0,jump to line 405,-
BRDA:404,0,jump to line 459,-
BRDA:407,0,jump to line 408,-
BRDA:407,0,jump to line 443,-
BRDA:408,0,jump to line 404,-
BRDA:408,0,jump to line 409,-
BRDA:409,0,jump to line 408,-
BRDA:409,0,jump to line 410,-
BRDA:410,0,jump to line 408,-
BRDA:410,0,jump to line 411,-
BRDA:414,0,jump to line 415,-
BRDA:414,0,jump to line 418,-
BRDA:418,0,jump to line 419,-
BRDA:418,0,jump to line 422,-
BRDA:491,0,jump to line 492,-
BRDA:491,0,jump to line 520,-
BRDA:499,0,jump to line 500,-
BRDA:499,0,jump to line 504,-
BRDA:531,0,jump to line 532,-
BRDA:531,0,jump to line 536,-
BRDA:537,0,jump to line 538,-
BRDA:537,0,jump to line 552,-
BRDA:540,0,jump to line 541,-
BRDA:540,0,jump to line 548,-
BRDA:565,0,jump to line 566,-
BRDA:565,0,jump to line 598,-
BRDA:570,0,jump to line 571,-
BRDA:570,0,jump to line 595,-
BRDA:573,0,jump to line 574,-
BRDA:573,0,jump to line 592,-
BRDA:580,0,jump to line 581,-
BRDA:580,0,jump to line 582,-
BRDA:582,0,jump to line 583,-
BRDA:582,0,jump to line 588,-
BRDA:583,0,jump to line 584,-
BRDA:583,0,jump to line 586,-
BRDA:598,0,jump to line 599,-
BRDA:598,0,jump to line 640,-
BRDA:601,0,jump to line 602,-
BRDA:601,0,jump to line 606,-
BRDA:610,0,jump to line 611,-
BRDA:610,0,jump to line 637,-
BRDA:615,0,jump to line 616,-
BRDA:615,0,jump to line 634,-
BRDA:622,0,jump to line 623,-
BRDA:622,0,jump to line 624,-
BRDA:624,0,jump to line 625,-
BRDA:624,0,jump to line 630,-
BRDA:625,0,jump to line 626,-
BRDA:625,0,jump to line 628,-
BRDA:708,0,jump to line 709,-
BRDA:708,0,jump to line 726,-
BRDA:710,0,jump to line 714,-
BRDA:710,0,jump to line 718,-
BRDA:722,0,jump to line 723,-
BRDA:722,0,jump to line 725,-
BRDA:736,0,jump to line 737,-
BRDA:736,0,jump to line 742,-
BRDA:755,0,jump to line 756,-
BRDA:755,0,jump to line 757,-
BRDA:757,0,jump to line 758,-
BRDA:757,0,jump to line 759,-
BRDA:759,0,jump to line 760,-
BRDA:759,0,jump to line 762,-
BRDA:776,0,jump to line 777,-
BRDA:776,0,jump to line 779,-
BRDA:782,0,jump to line 783,-
BRDA:782,0,jump to line 788,-
BRDA:798,0,jump to line 799,-
BRDA:798,0,jump to line 801,-
BRDA:801,0,jump to line 802,-
BRDA:801,0,jump to line 803,-
BRDA:803,0,jump to line 804,-
BRDA:803,0,jump to line 806,-
BRDA:811,0,jump to line 812,-
BRDA:811,0,jump to line 891,-
BRDA:849,0,jump to line 850,-
BRDA:849,0,jump to line 851,-
BRDA:851,0,jump to line 852,-
BRDA:851,0,jump to line 853,-
BRDA:853,0,jump to line 854,-
BRDA:853,0,jump to line 855,-
BRDA:855,0,jump to line 856,-
BRDA:855,0,jump to line 857,-
BRDA:857,0,jump to line 858,-
BRDA:857,0,jump to line 860,-
BRDA:894,0,jump to line 895,-
BRDA:894,0,jump to line 1006,-
BRDA:956,0,jump to line 957,-
BRDA:956,0,jump to line 958,-
BRDA:958,0,jump to line 959,-
BRDA:958,0,jump to line 960,-
BRDA:960,0,jump to line 961,-
BRDA:960,0,jump to line 962,-
BRDA:962,0,jump to line 963,-
BRDA:962,0,jump to line 965,-
BRDA:1037,0,jump to line 1038,-
BRDA:1037,0,jump to line 1053,-
BRDA:1040,0,jump to line 1041,-
BRDA:1040,0,jump to line 1047,-
BRF:156
BRH:0
end_of_record
SF:src\digitalmodel\common\typical_riser_stack_up_calculations.py
DA:1,1
DA:2,1
DA:3,0
DA:5,1
DA:6,0
DA:7,0
DA:9,0
DA:35,0
DA:39,0
DA:40,0
DA:41,0
DA:42,0
DA:43,0
DA:44,0
DA:53,1
DA:54,0
DA:55,0
DA:56,0
DA:57,0
DA:68,0
DA:77,0
DA:82,0
DA:85,0
DA:88,0
DA:91,0
DA:93,1
DA:94,0
DA:97,0
DA:101,0
DA:105,1
DA:106,0
DA:109,0
DA:118,0
DA:121,0
DA:130,0
DA:131,0
DA:140,0
DA:141,0
DA:145,0
DA:148,0
DA:149,0
DA:153,0
DA:154,0
DA:163,1
DA:164,0
DA:165,0
DA:172,1
DA:173,0
DA:174,0
DA:175,0
DA:176,0
DA:178,1
DA:179,0
DA:181,0
DA:182,0
DA:183,0
DA:191,0
DA:200,0
DA:209,0
DA:218,0
DA:227,0
DA:236,0
DA:245,0
DA:254,0
DA:263,0
DA:272,0
DA:281,0
DA:290,0
DA:299,0
DA:308,0
DA:323,0
DA:343,1
DA:344,0
DA:345,0
DA:351,0
DA:365,0
DA:371,0
DA:386,0
DA:414,1
DA:415,0
DA:417,0
DA:420,0
DA:427,0
DA:430,0
DA:433,0
DA:442,0
DA:445,0
DA:455,0
DA:461,0
DA:462,0
DA:466,0
DA:469,0
DA:474,0
DA:476,0
DA:487,0
DA:498,0
DA:499,0
DA:503,0
DA:504,0
DA:508,0
DA:509,0
DA:517,0
DA:526,0
DA:528,1
DA:529,0
DA:530,0
DA:533,0
DA:534,0
DA:535,0
DA:536,0
DA:544,0
DA:545,0
DA:546,0
DA:548,0
DA:549,0
LF:115
LH:12
FN:2,3,TypicalRiserStackUpCalculations.__init__
FNDA:0,TypicalRiserStackUpCalculations.__init__
FN:5,51,TypicalRiserStackUpCalculations.prepare_stack_up_properties_df
FNDA:0,TypicalRiserStackUpCalculations.prepare_stack_up_properties_df
FN:53,91,TypicalRiserStackUpCalculations.populate_elevation_from_endA_in_df
FNDA:0,TypicalRiserStackUpCalculations.populate_elevation_from_endA_in_df
FN:93,103,TypicalRiserStackUpCalculations.populate_shear7_x_by_L_in_df
FNDA:0,TypicalRiserStackUpCalculations.populate_shear7_x_by_L_in_df
FN:105,161,TypicalRiserStackUpCalculations.populate_elevation_relative_to_mudline_in_df
FNDA:0,TypicalRiserStackUpCalculations.populate_elevation_relative_to_mudline_in_df
FN:163,170,TypicalRiserStackUpCalculations.populate_elevation_relative_to_MSL_in_df
FNDA:0,TypicalRiserStackUpCalculations.populate_elevation_relative_to_MSL_in_df
FN:172,176,TypicalRiserStackUpCalculations.evaluate_inservice_weights_and_tensions
FNDA:0,TypicalRiserStackUpCalculations.evaluate_inservice_weights_and_tensions
FN:178,341,TypicalRiserStackUpCalculations.assign_key_properties_to_df
FNDA:0,TypicalRiserStackUpCalculations.assign_key_properties_to_df
FN:343,412,TypicalRiserStackUpCalculations.evaluate_stack_in_service_weights
FNDA:0,TypicalRiserStackUpCalculations.evaluate_stack_in_service_weights
FN:414,526,TypicalRiserStackUpCalculations.evaluate_effective_tension
FNDA:0,TypicalRiserStackUpCalculations.evaluate_effective_tension
FN:528,551,TypicalRiserStackUpCalculations.evaluate_stretch_in_riser
FNDA:0,TypicalRiserStackUpCalculations.evaluate_stretch_in_riser
FNF:11
FNH:0
BRDA:56,0,jump to line 57,-
BRDA:56,0,return from function 'populate_elevation_from_endA_in_df',-
BRDA:57,0,jump to line 68,-
BRDA:57,0,jump to line 82,-
BRDA:118,0,jump to line 121,-
BRDA:118,0,jump to line 130,-
BRDA:130,0,jump to line 131,-
BRDA:130,0,jump to line 140,-
BRDA:140,0,jump to line 141,-
BRDA:140,0,jump to line 153,-
BRDA:141,0,jump to line 145,-
BRDA:141,0,jump to line 148,-
BRDA:148,0,jump to line 140,-
BRDA:148,0,jump to line 149,-
BRDA:153,0,jump to line 154,-
BRDA:153,0,return from function 'populate_elevation_relative_to_mudline_in_df',-
BRDA:164,0,jump to line 165,-
BRDA:164,0,return from function 'populate_elevation_relative_to_MSL_in_df',-
BRDA:181,0,jump to line 182,-
BRDA:181,0,return from function 'assign_key_properties_to_df',-
BRDA:182,0,jump to line 181,-
BRDA:182,0,jump to line 183,-
BRDA:183,0,jump to line 182,-
BRDA:183,0,jump to line 191,-
BRDA:344,0,jump to line 345,-
BRDA:344,0,return from function 'evaluate_stack_in_service_weights',-
BRDA:345,0,jump to line 351,-
BRDA:345,0,jump to line 365,-
BRDA:365,0,jump to line 371,-
BRDA:365,0,jump to line 386,-
BRDA:442,0,jump to line 445,-
BRDA:442,0,jump to line 461,-
BRDA:461,0,jump to line 462,-
BRDA:461,0,jump to line 498,-
BRDA:462,0,jump to line 466,-
BRDA:462,0,jump to line 476,-
BRDA:498,0,jump to line 499,-
BRDA:498,0,jump to line 503,-
BRDA:508,0,jump to line 509,-
BRDA:508,0,jump to line 526,-
BRDA:529,0,jump to line 530,-
BRDA:529,0,return from function 'evaluate_stretch_in_riser',-
BRDA:535,0,jump to line 536,-
BRDA:535,0,jump to line 548,-
BRF:44
BRH:0
end_of_record
SF:src\digitalmodel\common\visualizations.py
DA:1,1
DA:2,1
DA:5,0
DA:7,0
DA:8,0
DA:9,0
DA:10,0
DA:11,0
DA:12,0
DA:13,0
DA:14,0
DA:15,0
DA:16,0
DA:18,1
DA:30,0
DA:31,0
DA:32,0
DA:34,0
DA:36,0
DA:37,0
DA:41,0
DA:42,0
DA:43,0
DA:45,0
DA:46,0
DA:47,0
DA:49,0
DA:51,0
DA:53,0
DA:62,0
DA:65,0
DA:68,0
DA:71,0
DA:73,0
DA:78,0
DA:79,0
DA:81,1
DA:84,0
DA:86,0
DA:87,0
DA:89,0
DA:90,0
DA:91,0
DA:92,0
DA:94,1
DA:95,0
DA:96,0
DA:97,0
DA:99,0
DA:101,0
DA:102,0
DA:103,0
DA:104,0
DA:105,0
DA:106,0
DA:107,0
DA:109,0
DA:110,0
DA:111,0
DA:113,0
DA:114,0
DA:115,0
DA:117,0
DA:119,0
DA:120,0
DA:121,0
DA:122,0
DA:125,0
DA:126,0
DA:127,0
DA:128,0
DA:131,0
DA:133,0
DA:135,0
DA:136,0
DA:137,0
DA:138,0
DA:139,0
DA:141,0
DA:144,0
DA:153,0
DA:164,0
DA:165,0
DA:167,0
DA:168,0
DA:169,0
DA:170,0
DA:171,0
DA:172,0
DA:174,0
DA:177,0
DA:179,0
DA:181,0
DA:182,0
DA:184,0
DA:186,0
DA:192,0
DA:193,0
DA:194,0
DA:196,0
DA:198,0
DA:199,0
DA:200,0
DA:201,0
DA:202,0
DA:204,0
DA:205,0
DA:206,0
DA:207,0
DA:212,0
DA:213,0
DA:218,0
DA:219,0
DA:225,0
DA:226,0
DA:228,1
DA:229,0
DA:233,0
DA:234,0
DA:238,0
DA:239,0
DA:243,0
DA:244,0
DA:248,0
DA:249,0
DA:253,0
DA:254,0
DA:258,0
DA:260,1
DA:264,0
DA:266,0
DA:267,0
DA:269,0
DA:270,0
DA:277,0
DA:279,0
DA:280,0
DA:282,0
DA:284,0
DA:286,1
DA:287,0
DA:288,0
DA:289,0
DA:290,0
DA:291,0
DA:292,0
DA:294,1
DA:295,0
DA:296,0
DA:297,0
DA:298,0
DA:300,0
DA:301,0
DA:302,0
DA:303,0
DA:304,0
DA:306,0
DA:308,1
DA:312,0
DA:314,0
DA:315,0
DA:317,0
DA:318,0
DA:319,0
DA:320,0
DA:321,0
DA:322,0
DA:323,0
DA:324,0
DA:325,0
DA:326,0
DA:328,1
DA:329,0
DA:330,0
DA:331,0
DA:333,0
DA:334,0
DA:335,0
DA:336,0
DA:337,0
DA:338,0
DA:339,0
DA:340,0
DA:342,1
DA:343,0
DA:369,1
DA:370,0
DA:371,0
DA:372,0
DA:374,0
DA:376,0
DA:377,0
DA:383,0
DA:384,0
DA:385,0
DA:393,0
DA:394,0
DA:395,0
DA:402,0
DA:406,0
DA:407,0
DA:408,0
DA:409,0
DA:412,0
DA:413,0
DA:414,0
DA:415,0
DA:416,0
DA:417,0
DA:420,0
DA:421,0
DA:423,0
DA:424,0
DA:430,0
DA:437,0
DA:440,0
DA:442,0
DA:444,0
DA:445,0
DA:446,0
DA:447,0
DA:448,0
DA:449,0
DA:451,0
DA:452,0
DA:453,0
DA:455,0
DA:457,0
DA:458,0
DA:459,0
DA:460,0
DA:462,0
DA:463,0
DA:464,0
DA:465,0
DA:467,0
DA:469,0
DA:471,1
DA:472,0
DA:473,0
DA:474,0
DA:476,0
DA:478,0
DA:479,0
DA:480,0
DA:481,0
DA:488,0
DA:490,0
DA:491,0
DA:492,0
DA:494,1
DA:495,0
DA:496,0
DA:497,0
DA:498,0
DA:499,0
DA:500,0
DA:502,0
DA:504,0
DA:505,0
DA:506,0
DA:507,0
DA:508,0
DA:510,1
DA:511,0
DA:512,0
DA:513,0
DA:514,0
DA:517,0
DA:519,0
DA:520,0
DA:521,0
DA:528,0
DA:536,1
DA:537,0
DA:538,0
DA:539,0
DA:540,0
DA:542,0
DA:543,0
DA:544,0
DA:545,0
DA:547,0
DA:555,1
DA:556,0
DA:557,0
DA:558,0
DA:559,0
DA:561,0
DA:562,0
DA:563,0
DA:564,0
DA:565,0
DA:566,0
DA:567,0
DA:569,0
DA:570,0
DA:572,0
DA:573,0
DA:575,0
DA:576,0
DA:578,1
DA:579,0
DA:580,0
DA:581,0
DA:583,0
DA:584,0
DA:585,0
DA:587,0
DA:589,0
DA:593,1
DA:594,0
DA:595,0
DA:596,0
DA:597,0
DA:598,0
DA:599,0
DA:601,0
DA:603,0
DA:605,0
DA:607,1
DA:608,0
DA:610,1
DA:611,0
DA:613,0
DA:614,0
DA:627,0
DA:649,0
DA:650,0
DA:652,1
DA:655,0
DA:657,0
DA:658,0
DA:659,0
DA:660,0
DA:661,0
DA:663,0
DA:664,0
DA:665,0
DA:666,0
DA:667,0
DA:669,0
DA:671,0
DA:672,0
DA:673,0
DA:680,0
DA:681,0
DA:687,0
DA:688,0
DA:689,0
DA:690,0
DA:691,0
DA:692,0
DA:693,0
DA:694,0
DA:696,0
DA:697,0
DA:699,0
DA:701,1
DA:702,0
DA:703,0
DA:705,0
DA:711,0
DA:716,0
DA:717,0
DA:720,0
DA:721,0
DA:737,0
DA:753,0
DA:768,0
DA:771,0
DA:774,0
DA:777,0
DA:780,0
DA:781,0
DA:784,0
DA:785,0
DA:786,0
DA:788,1
DA:791,0
DA:794,0
DA:796,0
DA:798,0
DA:800,0
DA:801,0
DA:803,0
DA:804,0
DA:805,0
DA:815,0
DA:818,0
DA:819,0
DA:820,0
DA:828,0
DA:829,0
DA:830,0
DA:831,0
DA:832,0
DA:834,0
DA:836,1
DA:839,0
DA:842,0
DA:844,0
DA:846,0
DA:848,0
DA:849,0
DA:851,0
DA:852,0
DA:853,0
DA:854,0
DA:855,0
DA:869,0
DA:872,0
DA:873,0
DA:874,0
DA:882,0
DA:883,0
DA:884,0
DA:885,0
DA:886,0
DA:888,0
LF:420
LH:26
FN:2,16,Visualization.__init__
FNDA:0,Visualization.__init__
FN:18,79,Visualization.generate_time_line
FNDA:0,Visualization.generate_time_line
FN:81,92,Visualization.from_df_array
FNDA:0,Visualization.from_df_array
FN:94,226,Visualization.from_df_columns
FNDA:0,Visualization.from_df_columns
FN:228,258,Visualization.set_plot_size_orientation
FNDA:0,Visualization.set_plot_size_orientation
FN:260,284,Visualization.from_df_get_plot
FNDA:0,Visualization.from_df_get_plot
FN:286,292,Visualization.add_x_y_scale_formats
FNDA:0,Visualization.add_x_y_scale_formats
FN:294,306,Visualization.add_x_y_lim_formats
FNDA:0,Visualization.add_x_y_lim_formats
FN:308,326,Visualization.resolution_adjust
FNDA:0,Visualization.resolution_adjust
FN:328,340,Visualization.save_and_close
FNDA:0,Visualization.save_and_close
FN:342,343,Visualization.gist1
FNDA:0,Visualization.gist1
FN:369,469,Visualization.add_title_and_axis_labels
FNDA:0,Visualization.add_title_and_axis_labels
FN:471,492,Visualization.add_legend
FNDA:0,Visualization.add_legend
FN:494,508,Visualization.axis_autoformat
FNDA:0,Visualization.axis_autoformat
FN:510,534,Visualization.add_text_fields
FNDA:0,Visualization.add_text_fields
FN:536,553,Visualization.annotate
FNDA:0,Visualization.annotate
FN:555,576,Visualization.add_reference_lines_and_spans
FNDA:0,Visualization.add_reference_lines_and_spans
FN:578,591,Visualization.multiple_plots
FNDA:0,Visualization.multiple_plots
FN:593,605,Visualization.autoselect_current_subplot
FNDA:0,Visualization.autoselect_current_subplot
FN:607,608,Visualization.plot_subplot
FNDA:0,Visualization.plot_subplot
FN:610,650,Visualization.color_lists
FNDA:0,Visualization.color_lists
FN:652,699,Visualization.orcaflex_range_plot
FNDA:0,Visualization.orcaflex_range_plot
FN:701,786,Visualization.example_group_bar_plot1_gist
FNDA:0,Visualization.example_group_bar_plot1_gist
FN:788,834,Visualization.plotCustomFatigue
FNDA:0,Visualization.plotCustomFatigue
FN:836,888,Visualization.plotCustomFatigueComparison
FNDA:0,Visualization.plotCustomFatigueComparison
FNF:25
FNH:0
BRDA:14,0,jump to line 15,-
BRDA:14,0,return from function '__init__',-
BRDA:45,0,jump to line 46,-
BRDA:45,0,jump to line 62,-
BRDA:89,0,jump to line 90,-
BRDA:89,0,return from function 'from_df_array',-
BRDA:90,0,jump to line 89,-
BRDA:90,0,jump to line 91,-
BRDA:96,0,jump to line 97,-
BRDA:96,0,jump to line 99,-
BRDA:101,0,jump to line 102,-
BRDA:101,0,jump to line 204,-
BRDA:103,0,jump to line 104,-
BRDA:103,0,jump to line 204,-
BRDA:106,0,jump to line 107,-
BRDA:106,0,jump to line 109,-
BRDA:110,0,jump to line 111,-
BRDA:110,0,jump to line 113,-
BRDA:114,0,jump to line 115,-
BRDA:114,0,jump to line 117,-
BRDA:121,0,jump to line 122,-
BRDA:121,0,jump to line 135,-
BRDA:122,0,jump to line 125,-
BRDA:122,0,jump to line 126,-
BRDA:126,0,jump to line 127,-
BRDA:126,0,jump to line 128,-
BRDA:128,0,jump to line 131,-
BRDA:128,0,jump to line 133,-
BRDA:135,0,jump to line 136,-
BRDA:135,0,jump to line 137,-
BRDA:137,0,jump to line 138,-
BRDA:137,0,jump to line 164,-
BRDA:138,0,jump to line 139,-
BRDA:138,0,jump to line 141,-
BRDA:141,0,jump to line 144,-
BRDA:141,0,jump to line 153,-
BRDA:164,0,jump to line 165,-
BRDA:164,0,jump to line 179,-
BRDA:171,0,jump to line 103,-
BRDA:171,0,jump to line 172,-
BRDA:179,0,jump to line 181,-
BRDA:179,0,jump to line 182,-
BRDA:182,0,jump to line 184,-
BRDA:182,0,jump to line 192,-
BRDA:192,0,jump to line 103,-
BRDA:192,0,jump to line 193,-
BRDA:193,0,jump to line 194,-
BRDA:193,0,jump to line 196,-
BRDA:204,0,jump to line 205,-
BRDA:204,0,jump to line 225,-
BRDA:205,0,jump to line 206,-
BRDA:205,0,jump to line 225,-
BRDA:206,0,jump to line 207,-
BRDA:206,0,jump to line 212,-
BRDA:212,0,jump to line 213,-
BRDA:212,0,jump to line 218,-
BRDA:218,0,jump to line 205,-
BRDA:218,0,jump to line 219,-
BRDA:229,0,jump to line 233,-
BRDA:229,0,jump to line 234,-
BRDA:234,0,jump to line 238,-
BRDA:234,0,jump to line 239,-
BRDA:239,0,jump to line 243,-
BRDA:239,0,jump to line 244,-
BRDA:244,0,jump to line 248,-
BRDA:244,0,jump to line 249,-
BRDA:249,0,jump to line 253,-
BRDA:249,0,jump to line 254,-
BRDA:254,0,jump to line 258,-
BRDA:254,0,return from function 'set_plot_size_orientation',-
BRDA:269,0,jump to line 270,-
BRDA:269,0,jump to line 277,-
BRDA:279,0,jump to line 280,-
BRDA:279,0,jump to line 282,-
BRDA:287,0,jump to line 288,-
BRDA:287,0,jump to line 290,-
BRDA:288,0,jump to line 289,-
BRDA:288,0,jump to line 290,-
BRDA:290,0,jump to line 291,-
BRDA:290,0,return from function 'add_x_y_scale_formats',-
BRDA:291,0,jump to line 292,-
BRDA:291,0,return from function 'add_x_y_scale_formats',-
BRDA:295,0,jump to line 296,-
BRDA:295,0,jump to line 301,-
BRDA:296,0,jump to line 297,-
BRDA:296,0,jump to line 301,-
BRDA:297,0,jump to line 298,-
BRDA:297,0,jump to line 300,-
BRDA:301,0,jump to line 302,-
BRDA:301,0,return from function 'add_x_y_lim_formats',-
BRDA:302,0,jump to line 303,-
BRDA:302,0,return from function 'add_x_y_lim_formats',-
BRDA:303,0,jump to line 304,-
BRDA:303,0,jump to line 306,-
BRDA:314,0,jump to line 315,-
BRDA:314,0,jump to line 317,-
BRDA:317,0,jump to line 318,-
BRDA:317,0,jump to line 322,-
BRDA:322,0,jump to line 323,-
BRDA:322,0,return from function 'resolution_adjust',-
BRDA:329,0,jump to line 330,-
BRDA:329,0,jump to line 333,-
BRDA:339,0,jump to line 340,-
BRDA:339,0,return from function 'save_and_close',-
BRDA:371,0,jump to line 372,-
BRDA:371,0,jump to line 374,-
BRDA:376,0,jump to line 377,-
BRDA:376,0,jump to line 383,-
BRDA:383,0,jump to line 384,-
BRDA:383,0,jump to line 393,-
BRDA:384,0,jump to line 385,-
BRDA:384,0,jump to line 393,-
BRDA:393,0,jump to line 394,-
BRDA:393,0,jump to line 406,-
BRDA:394,0,jump to line 395,-
BRDA:394,0,jump to line 402,-
BRDA:408,0,jump to line 409,-
BRDA:408,0,jump to line 414,-
BRDA:416,0,jump to line 417,-
BRDA:416,0,jump to line 423,-
BRDA:423,0,jump to line 424,-
BRDA:423,0,jump to line 437,-
BRDA:445,0,jump to line 446,-
BRDA:445,0,jump to line 447,-
BRDA:448,0,jump to line 449,-
BRDA:448,0,jump to line 451,-
BRDA:451,0,jump to line 452,-
BRDA:451,0,jump to line 457,-
BRDA:452,0,jump to line 453,-
BRDA:452,0,jump to line 455,-
BRDA:457,0,jump to line 458,-
BRDA:457,0,return from function 'add_title_and_axis_labels',-
BRDA:458,0,jump to line 459,-
BRDA:458,0,jump to line 463,-
BRDA:459,0,jump to line 460,-
BRDA:459,0,jump to line 462,-
BRDA:463,0,jump to line 464,-
BRDA:463,0,jump to line 469,-
BRDA:464,0,jump to line 465,-
BRDA:464,0,jump to line 467,-
BRDA:472,0,jump to line 473,-
BRDA:472,0,return from function 'add_legend',-
BRDA:473,0,jump to line 474,-
BRDA:473,0,jump to line 476,-
BRDA:478,0,jump to line 479,-
BRDA:478,0,jump to line 491,-
BRDA:479,0,jump to line 480,-
BRDA:479,0,jump to line 490,-
BRDA:491,0,jump to line 492,-
BRDA:491,0,return from function 'add_legend',-
BRDA:495,0,jump to line 496,-
BRDA:495,0,return from function 'axis_autoformat',-
BRDA:496,0,jump to line 497,-
BRDA:496,0,jump to line 502,-
BRDA:497,0,jump to line 498,-
BRDA:497,0,jump to line 499,-
BRDA:499,0,jump to line 500,-
BRDA:499,0,return from function 'axis_autoformat',-
BRDA:502,0,jump to line 504,-
BRDA:502,0,return from function 'axis_autoformat',-
BRDA:511,0,jump to line 512,-
BRDA:511,0,return from function 'add_text_fields',-
BRDA:512,0,jump to line 513,-
BRDA:512,0,return from function 'add_text_fields',-
BRDA:514,0,jump to line 517,-
BRDA:514,0,jump to line 519,-
BRDA:520,0,jump to line 521,-
BRDA:520,0,jump to line 528,-
BRDA:537,0,jump to line 538,-
BRDA:537,0,return from function 'annotate',-
BRDA:539,0,jump to line 540,-
BRDA:539,0,jump to line 542,-
BRDA:543,0,jump to line 544,-
BRDA:543,0,return from function 'annotate',-
BRDA:544,0,jump to line 545,-
BRDA:544,0,jump to line 547,-
BRDA:556,0,jump to line 557,-
BRDA:556,0,jump to line 558,-
BRDA:558,0,jump to line 559,-
BRDA:558,0,jump to line 561,-
BRDA:561,0,jump to line 562,-
BRDA:561,0,return from function 'add_reference_lines_and_spans',-
BRDA:569,0,jump to line 570,-
BRDA:569,0,jump to line 575,-
BRDA:580,0,jump to line 581,-
BRDA:580,0,jump to line 583,-
BRDA:584,0,jump to line 585,-
BRDA:584,0,jump to line 587,-
BRDA:596,0,jump to line 597,-
BRDA:596,0,jump to line 603,-
BRDA:598,0,jump to line 599,-
BRDA:598,0,jump to line 601,-
BRDA:613,0,jump to line 614,-
BRDA:613,0,jump to line 627,-
BRDA:659,0,jump to line 660,-
BRDA:659,0,jump to line 699,-
BRDA:663,0,jump to line 664,-
BRDA:663,0,jump to line 671,-
BRDA:680,0,jump to line 681,-
BRDA:680,0,jump to line 687,-
BRDA:804,0,jump to line 805,-
BRDA:804,0,jump to line 815,-
BRDA:819,0,jump to line 820,-
BRDA:819,0,jump to line 828,-
BRDA:829,0,jump to line 830,-
BRDA:829,0,jump to line 834,-
BRDA:851,0,jump to line 852,-
BRDA:851,0,jump to line 869,-
BRDA:854,0,jump to line 851,-
BRDA:854,0,jump to line 855,-
BRDA:873,0,jump to line 874,-
BRDA:873,0,jump to line 882,-
BRDA:883,0,jump to line 884,-
BRDA:883,0,jump to line 888,-
BRF:214
BRH:0
end_of_record
SF:src\digitalmodel\custom\PipeSizing.py
DA:1,1
DA:4,1
DA:5,1
DA:6,0
DA:7,0
DA:9,1
DA:10,0
DA:11,0
DA:13,0
DA:14,0
DA:16,0
DA:18,1
DA:19,0
DA:20,0
DA:25,0
DA:26,0
DA:31,0
DA:32,0
DA:37,0
DA:38,0
DA:40,1
DA:41,0
DA:42,0
DA:43,0
DA:44,0
DA:45,0
DA:46,0
DA:48,0
DA:49,0
DA:50,0
DA:54,0
DA:69,1
DA:70,0
DA:71,0
DA:72,0
DA:73,0
DA:74,0
DA:75,0
DA:78,0
DA:82,0
DA:86,0
DA:90,0
DA:95,0
DA:112,1
DA:113,0
DA:114,0
DA:122,0
DA:126,0
DA:130,0
DA:135,0
DA:140,0
DA:144,1
DA:145,0
DA:146,0
DA:149,1
DA:150,0
DA:151,0
DA:152,0
DA:153,0
DA:155,0
DA:156,0
DA:158,0
DA:160,1
DA:161,0
DA:162,0
DA:163,0
DA:164,0
DA:166,0
DA:168,1
DA:169,0
DA:173,0
DA:174,0
DA:175,0
DA:177,0
DA:179,1
DA:180,0
DA:184,0
DA:185,0
DA:186,0
DA:188,0
DA:190,1
DA:192,0
DA:193,0
DA:194,0
DA:195,0
DA:197,0
DA:199,0
DA:201,1
DA:202,0
DA:203,0
DA:213,0
DA:225,0
DA:226,0
DA:237,0
DA:251,0
DA:252,0
DA:265,0
DA:280,0
DA:285,0
DA:287,1
DA:288,0
LF:101
LH:16
FN:5,7,PipeSizing.__init__
FNDA:0,PipeSizing.__init__
FN:9,16,PipeSizing.evaluate_pipe_system_properties
FNDA:0,PipeSizing.evaluate_pipe_system_properties
FN:18,38,PipeSizing.pipe_properties
FNDA:0,PipeSizing.pipe_properties
FN:40,67,PipeSizing.pipe_section_properties
FNDA:0,PipeSizing.pipe_section_properties
FN:69,110,PipeSizing.get_fea_properties
FNDA:0,PipeSizing.get_fea_properties
FN:112,142,PipeSizing.system_properties
FNDA:0,PipeSizing.system_properties
FN:144,146,PipeSizing.get_pipe_system_properties
FNDA:0,PipeSizing.get_pipe_system_properties
FN:149,158,PipeSizing.pipeProperties
FNDA:0,PipeSizing.pipeProperties
FN:160,166,PipeSizing.steelSectionProperties
FNDA:0,PipeSizing.steelSectionProperties
FN:168,177,PipeSizing.insulationSectionProperties
FNDA:0,PipeSizing.insulationSectionProperties
FN:179,188,PipeSizing.buoyancySectionProperties
FNDA:0,PipeSizing.buoyancySectionProperties
FN:190,199,PipeSizing.sectionProperties
FNDA:0,PipeSizing.sectionProperties
FN:201,285,PipeSizing.equivalentPipe
FNDA:0,PipeSizing.equivalentPipe
FN:287,288,PipeSizing.buoyancyFactorAndDiameter
FNDA:0,PipeSizing.buoyancyFactorAndDiameter
FNF:14
FNH:0
BRDA:10,0,jump to line 11,-
BRDA:10,0,jump to line 13,-
BRDA:13,0,jump to line 14,-
BRDA:13,0,jump to line 16,-
BRDA:19,0,jump to line 20,-
BRDA:19,0,jump to line 25,-
BRDA:25,0,jump to line 26,-
BRDA:25,0,jump to line 31,-
BRDA:31,0,jump to line 32,-
BRDA:31,0,jump to line 37,-
BRDA:113,0,jump to line 114,-
BRDA:113,0,jump to line 140,-
BRDA:152,0,jump to line 153,-
BRDA:152,0,jump to line 155,-
BRDA:202,0,jump to line 203,-
BRDA:202,0,jump to line 225,-
BRDA:225,0,jump to line 226,-
BRDA:225,0,jump to line 251,-
BRDA:251,0,jump to line 252,-
BRDA:251,0,jump to line 280,-
BRF:20
BRH:0
end_of_record
SF:src\digitalmodel\custom\__init__.py
end_of_record
SF:src\digitalmodel\custom\aqwa\__init__.py
end_of_record
SF:src\digitalmodel\custom\aqwa\aqwa_analysis.py
DA:1,0
DA:2,0
DA:3,0
DA:5,0
DA:9,0
DA:13,0
LF:6
LH:0
FN:2,3,AqwaAnalysis.__init__
FNDA:0,AqwaAnalysis.__init__
FN:5,13,AqwaAnalysis.analysis_router
FNDA:0,AqwaAnalysis.analysis_router
FNF:2
FNH:0
end_of_record
SF:src\digitalmodel\engine.py
DA:1,1
DA:2,1
DA:3,1
DA:4,1
DA:5,1
DA:8,1
DA:9,1
DA:10,1
DA:13,1
DA:16,1
DA:17,1
DA:18,1
DA:19,1
DA:20,1
DA:23,1
DA:24,1
DA:25,1
DA:28,1
DA:29,1
DA:30,1
DA:31,1
DA:32,1
DA:33,1
DA:34,1
DA:35,1
DA:37,1
DA:38,1
DA:39,1
DA:42,1
DA:43,0
DA:44,0
DA:45,0
DA:46,0
DA:47,0
DA:48,0
DA:49,0
DA:51,0
DA:52,0
DA:53,0
DA:54,0
DA:56,0
DA:58,0
DA:59,0
DA:60,0
DA:61,0
DA:62,0
DA:66,0
DA:70,0
DA:71,0
DA:73,0
DA:74,0
DA:75,0
DA:76,0
DA:78,0
DA:79,0
DA:80,0
DA:81,0
DA:82,0
DA:83,0
DA:84,0
DA:85,0
DA:86,0
DA:87,0
DA:88,0
DA:89,0
DA:90,0
DA:91,0
DA:92,0
DA:93,0
DA:94,0
DA:95,0
DA:96,0
DA:97,0
DA:98,0
DA:99,0
DA:100,0
DA:101,0
DA:102,0
DA:103,0
DA:104,0
DA:105,0
DA:106,0
DA:107,0
DA:109,0
DA:110,0
DA:111,0
DA:112,0
DA:113,0
DA:114,0
DA:115,0
DA:116,0
DA:117,0
DA:118,0
DA:119,0
DA:120,0
DA:121,0
DA:122,0
DA:123,0
DA:124,0
DA:125,0
DA:126,0
DA:127,0
DA:128,0
DA:129,0
DA:130,0
DA:131,0
DA:132,0
DA:133,0
DA:134,0
DA:135,0
DA:136,0
DA:137,0
DA:138,0
DA:139,0
DA:140,0
DA:141,0
DA:142,0
DA:143,0
DA:144,0
DA:145,0
DA:146,0
DA:147,0
DA:148,0
DA:149,0
DA:150,0
DA:151,0
DA:152,0
DA:153,0
DA:155,0
DA:156,0
DA:157,0
DA:159,0
DA:160,0
DA:161,0
DA:163,0
DA:164,0
DA:165,0
DA:168,0
DA:171,0
DA:173,0
LF:140
LH:29
FN:42,173,engine
FNDA:0,engine
FNF:1
FNH:0
BRDA:44,0,jump to line 45,-
BRDA:44,0,jump to line 51,-
BRDA:48,0,jump to line 49,-
BRDA:48,0,jump to line 51,-
BRDA:51,0,jump to line 52,-
BRDA:51,0,jump to line 53,-
BRDA:53,0,jump to line 54,-
BRDA:53,0,jump to line 56,-
BRDA:58,0,jump to line 59,-
BRDA:58,0,jump to line 66,-
BRDA:70,0,jump to line 71,-
BRDA:70,0,jump to line 75,-
BRDA:75,0,jump to line 76,-
BRDA:75,0,jump to line 80,-
BRDA:80,0,jump to line 81,-
BRDA:80,0,jump to line 82,-
BRDA:82,0,jump to line 83,-
BRDA:82,0,jump to line 85,-
BRDA:85,0,jump to line 86,-
BRDA:85,0,jump to line 88,-
BRDA:88,0,jump to line 89,-
BRDA:88,0,jump to line 91,-
BRDA:91,0,jump to line 92,-
BRDA:91,0,jump to line 94,-
BRDA:94,0,jump to line 95,-
BRDA:94,0,jump to line 97,-
BRDA:97,0,jump to line 98,-
BRDA:97,0,jump to line 100,-
BRDA:100,0,jump to line 101,-
BRDA:100,0,jump to line 103,-
BRDA:103,0,jump to line 104,-
BRDA:103,0,jump to line 106,-
BRDA:106,0,jump to line 107,-
BRDA:106,0,jump to line 111,-
BRDA:111,0,jump to line 112,-
BRDA:111,0,jump to line 117,-
BRDA:112,0,jump to line 113,-
BRDA:112,0,jump to line 114,-
BRDA:114,0,jump to line 115,-
BRDA:114,0,jump to line 116,-
BRDA:117,0,jump to line 118,-
BRDA:117,0,jump to line 120,-
BRDA:120,0,jump to line 121,-
BRDA:120,0,jump to line 124,-
BRDA:124,0,jump to line 125,-
BRDA:124,0,jump to line 127,-
BRDA:127,0,jump to line 128,-
BRDA:127,0,jump to line 130,-
BRDA:130,0,jump to line 131,-
BRDA:130,0,jump to line 133,-
BRDA:133,0,jump to line 134,-
BRDA:133,0,jump to line 136,-
BRDA:136,0,jump to line 137,-
BRDA:136,0,jump to line 139,-
BRDA:139,0,jump to line 140,-
BRDA:139,0,jump to line 142,-
BRDA:142,0,jump to line 143,-
BRDA:142,0,jump to line 145,-
BRDA:145,0,jump to line 146,-
BRDA:145,0,jump to line 148,-
BRDA:148,0,jump to line 149,-
BRDA:148,0,jump to line 151,-
BRDA:151,0,jump to line 152,-
BRDA:151,0,jump to line 155,-
BRDA:155,0,jump to line 156,-
BRDA:155,0,jump to line 159,-
BRDA:159,0,jump to line 160,-
BRDA:159,0,jump to line 163,-
BRDA:163,0,jump to line 164,-
BRDA:163,0,jump to line 168,-
BRF:70
BRH:0
end_of_record
SF:src\digitalmodel\fea_model.py
DA:1,0
DA:4,0
DA:6,0
DA:8,0
DA:9,0
DA:10,0
DA:11,0
DA:14,0
LF:8
LH:0
FN:4,14,fea_model
FNDA:0,fea_model
FNF:1
FNH:0
end_of_record
SF:src\digitalmodel\modules\aqwa\aqwa_dat_files.py
DA:2,1
DA:3,1
DA:4,1
DA:7,1
DA:8,1
DA:9,1
DA:10,1
DA:11,1
DA:14,1
DA:16,1
DA:19,1
DA:20,1
DA:21,1
DA:22,1
DA:23,1
DA:26,1
DA:27,1
DA:28,1
DA:30,1
DA:31,0
DA:33,1
DA:34,0
DA:35,0
DA:36,0
DA:37,0
DA:38,0
DA:40,1
DA:42,0
DA:44,0
DA:45,0
DA:47,0
DA:48,0
DA:50,0
DA:52,1
DA:53,0
DA:54,0
DA:55,0
DA:56,0
DA:57,0
DA:58,0
DA:59,0
DA:60,0
DA:62,1
DA:63,0
DA:65,0
DA:66,0
DA:71,0
DA:72,0
DA:73,0
DA:75,0
DA:77,1
DA:78,0
DA:80,0
DA:81,0
DA:86,0
DA:87,0
DA:88,0
DA:90,0
DA:92,1
DA:93,0
DA:94,0
DA:95,0
DA:96,0
DA:97,0
DA:98,0
DA:99,0
DA:100,0
DA:101,0
DA:102,0
DA:103,0
DA:104,0
DA:106,0
DA:107,0
DA:109,0
DA:111,1
DA:112,0
DA:113,0
DA:114,0
DA:115,0
DA:117,0
DA:118,0
DA:119,0
DA:121,0
DA:122,0
DA:123,0
DA:129,0
DA:130,0
DA:136,0
DA:138,1
DA:139,0
DA:140,0
DA:141,0
DA:142,0
DA:143,0
DA:145,0
DA:146,0
DA:147,0
DA:149,0
DA:150,0
DA:151,0
DA:152,0
DA:153,0
DA:154,0
DA:155,0
DA:156,0
DA:157,0
DA:158,0
DA:159,0
DA:160,0
DA:161,0
DA:163,0
DA:164,0
DA:166,0
DA:168,1
DA:169,0
DA:170,0
DA:171,0
DA:172,0
DA:173,0
DA:174,0
DA:175,0
DA:176,0
DA:177,0
DA:178,0
DA:179,0
DA:181,0
DA:183,1
DA:184,0
DA:185,0
DA:186,0
DA:187,0
DA:188,0
DA:189,0
DA:190,0
DA:191,0
DA:192,0
DA:193,0
DA:195,0
DA:196,0
DA:197,0
DA:199,0
DA:201,1
DA:202,0
DA:203,0
DA:205,0
DA:206,0
DA:207,0
DA:208,0
DA:209,0
DA:210,0
DA:211,0
DA:212,0
DA:214,0
DA:215,0
DA:217,0
DA:218,0
DA:219,0
DA:220,0
DA:224,0
DA:226,0
DA:227,0
DA:228,0
DA:229,0
DA:230,0
DA:231,0
DA:232,0
DA:234,0
DA:235,0
DA:238,0
DA:240,0
DA:241,0
DA:243,0
DA:244,0
DA:246,0
DA:248,1
DA:250,0
DA:251,0
DA:252,0
DA:253,0
DA:254,0
DA:257,0
DA:258,0
DA:260,1
DA:261,0
DA:263,0
DA:265,0
DA:266,0
DA:267,0
DA:269,0
DA:270,0
DA:271,0
DA:273,0
DA:274,0
DA:275,0
DA:277,0
DA:278,0
DA:279,0
DA:281,0
DA:282,0
DA:283,0
DA:285,0
DA:286,0
DA:287,0
DA:289,0
DA:291,1
DA:292,0
DA:294,0
DA:296,0
DA:297,0
DA:298,0
DA:300,0
DA:301,0
DA:302,0
DA:304,0
DA:305,0
DA:306,0
DA:308,0
DA:309,0
DA:310,0
DA:312,0
DA:313,0
DA:314,0
DA:316,0
DA:317,0
DA:318,0
DA:320,0
DA:322,1
DA:323,0
DA:324,0
DA:326,0
DA:327,0
DA:329,0
DA:330,0
DA:331,0
DA:332,0
DA:333,0
DA:334,0
DA:335,0
DA:336,0
DA:337,0
DA:338,0
DA:339,0
DA:341,0
DA:342,0
DA:343,0
DA:344,0
DA:345,0
DA:346,0
DA:348,0
DA:350,0
DA:352,1
DA:353,0
DA:354,0
DA:356,0
DA:357,0
DA:359,0
DA:361,0
DA:363,1
DA:364,0
DA:365,0
DA:366,0
DA:367,0
DA:368,0
DA:369,0
DA:370,0
DA:378,0
DA:379,0
DA:380,0
DA:381,0
DA:382,0
DA:383,0
DA:385,0
DA:386,0
DA:387,0
DA:388,0
DA:389,0
DA:390,0
DA:392,0
DA:393,0
DA:394,0
DA:395,0
DA:396,0
DA:398,0
DA:400,1
DA:401,0
DA:402,0
DA:403,0
DA:404,0
DA:405,0
DA:406,0
DA:407,0
DA:408,0
DA:416,0
DA:417,0
DA:418,0
DA:419,0
DA:420,0
DA:421,0
DA:422,0
DA:425,0
DA:426,0
DA:428,0
DA:429,0
DA:430,0
DA:431,0
DA:432,0
DA:433,0
DA:435,0
DA:436,0
DA:437,0
DA:438,0
DA:439,0
DA:441,0
DA:443,1
DA:444,0
DA:445,0
DA:446,0
DA:448,0
DA:449,0
DA:450,0
DA:451,0
DA:452,0
DA:454,0
DA:455,0
DA:457,0
LF:325
LH:38
FN:27,28,AqwaDATFiles.__init__
FNDA:1,AqwaDATFiles.__init__
FN:30,31,AqwaDATFiles.router
FNDA:0,AqwaDATFiles.router
FN:33,38,AqwaDATFiles.process_all_data_categories
FNDA:0,AqwaDATFiles.process_all_data_categories
FN:40,50,AqwaDATFiles.get_dc_data
FNDA:0,AqwaDATFiles.get_dc_data
FN:52,60,AqwaDATFiles.write_dc_data
FNDA:0,AqwaDATFiles.write_dc_data
FN:62,75,AqwaDATFiles.get_dc_header
FNDA:0,AqwaDATFiles.get_dc_header
FN:77,90,AqwaDATFiles.get_dc_footer
FNDA:0,AqwaDATFiles.get_dc_footer
FN:92,109,AqwaDATFiles.get_dc_01_body
FNDA:0,AqwaDATFiles.get_dc_01_body
FN:111,136,AqwaDATFiles.get_dc_03_body
FNDA:0,AqwaDATFiles.get_dc_03_body
FN:138,166,AqwaDATFiles.get_dc_04_body
FNDA:0,AqwaDATFiles.get_dc_04_body
[...]
DA:632,0
DA:634,0
DA:636,0
DA:638,1
DA:642,0
DA:643,0
DA:644,0
DA:645,0
DA:646,0
DA:647,0
DA:651,0
DA:653,1
DA:658,0
DA:660,0
DA:661,0
DA:662,0
DA:663,0
DA:664,0
DA:665,0
DA:668,0
DA:671,0
DA:674,0
DA:676,0
DA:677,0
DA:680,0
DA:683,0
DA:686,0
DA:688,1
DA:692,0
DA:693,0
DA:694,0
DA:695,0
DA:697,1
DA:698,0
DA:700,0
DA:702,0
DA:703,0
DA:704,0
DA:705,0
DA:706,0
DA:707,0
DA:708,0
DA:711,0
DA:712,0
DA:713,0
DA:717,0
LF:391
LH:48
FN:32,33,TimeSeriesComponents.__init__
FNDA:1,TimeSeriesComponents.__init__
FN:35,73,TimeSeriesComponents.window_average_fft
FNDA:0,TimeSeriesComponents.window_average_fft
FN:75,86,TimeSeriesComponents.sample_window_average_fft
FNDA:0,TimeSeriesComponents.sample_window_average_fft
FN:88,100,TimeSeriesComponents.sample_fft
FNDA:0,TimeSeriesComponents.sample_fft
FN:102,148,TimeSeriesComponents.save_fft_results
FNDA:0,TimeSeriesComponents.save_fft_results
FN:150,167,TimeSeriesComponents.plot_fft_results
FNDA:0,TimeSeriesComponents.plot_fft_results
FN:169,176,TimeSeriesComponents.perform_fft_analysis
FNDA:0,TimeSeriesComponents.perform_fft_analysis
FN:178,240,TimeSeriesComponents.fft_analysis_for_df
FNDA:0,TimeSeriesComponents.fft_analysis_for_df
FN:242,252,TimeSeriesComponents.get_filtered_fft
FNDA:0,TimeSeriesComponents.get_filtered_fft
FN:254,309,TimeSeriesComponents.fft_window_analysis
FNDA:0,TimeSeriesComponents.fft_window_analysis
FN:311,341,TimeSeriesComponents.identify_signal_peaks
FNDA:0,TimeSeriesComponents.identify_signal_peaks
FN:343,374,TimeSeriesComponents.fft_analysis
FNDA:0,TimeSeriesComponents.fft_analysis
FN:376,416,TimeSeriesComponents.get_filtered_signal
FNDA:0,TimeSeriesComponents.get_filtered_signal
FN:418,467,TimeSeriesComponents.get_RAO
FNDA:0,TimeSeriesComponents.get_RAO
FN:469,475,TimeSeriesComponents.simple_moving_average
FNDA:0,TimeSeriesComponents.simple_moving_average
FN:477,498,TimeSeriesComponents.get_sma_for_df
FNDA:0,TimeSeriesComponents.get_sma_for_df
FN:500,510,TimeSeriesComponents.filter_by_value
FNDA:0,TimeSeriesComponents.filter_by_value
FN:512,542,TimeSeriesComponents.filter_by_value_for_df
FNDA:0,TimeSeriesComponents.filter_by_value_for_df
FN:544,552,TimeSeriesComponents.perform_statistics
FNDA:0,TimeSeriesComponents.perform_statistics
FN:554,570,TimeSeriesComponents.get_statistics_for_df
FNDA:0,TimeSeriesComponents.get_statistics_for_df
FN:572,577,TimeSeriesComponents.prepare_visualizations
FNDA:0,TimeSeriesComponents.prepare_visualizations
FN:579,611,TimeSeriesComponents.get_sample_time_series
FNDA:0,TimeSeriesComponents.get_sample_time_series
FN:613,616,TimeSeriesComponents.run_simple_fft_example
FNDA:0,TimeSeriesComponents.run_simple_fft_example
FN:623,636,TimeSeriesComponents.get_rainflow_count_from_time_series
FNDA:0,TimeSeriesComponents.get_rainflow_count_from_time_series
FN:638,651,TimeSeriesComponents.perform_custom_calculation_1
FNDA:0,TimeSeriesComponents.perform_custom_calculation_1
FN:653,686,TimeSeriesComponents.perform_custom_calculation_2
FNDA:0,TimeSeriesComponents.perform_custom_calculation_2
FN:688,695,TimeSeriesComponents.perform_integration
FNDA:0,TimeSeriesComponents.perform_integration
FN:697,717,TimeSeriesComponents.integration_for_df
FNDA:0,TimeSeriesComponents.integration_for_df
FNF:28
FNH:1
BRDA:39,0,jump to line 40,-
BRDA:39,0,return from function 'window_average_fft',-
BRDA:40,0,jump to line 39,-
BRDA:40,0,jump to line 41,-
BRDA:45,0,jump to line 46,-
BRDA:45,0,jump to line 59,-
BRDA:105,0,jump to line 106,-
BRDA:105,0,jump to line 113,-
BRDA:118,0,jump to line 119,-
BRDA:118,0,jump to line 136,-
BRDA:120,0,jump to line 121,-
BRDA:120,0,jump to line 128,-
BRDA:173,0,jump to line 174,-
BRDA:173,0,return from function 'perform_fft_analysis',-
BRDA:185,0,jump to line 186,-
BRDA:185,0,jump to line 236,-
BRDA:186,0,jump to line 187,-
BRDA:186,0,jump to line 189,-
BRDA:244,0,jump to line 245,-
BRDA:244,0,jump to line 248,-
BRDA:255,0,jump to line 256,-
BRDA:255,0,jump to line 258,-
BRDA:262,0,jump to line 263,-
BRDA:262,0,jump to line 265,-
BRDA:265,0,jump to line 266,-
BRDA:265,0,jump to line 268,-
BRDA:269,0,jump to line 270,-
BRDA:269,0,jump to line 283,-
BRDA:277,0,jump to line 278,-
BRDA:277,0,jump to line 280,-
BRDA:287,0,jump to line 288,-
BRDA:287,0,jump to line 296,-
BRDA:297,0,jump to line 298,-
BRDA:297,0,jump to line 303,-
BRDA:306,0,jump to line 307,-
BRDA:306,0,jump to line 309,-
BRDA:320,0,jump to line 321,-
BRDA:320,0,jump to line 326,-
BRDA:326,0,jump to line 327,-
BRDA:326,0,jump to line 331,-
BRDA:331,0,jump to line 332,-
BRDA:331,0,jump to line 341,-
BRDA:346,0,jump to line 347,-
BRDA:346,0,jump to line 348,-
BRDA:348,0,jump to line 349,-
BRDA:348,0,jump to line 351,-
BRDA:352,0,jump to line 353,-
BRDA:352,0,jump to line 355,-
BRDA:357,0,jump to line 358,-
BRDA:357,0,jump to line 360,-
BRDA:388,0,jump to line 392,-
BRDA:388,0,jump to line 414,-
BRDA:431,0,jump to line 433,-
BRDA:431,0,jump to line 439,-
BRDA:440,0,jump to line 441,-
BRDA:440,0,jump to line 444,-
BRDA:449,0,jump to line 450,-
BRDA:449,0,jump to line 467,-
BRDA:470,0,jump to line 471,-
BRDA:470,0,return from function 'simple_moving_average',-
BRDA:488,0,jump to line 489,-
BRDA:488,0,jump to line 498,-
BRDA:490,0,jump to line 491,-
BRDA:490,0,jump to line 498,-
BRDA:491,0,jump to line 492,-
BRDA:491,0,jump to line 494,-
BRDA:505,0,jump to line 506,-
BRDA:505,0,return from function 'filter_by_value',-
BRDA:518,0,jump to line 519,-
BRDA:518,0,jump to line 542,-
BRDA:519,0,jump to line 520,-
BRDA:519,0,jump to line 529,-
BRDA:520,0,jump to line 521,-
BRDA:520,0,jump to line 529,-
BRDA:521,0,jump to line 520,-
BRDA:521,0,jump to line 522,-
BRDA:529,0,jump to line 530,-
BRDA:529,0,jump to line 542,-
BRDA:530,0,jump to line 531,-
BRDA:530,0,jump to line 542,-
BRDA:531,0,jump to line 530,-
BRDA:531,0,jump to line 532,-
BRDA:545,0,jump to line 546,-
BRDA:545,0,return from function 'perform_statistics',-
BRDA:584,0,jump to line 585,-
BRDA:584,0,jump to line 596,-
BRDA:607,0,jump to line 608,-
BRDA:607,0,jump to line 611,-
BRDA:643,0,jump to line 644,-
BRDA:643,0,return from function 'perform_custom_calculation_1',-
BRDA:645,0,jump to line 643,-
BRDA:645,0,jump to line 646,-
BRDA:661,0,jump to line 662,-
BRDA:661,0,return from function 'perform_custom_calculation_2',-
BRDA:663,0,jump to line 664,-
BRDA:663,0,jump to line 676,-
BRDA:692,0,jump to line 693,-
BRDA:692,0,return from function 'perform_integration',-
BRDA:703,0,jump to line 704,-
BRDA:703,0,jump to line 717,-
BRDA:707,0,jump to line 703,-
BRDA:707,0,jump to line 708,-
BRDA:711,0,jump to line 703,-
BRDA:711,0,jump to line 712,-
BRF:104
BRH:0
end_of_record
SF:src\digitalmodel\modules\transformation\transformation.py
DA:1,1
DA:2,1
DA:3,0
DA:5,1
DA:6,0
DA:7,0
DA:8,0
DA:10,1
DA:14,0
DA:15,0
DA:18,0
DA:19,0
DA:22,0
DA:23,0
DA:31,0
LF:15
LH:4
FN:2,3,Transformation.__init__
FNDA:0,Transformation.__init__
FN:5,8,Transformation.router
FNDA:0,Transformation.router
FN:10,31,Transformation.get_transformation_groups
FNDA:0,Transformation.get_transformation_groups
FNF:3
FNH:0
BRDA:14,0,jump to line 15,-
BRDA:14,0,jump to line 18,-
BRDA:18,0,jump to line 19,-
BRDA:18,0,jump to line 22,-
BRDA:22,0,jump to line 23,-
BRDA:22,0,jump to line 31,-
BRF:6
BRH:0
end_of_record
SF:src\digitalmodel\modules\vertical_riser\vertical_riser.py
DA:9,1
DA:12,1
DA:14,0
DA:15,0
DA:16,0
DA:17,0
DA:18,0
DA:20,0
DA:21,0
DA:22,0
DA:23,0
DA:24,0
DA:25,0
LF:13
LH:2
FN:12,25,vertical_riser
FNDA:0,vertical_riser
FNF:1
FNH:0
BRDA:20,0,jump to line 21,-
BRDA:20,0,jump to line 25,-
BRF:2
BRH:0
end_of_record
SF:src\digitalmodel\modules\vertical_riser\vertical_riser_components.py
DA:1,1
DA:2,1
DA:4,1
DA:6,1
DA:7,1
DA:10,1
DA:13,1
DA:14,1
DA:17,1
DA:18,1
DA:19,0
DA:20,0
DA:22,1
DA:23,0
DA:25,1
DA:26,0
DA:27,0
DA:28,0
DA:29,0
DA:30,0
DA:32,0
DA:33,0
DA:34,0
DA:35,0
DA:36,0
DA:38,1
DA:39,0
DA:40,0
DA:41,0
DA:42,0
DA:43,0
DA:47,1
DA:48,0
DA:49,0
DA:52,0
DA:55,0
DA:56,0
DA:57,0
DA:58,0
DA:59,0
DA:60,0
DA:61,0
DA:62,0
DA:63,0
DA:69,0
DA:71,0
DA:73,0
DA:76,0
DA:80,0
DA:81,0
DA:87,0
DA:89,0
DA:90,0
DA:91,0
DA:92,0
DA:93,0
DA:94,0
DA:95,0
DA:97,0
DA:98,0
DA:99,0
DA:100,0
DA:101,0
DA:102,0
DA:103,0
DA:105,1
DA:106,0
DA:107,0
DA:109,1
DA:110,0
DA:111,0
DA:112,0
DA:116,0
DA:118,1
DA:120,0
DA:138,0
DA:139,0
DA:141,0
DA:147,0
DA:156,0
DA:161,0
DA:166,0
DA:167,0
DA:168,0
DA:174,0
DA:180,0
DA:188,0
DA:191,0
DA:192,0
DA:193,0
DA:194,0
DA:199,0
DA:208,0
DA:217,0
DA:220,0
DA:222,0
DA:223,0
DA:225,0
DA:227,0
DA:235,0
DA:252,0
DA:253,0
DA:254,0
DA:259,0
DA:261,1
DA:263,0
DA:264,0
DA:265,0
DA:266,0
DA:267,0
DA:268,0
DA:269,0
DA:270,0
DA:271,0
DA:272,0
DA:273,0
DA:274,0
DA:275,0
DA:276,0
DA:277,0
DA:278,0
DA:279,0
DA:281,0
DA:283,1
DA:284,0
DA:286,0
DA:291,0
DA:293,1
DA:294,0
DA:296,0
DA:300,0
DA:302,1
DA:303,0
DA:305,0
DA:313,0
DA:316,0
DA:318,1
DA:319,0
DA:321,1
DA:322,0
DA:323,0
DA:324,0
DA:326,1
DA:327,0
DA:328,0
DA:331,0
DA:332,0
DA:333,0
DA:334,0
DA:335,0
DA:341,0
DA:346,0
DA:348,1
DA:349,0
DA:350,0
DA:351,0
DA:353,0
DA:355,1
DA:356,0
DA:357,0
DA:359,1
DA:360,0
DA:362,1
DA:363,0
DA:364,0
DA:365,0
DA:366,0
DA:368,0
DA:370,1
DA:371,0
DA:378,0
DA:380,1
DA:382,0
DA:383,0
DA:384,0
DA:393,0
DA:394,0
DA:395,0
DA:396,0
DA:397,0
DA:399,1
DA:400,0
DA:403,0
LF:183
LH:31
FN:18,20,VerticalRiser.__init__
FNDA:0,VerticalRiser.__init__
FN:22,23,VerticalRiser.set_up_pipe_properties
FNDA:0,VerticalRiser.set_up_pipe_properties
FN:25,36,VerticalRiser.prepare_riser_model
FNDA:0,VerticalRiser.prepare_riser_model
FN:38,45,VerticalRiser.read_riser_input_data
FNDA:0,VerticalRiser.read_riser_input_data
FN:47,103,VerticalRiser.assign_key_properties_to_self
FNDA:0,VerticalRiser.assign_key_properties_to_self
FN:105,107,VerticalRiser.calculate_joint_properties
FNDA:0,VerticalRiser.calculate_joint_properties
FN:109,116,VerticalRiser.delete_unwanted_joint_rows
FNDA:0,VerticalRiser.delete_unwanted_joint_rows
FN:118,259,VerticalRiser.get_fea_properties
FNDA:0,VerticalRiser.get_fea_properties
FN:261,281,VerticalRiser.update_property_dictionary_to_si_units
FNDA:0,VerticalRiser.update_property_dictionary_to_si_units
FN:283,291,VerticalRiser.prepare_flexible_joint_data
FNDA:0,VerticalRiser.prepare_flexible_joint_data
FN:293,300,VerticalRiser.prepare_tensioner_data
FNDA:0,VerticalRiser.prepare_tensioner_data
FN:302,316,VerticalRiser.prepare_geotechnical_data
FNDA:0,VerticalRiser.prepare_geotechnical_data
FN:318,319,VerticalRiser.prepare_report_tables
FNDA:0,VerticalRiser.prepare_report_tables
FN:321,324,VerticalRiser.evaluate_stack_up_properties
FNDA:0,VerticalRiser.evaluate_stack_up_properties
FN:326,346,VerticalRiser.calculate_auxiliary_line_properties
FNDA:0,VerticalRiser.calculate_auxiliary_line_properties
FN:348,353,VerticalRiser.prepare_fea_model
FNDA:0,VerticalRiser.prepare_fea_model
FN:355,357,VerticalRiser.prepare_plots_and_save_data
FNDA:0,VerticalRiser.prepare_plots_and_save_data
FN:359,360,VerticalRiser.build_fea_model
FNDA:0,VerticalRiser.build_fea_model
FN:362,368,VerticalRiser.prepare_shear7_model
FNDA:0,VerticalRiser.prepare_shear7_model
FN:370,378,VerticalRiser.save_data
FNDA:0,VerticalRiser.save_data
FN:380,397,VerticalRiser.prepare_plots
FNDA:0,VerticalRiser.prepare_plots
FN:399,403,VerticalRiser.alter_properties_for_Shear7_software
FNDA:0,VerticalRiser.alter_properties_for_Shear7_software
FNF:22
FNH:0
BRDA:41,0,jump to line 42,-
BRDA:41,0,return from function 'read_riser_input_data',-
BRDA:57,0,jump to line 58,-
BRDA:57,0,jump to line 59,-
BRDA:59,0,jump to line 60,-
BRDA:59,0,jump to line 61,-
BRDA:61,0,jump to line 62,-
BRDA:61,0,jump to line 63,-
BRDA:63,0,jump to line 69,-
BRDA:63,0,jump to line 71,-
BRDA:89,0,jump to line 90,-
BRDA:89,0,jump to line 91,-
BRDA:91,0,jump to line 92,-
BRDA:91,0,jump to line 93,-
BRDA:93,0,jump to line 94,-
BRDA:93,0,jump to line 95,-
BRDA:97,0,jump to line 98,-
BRDA:97,0,jump to line 102,-
BRDA:98,0,jump to line 99,-
BRDA:98,0,jump to line 100,-
BRDA:100,0,jump to line 101,-
BRDA:100,0,return from function 'assign_key_properties_to_self',-
BRDA:102,0,jump to line 103,-
BRDA:102,0,return from function 'assign_key_properties_to_self',-
BRDA:106,0,jump to line 107,-
BRDA:106,0,return from function 'calculate_joint_properties',-
BRDA:166,0,jump to line 167,-
BRDA:166,0,jump to line 191,-
BRDA:191,0,jump to line 192,-
BRDA:191,0,jump to line 217,-
BRDA:222,0,jump to line 223,-
BRDA:222,0,jump to line 225,-
BRDA:252,0,jump to line 253,-
BRDA:252,0,jump to line 259,-
BRDA:253,0,jump to line 252,-
BRDA:253,0,jump to line 254,-
BRDA:333,0,jump to line 334,-
BRDA:333,0,jump to line 346,-
BRDA:334,0,jump to line 333,-
BRDA:334,0,jump to line 335,-
BRDA:335,0,jump to line 334,-
BRDA:335,0,jump to line 341,-
BRDA:382,0,jump to line 383,-
BRDA:382,0,return from function 'prepare_plots',-
BRF:44
BRH:0
end_of_record
SF:src\digitalmodel\modules\viv_analysis\viv_analysis.py
DA:2,1
DA:5,1
DA:6,1
DA:9,1
DA:11,1
DA:12,1
DA:15,1
DA:16,1
DA:17,0
DA:19,1
DA:20,0
DA:21,0
DA:22,0
DA:23,0
DA:25,0
DA:26,0
DA:27,0
DA:29,0
DA:31,1
DA:32,0
DA:33,0
DA:35,0
LF:22
LH:10
FN:16,17,VIVAnalysis.__init__
FNDA:0,VIVAnalysis.__init__
FN:19,29,VIVAnalysis.router
FNDA:0,VIVAnalysis.router
FN:31,35,VIVAnalysis.get_pipe_properties
FNDA:0,VIVAnalysis.get_pipe_properties
FNF:3
FNH:0
BRDA:21,0,jump to line 22,-
BRDA:21,0,jump to line 25,-
BRF:2
BRH:0
end_of_record
SF:src\digitalmodel\modules\viv_analysis\viv_analysis_legacy.py
DA:2,1
DA:3,0
DA:4,0
DA:6,0
DA:7,0
DA:9,0
DA:10,0
DA:11,0
DA:14,0
DA:15,0
DA:17,0
DA:20,1
DA:21,0
DA:22,0
DA:23,0
DA:24,0
DA:25,0
DA:28,1
DA:29,0
DA:30,0
DA:36,0
DA:44,0
DA:45,0
DA:47,0
DA:50,1
DA:51,0
DA:53,0
DA:55,0
DA:57,0
DA:59,0
DA:60,0
DA:61,0
DA:62,0
DA:64,0
DA:65,0
DA:67,0
DA:68,0
DA:69,0
DA:71,0
DA:75,0
DA:76,0
DA:79,0
DA:80,0
DA:81,0
DA:83,0
DA:87,0
DA:88,0
DA:89,0
DA:91,0
DA:93,0
DA:94,0
DA:95,0
LF:52
LH:4
FN:2,17,set_up_application
FNDA:0,set_up_application
FN:20,25,run_cfg_variations
FNDA:0,run_cfg_variations
FN:28,47,run_cfg_variations_by_type
FNDA:0,run_cfg_variations_by_type
FN:50,95,viv_analysis
FNDA:0,viv_analysis
FNF:4
FNH:0
BRDA:30,0,jump to line 36,-
BRDA:30,0,jump to line 47,-
BRDA:36,0,jump to line 44,-
BRDA:36,0,jump to line 47,-
BRDA:59,0,jump to line 60,-
BRDA:59,0,jump to line 64,-
BRDA:64,0,jump to line 65,-
BRDA:64,0,jump to line 71,-
BRDA:71,0,jump to line 75,-
BRDA:71,0,jump to line 83,-
BRDA:83,0,jump to line 87,-
BRDA:83,0,jump to line 93,-
BRF:12
BRH:0
end_of_record
SF:src\digitalmodel\modules\viv_analysis\viv_tubular_members.py
DA:2,1
DA:3,1
DA:6,1
DA:7,1
DA:10,1
DA:12,1
DA:13,1
DA:16,1
DA:17,1
DA:18,1
DA:20,1
DA:22,0
DA:23,0
DA:24,0
DA:28,0
DA:32,0
DA:34,1
DA:38,0
DA:39,0
DA:40,0
DA:42,0
DA:46,0
DA:48,0
DA:52,0
DA:54,0
DA:58,0
DA:60,0
DA:62,1
DA:63,0
DA:64,0
DA:65,0
DA:67,1
DA:69,0
DA:70,0
DA:72,0
DA:73,0
DA:75,0
DA:78,0
DA:82,0
DA:83,0
DA:85,0
DA:96,0
DA:97,0
DA:98,0
DA:107,0
DA:108,0
DA:118,0
DA:119,0
DA:128,0
DA:130,1
DA:139,0
DA:140,0
DA:141,0
DA:147,0
DA:148,0
DA:157,0
DA:158,0
DA:159,0
DA:165,0
DA:166,0
DA:175,1
DA:185,0
DA:186,0
DA:187,0
DA:188,0
DA:194,0
DA:195,0
DA:204,0
DA:205,0
DA:206,0
DA:212,0
DA:213,0
DA:222,1
DA:231,0
DA:232,0
DA:233,0
DA:239,0
DA:240,0
DA:249,0
DA:250,0
DA:251,0
DA:257,0
DA:258,0
DA:267,1
DA:268,0
DA:269,0
DA:270,0
DA:273,0
DA:274,0
DA:276,0
DA:287,0
DA:288,0
DA:289,0
DA:290,0
DA:291,0
DA:292,0
DA:293,0
DA:294,0
DA:295,0
DA:296,0
DA:298,0
DA:308,0
DA:310,1
DA:311,0
DA:328,0
DA:329,0
DA:330,0
DA:331,0
DA:332,0
DA:333,0
DA:334,0
DA:335,0
DA:337,0
DA:338,0
DA:339,0
DA:340,0
DA:341,0
DA:342,0
DA:343,0
DA:345,0
DA:360,0
DA:362,1
DA:363,0
DA:365,0
DA:369,0
DA:371,0
DA:372,0
DA:373,0
DA:375,0
DA:376,0
DA:377,0
DA:378,0
DA:379,0
DA:380,0
DA:384,0
DA:385,0
DA:386,0
DA:387,0
DA:388,0
DA:391,0
DA:393,0
DA:395,0
DA:403,0
DA:404,0
DA:406,1
DA:407,0
DA:409,0
DA:413,0
DA:415,0
DA:416,0
DA:417,0
DA:418,0
DA:419,0
DA:420,0
DA:421,0
DA:422,0
DA:423,0
DA:424,0
DA:425,0
DA:427,0
DA:428,0
DA:429,0
DA:430,0
DA:431,0
DA:432,0
DA:433,0
DA:435,0
DA:437,0
DA:443,0
DA:444,0
DA:446,1
DA:447,0
DA:451,0
DA:453,0
DA:454,0
DA:455,0
DA:456,0
DA:457,0
DA:459,0
DA:460,0
DA:461,0
DA:462,0
DA:463,0
DA:464,0
DA:465,0
DA:471,0
DA:472,0
DA:473,0
DA:474,0
DA:475,0
DA:476,0
DA:484,0
DA:486,0
DA:487,0
DA:488,0
DA:489,0
DA:490,0
DA:491,0
DA:499,0
DA:501,0
DA:503,0
DA:510,0
DA:511,0
LF:203
LH:22
FN:17,18,VIVTubularMembers.__init__
FNDA:1,VIVTubularMembers.__init__
FN:20,32,VIVTubularMembers.analyze
FNDA:0,VIVTubularMembers.analyze
FN:34,60,VIVTubularMembers.save_results
FNDA:0,VIVTubularMembers.save_results
FN:62,65,VIVTubularMembers.save_plots
FNDA:0,VIVTubularMembers.save_plots
FN:67,128,VIVTubularMembers.get_natural_frequencies
FNDA:0,VIVTubularMembers.get_natural_frequencies
FN:130,173,VIVTubularMembers.get_free_free_modes
FNDA:0,VIVTubularMembers.get_free_free_modes
FN:175,220,VIVTubularMembers.get_clamped_modes
FNDA:0,VIVTubularMembers.get_clamped_modes
FN:222,265,VIVTubularMembers.get_simply_supported_modes
FNDA:0,VIVTubularMembers.get_simply_supported_modes
FN:267,308,VIVTubularMembers.get_vs_frequencies
FNDA:0,VIVTubularMembers.get_vs_frequencies
FN:310,360,VIVTubularMembers.get_safety_factors
FNDA:0,VIVTubularMembers.get_safety_factors
FN:362,404,VIVTubularMembers.get_natural_frequencies_plot
FNDA:0,VIVTubularMembers.get_natural_frequencies_plot
FN:406,444,VIVTubularMembers.get_vs_frequencies_plot
FNDA:0,VIVTubularMembers.get_vs_frequencies_plot
FN:446,511,VIVTubularMembers.get_safety_factor_plot
FNDA:0,VIVTubularMembers.get_safety_factor_plot
FNF:13
FNH:1
BRDA:96,0,jump to line 97,-
BRDA:96,0,jump to line 128,-
BRDA:97,0,jump to line 98,-
BRDA:97,0,jump to line 107,-
BRDA:107,0,jump to line 108,-
BRDA:107,0,jump to line 118,-
BRDA:118,0,jump to line 96,-
BRDA:118,0,jump to line 119,-
BRDA:140,0,jump to line 141,-
BRDA:140,0,jump to line 148,-
BRDA:158,0,jump to line 159,-
BRDA:158,0,jump to line 166,-
BRDA:187,0,jump to line 188,-
BRDA:187,0,jump to line 195,-
BRDA:205,0,jump to line 206,-
BRDA:205,0,jump to line 213,-
BRDA:232,0,jump to line 233,-
BRDA:232,0,jump to line 240,-
BRDA:250,0,jump to line 251,-
BRDA:250,0,jump to line 258,-
BRDA:287,0,jump to line 288,-
BRDA:287,0,jump to line 308,-
BRDA:289,0,jump to line 287,-
BRDA:289,0,jump to line 290,-
BRDA:328,0,jump to line 329,-
BRDA:328,0,jump to line 360,-
BRDA:337,0,jump to line 328,-
BRDA:337,0,jump to line 338,-
BRDA:376,0,jump to line 377,-
BRDA:376,0,jump to line 393,-
BRDA:377,0,jump to line 376,-
BRDA:377,0,jump to line 378,-
BRDA:378,0,jump to line 377,-
BRDA:378,0,jump to line 379,-
BRDA:417,0,jump to line 418,-
BRDA:417,0,jump to line 435,-
BRDA:459,0,jump to line 460,-
BRDA:459,0,return from function 'get_safety_factor_plot',-
BRDA:460,0,jump to line 459,-
BRDA:460,0,jump to line 461,-
BRDA:463,0,jump to line 464,-
BRDA:463,0,jump to line 501,-
BRDA:464,0,jump to line 463,-
BRDA:464,0,jump to line 465,-
BRF:44
BRH:0
end_of_record
SF:src\digitalmodel\time_series.py
DA:2,0
DA:3,0
DA:4,0
DA:6,0
DA:8,0
DA:9,0
DA:10,0
DA:16,0
DA:19,0
DA:20,0
DA:21,0
DA:22,0
DA:23,0
DA:24,0
DA:27,0
DA:28,0
DA:29,0
DA:30,0
DA:31,0
DA:32,0
DA:33,0
DA:34,0
DA:36,0
DA:39,0
DA:40,0
DA:42,0
DA:44,0
DA:46,0
DA:48,0
DA:50,0
DA:52,0
DA:53,0
DA:54,0
DA:56,0
DA:57,0
DA:59,0
DA:60,0
DA:62,0
DA:63,0
DA:65,0
DA:66,0
DA:68,0
DA:69,0
DA:71,0
DA:72,0
DA:74,0
DA:75,0
DA:77,0
DA:79,0
DA:80,0
DA:81,0
LF:51
LH:0
FN:2,16,set_up_application
FNDA:0,set_up_application
FN:19,24,run_cfg_variations
FNDA:0,run_cfg_variations
FN:27,36,run_cfg_variations_by_type
FNDA:0,run_cfg_variations_by_type
FN:39,81,time_series
FNDA:0,time_series
FNF:4
FNH:0
BRDA:31,0,jump to line 32,-
BRDA:31,0,jump to line 36,-
BRDA:32,0,jump to line 33,-
BRDA:32,0,jump to line 36,-
BRDA:53,0,jump to line 54,-
BRDA:53,0,jump to line 56,-
BRDA:56,0,jump to line 57,-
BRDA:56,0,jump to line 59,-
BRDA:59,0,jump to line 60,-
BRDA:59,0,jump to line 62,-
BRDA:62,0,jump to line 63,-
BRDA:62,0,jump to line 65,-
BRDA:65,0,jump to line 66,-
BRDA:65,0,jump to line 68,-
BRDA:68,0,jump to line 69,-
BRDA:68,0,jump to line 71,-
BRDA:71,0,jump to line 72,-
BRDA:71,0,jump to line 74,-
BRDA:74,0,jump to line 75,-
BRDA:74,0,jump to line 77,-
BRF:20
BRH:0
end_of_record
